# Bundle file v0.3
9 275
0 0 0
0 0 0
0 0 0
0 0 0
0 0 0
0 0 0
0 0 0
0 0 0
0 0 0
0 0 0
0 0 0
0 0 0
0 0 0
0 0 0
0 0 0
0 0 0
0 0 0
0 0 0
0 0 0
0 0 0
0 0 0
0 0 0
0 0 0
0 0 0
0 0 0
0 0 0
0 0 0
0 0 0
0 0 0
0 0 0
-1.7235505969e+003 -1.0033745999e-002 -4.9105062899e-003
9.9738968601e-001 8.6409622705e-003 7.1687851150e-002
-4.3697907245e-002 8.6260197777e-001 5.0399238173e-001
-5.7483103029e-002 -5.0580941244e-001 8.6072790773e-001
-4.3850687819e-001 -1.4694119794e+000 4.0416452876e+000
-1.9152671693e+003 1.3702443134e-004 4.4233073889e-003
9.9407119312e-001 1.0817863023e-001 1.0947464492e-002
-9.3431880020e-002 7.9835928748e-001 5.9488900804e-001
5.5614268080e-002 -5.9238486819e-001 8.0373330224e-001
-1.2629171787e-001 -1.9445213654e+000 5.3338494338e+000
0 0 0
0 0 0
0 0 0
0 0 0
0 0 0
1.3294280750e+000 -6.0893192721e-001 2.7723606089e+000
175 175 175
2 6 474 279.6600 -169.5900 7 500 277.7600 -216.9100
1.5598928321e+000 -3.9235469303e-001 2.6693433725e+000
185 185 185
2 6 478 348.6100 -141.8800 7 507 346.7100 -200.2000
-4.0362752343e-001 7.6767255461e-001 2.2516956793e+000
255 255 255
2 6 252 -206.4900 106.0400 7 391 -120.7000 13.0200
1.5430806905e+000 -4.4490529604e-001 2.6509279312e+000
187 187 187
2 6 318 342.9000 -156.1000 7 335 340.6400 -212.2800
1.5598928321e+000 -3.9235469303e-001 2.6693433725e+000
185 185 185
2 6 477 348.6100 -141.8800 7 506 346.7100 -200.2000
1.6124719294e+000 -2.8640479744e-002 2.8106619133e+000
132 132 132
2 6 755 370.0600 -39.9400 7 785 374.1800 -110.9600
7.9298418868e-001 2.4649577725e-001 2.6332278135e+000
193 193 193
2 6 34 151.9900 9.5500 7 79 187.6400 -66.0800
2.7225394074e-001 4.2153639220e-001 2.6657731632e+000
47 47 47
2 6 38 7.9700 63.8500 7 85 57.8100 -12.7000
-3.9825452316e-001 7.9723466816e-001 2.2488487121e+000
31 31 31
2 6 40 -205.5600 113.6300 7 52 -118.5100 19.3100
-3.9825452316e-001 7.9723466816e-001 2.2488487121e+000
31 31 31
2 6 41 -205.5600 113.6300 7 53 -118.5100 19.3100
-3.9825452316e-001 7.9723466816e-001 2.2488487121e+000
31 31 31
2 6 42 -205.5600 113.6300 7 54 -118.5100 19.3100
-4.3408331295e-001 8.5515956496e-001 2.3103337861e+000
216 216 216
2 6 73 -214.1100 138.3500 7 87 -126.4700 44.1000
-3.3098153289e-001 2.0284107731e-001 2.2130957108e+000
24 24 24
2 6 62 -178.6100 -48.2000 7 72 -112.5500 -119.6800
9.1805821599e-001 2.5694267992e-001 2.5506435300e+000
130 130 130
2 6 124 188.8500 -0.3900 7 104 221.0500 -81.2400
8.8682352685e-001 2.2999860759e-001 2.6513361337e+000
17 17 17
2 6 173 178.1700 7.0500 7 192 210.5600 -68.8200
8.1935663028e-001 5.7950586814e-001 2.8161901279e+000
59 59 59
2 6 100 164.8600 116.5600 7 113 204.9900 30.5900
5.1132338348e-001 7.7305523065e-001 2.9202792829e+000
62 62 62
2 6 106 80.7700 181.7200 7 115 131.4200 95.6400
1.7010170677e+000 -4.4486470823e-001 2.4313966198e+000
174 174 174
2 6 117 393.0100 -193.0700 7 176 386.4700 -253.6000
8.5904888276e-001 5.0506147557e-001 2.7334263092e+000
75 75 75
2 6 130 174.6200 86.3400 7 140 214.2100 1.5400
2.3052723727e-001 4.7943153776e-001 2.6933278640e+000
109 109 109
2 6 183 -3.2000 82.3100 7 198 48.8100 5.0100
2.3052723727e-001 4.7943153776e-001 2.6933278640e+000
109 109 109
2 6 184 -3.2000 82.3100 7 199 48.8100 5.0100
7.6536320270e-001 5.5547019381e-001 2.7571778973e+000
32 32 32
2 6 187 149.1200 103.4600 7 144 191.2400 17.9200
-1.6615158860e-001 7.3502909873e-001 2.2641126170e+000
76 76 76
2 6 132 -133.1400 96.0600 7 197 -53.6900 1.1200
4.7001758976e-001 8.2478410169e-001 2.9466976793e+000
160 160 160
2 6 139 69.8000 198.4800 7 151 122.4000 111.9500
7.0937284423e-001 -1.6935144749e+000 3.9361351187e+000
29 29 29
2 6 217 112.2800 -204.1400 7 240 87.9300 -205.1700
1.8879316167e+000 4.9689363389e-003 2.4490053926e+000
189 189 189
2 6 163 462.0400 -89.3800 7 181 459.9000 -170.7300
1.8879316167e+000 4.9689363389e-003 2.4490053926e+000
189 189 189
2 6 164 462.0400 -89.3800 7 182 459.9000 -170.7300
1.5811939326e+000 -8.3512969496e-002 2.8199140353e+000
183 183 183
2 6 230 359.6400 -50.7500 7 249 363.1300 -119.2100
7.5954391250e-001 2.4911385518e-001 2.7147753953e+000
67 67 67
2 6 177 142.9000 22.1100 7 257 177.4700 -51.8700
9.0255408779e-001 6.0674769930e-001 2.8033901911e+000
19 19 19
2 6 192 188.3600 120.4800 7 205 228.7400 32.7800
3.0790216626e-001 5.8651806144e-001 2.6944553152e+000
48 48 48
2 6 189 19.1100 108.6700 7 273 72.7900 26.0900
-4.5973113698e-001 7.5198040489e-001 2.2419040008e+000
219 219 219
2 6 251 -223.9300 100.9500 7 268 -137.1400 9.3800
3.3198168571e-001 6.2484152060e-001 2.7255444263e+000
200 200 200
2 6 195 26.5000 122.0000 7 206 80.5200 38.7200
1.3390896727e+000 -5.3895466117e-001 2.7847369169e+000
173 173 173
2 6 319 283.9300 -152.7900 7 337 282.6500 -203.0300
8.5714962863e-001 2.0407050642e-001 2.6109278468e+000
33 33 33
2 6 353 170.2300 -4.0100 7 367 201.8200 -80.4700
1.0462833921e+000 2.8915785371e-001 2.6252290500e+000
48 48 48
2 6 237 225.4300 16.5800 7 254 253.9200 -65.5900
9.6222138430e-001 2.7228092754e-001 2.6549689540e+000
123 123 123
2 6 357 200.8300 17.4900 7 370 230.9800 -62.0500
6.9570037514e-001 2.7072947690e-001 2.7209284917e+000
30 30 30
2 6 243 125.8200 29.2500 7 258 161.5100 -45.3100
8.1998846030e-001 5.7340854443e-001 2.7855546817e+000
29 29 29
2 6 377 165.1700 111.2600 7 271 205.3300 24.4800
-4.2229780597e-001 9.5302148236e-001 2.3421651903e+000
181 181 181
2 6 264 -210.1800 169.8700 7 416 -120.7700 71.8300
-4.4685195218e-001 9.4826360610e-001 2.3440186339e+000
188 188 188
2 6 398 -217.3300 169.2000 7 417 -128.0700 71.5400
4.8871041960e-001 8.5154453723e-001 2.9650991559e+000
68 68 68
2 6 405 75.3100 207.1800 7 285 128.3000 120.1500
1.5035666046e+000 -1.6841151256e+000 3.2204730588e+000
116 116 116
2 6 289 290.3800 -310.1100 7 310 259.7700 -322.0600
1.5035666046e+000 -1.6841151256e+000 3.2204730588e+000
116 116 116
2 6 290 290.3800 -310.1100 7 311 259.7700 -322.0600
9.9855837666e-001 -1.5650022550e+000 3.8578181620e+000
107 107 107
2 6 313 174.6100 -195.5400 7 339 150.3700 -201.8000
-1.4163650620e-001 7.1963073133e-001 2.2452988011e+000
85 85 85
2 6 368 -126.6500 88.6100 7 383 -46.9400 -5.9300
-2.1741728773e-001 8.6681400243e-001 2.2952572040e+000
114 114 114
2 6 387 -149.0000 137.0000 7 403 -64.3100 38.3900
-2.8160500657e-001 9.1099813985e-001 2.3030889255e+000
195 195 195
2 6 390 -168.8000 151.1400 7 410 -81.5600 51.8000
-4.3973789251e-001 9.3626308482e-001 2.3195167391e+000
125 125 125
2 6 395 -216.7800 162.1300 7 584 -126.2000 64.9400
1.3126515810e+000 1.0299927148e+000 3.0751536050e+000
36 36 36
2 6 271 311.1600 257.8200 7 290 348.6800 153.9600
1.4289067197e+000 -1.7811474342e+000 3.1936273196e+000
114 114 114
2 6 432 271.6400 -330.2400 7 461 240.9500 -339.1600
1.1548391587e+000 -1.7802323316e+000 3.5571301221e+000
110 110 110
2 6 448 206.8100 -274.1100 7 478 178.5800 -279.2100
1.1548391587e+000 -1.7802323316e+000 3.5571301221e+000
110 110 110
2 6 449 206.8100 -274.1100 7 479 178.5800 -279.2100
1.1422006014e+000 -1.5501888229e+000 3.6943419515e+000
127 127 127
2 6 682 206.6100 -215.8500 7 491 181.9300 -225.0600
1.5455552752e+000 -3.8707148908e-001 2.6883221132e+000
137 137 137
2 6 714 344.6000 -137.4700 7 734 342.6700 -195.9400
1.5455552752e+000 -3.8707148908e-001 2.6883221132e+000
137 137 137
2 6 715 344.6000 -137.4700 7 735 342.6700 -195.9400
1.5722563129e+000 -3.3058218838e-001 2.6958237720e+000
185 185 185
2 6 484 352.9800 -124.4600 7 515 352.1900 -184.7900
1.8882723314e+000 -3.0664578424e-002 2.4222634793e+000
213 213 213
2 6 721 461.8800 -102.0800 7 750 458.9400 -182.2200
1.6166704953e+000 -1.9482943739e-001 2.7994272507e+000
198 198 198
2 6 497 365.0300 -80.2700 7 529 367.9300 -143.0800
8.6038729182e-001 2.2444498113e-001 2.6239643295e+000
162 162 162
2 6 764 171.3200 2.6400 7 794 203.4300 -74.2200
8.6038729182e-001 2.2444498113e-001 2.6239643295e+000
162 162 162
2 6 765 171.3200 2.6400 7 793 203.4300 -74.2200
-7.7916421351e-002 5.2587232440e-001 2.1328524659e+000
119 119 119
2 6 526 -109.9600 19.3400 7 797 -35.3000 -70.8700
-8.8999770151e-002 6.3784662677e-001 2.1725103476e+000
117 117 117
2 6 533 -112.6800 55.4200 7 804 -34.9800 -38.5700
4.4065948516e-001 7.4460369506e-001 2.8834677746e+000
62 62 62
2 6 566 60.1900 170.7700 7 847 112.3200 85.8800
-4.0762975814e-001 9.3488492455e-001 2.3296278195e+000
115 115 115
2 6 564 -206.2200 162.8700 7 582 -117.0000 65.2000
1.4571714190e+000 -1.7951676754e+000 3.1749836458e+000
111 111 111
2 6 604 278.0000 -335.9100 7 928 246.7600 -344.5700
1.3025804124e+000 -1.8629694104e+000 3.2785790860e+000
120 120 120
2 6 611 240.6100 -329.9100 7 640 209.9800 -335.8200
1.3676476449e+000 -1.7585068111e+000 3.2921509719e+000
117 117 117
2 6 624 256.8400 -310.8900 7 654 227.2600 -319.4500
1.1900900989e+000 -1.8342425873e+000 3.4387657971e+000
117 117 117
2 6 628 214.5900 -300.3500 7 661 185.5000 -305.2800
1.3274212985e+000 -1.7158815939e+000 3.3537437491e+000
121 121 121
2 6 636 247.9100 -293.9600 7 1011 219.3500 -303.1100
1.2210448631e+000 -1.6735414657e+000 3.5176279736e+000
111 111 111
2 6 651 223.2700 -262.1500 7 687 196.3700 -270.4100
1.2082116429e+000 -1.6614791047e+000 3.5315171167e+000
53 53 53
2 6 970 220.5300 -257.9800 7 1062 193.9400 -266.3600
1.3301365344e+000 -6.0061403206e-001 2.7953866199e+000
15 15 15
2 6 1053 279.6200 -164.3700 7 726 277.7500 -211.6800
1.3392883376e+000 -5.6496326775e-001 2.7658418525e+000
177 177 177
2 6 703 283.5900 -161.2600 7 1147 282.0900 -210.6300
1.5741451518e+000 -3.7310463902e-001 2.6488097843e+000
138 138 138
2 6 711 353.8300 -140.8100 7 1160 351.6100 -200.6300
1.8672757787e+000 -6.5675713398e-002 2.4393310471e+000
211 211 211
2 6 720 453.6600 -107.3800 7 747 450.5700 -185.4900
1.8973817453e+000 1.4911495655e-002 2.4496986714e+000
202 202 202
2 6 729 465.2500 -86.9500 7 760 462.7900 -168.9800
1.5739542116e+000 -2.3229189823e-001 2.7328193907e+000
137 137 137
2 6 726 355.5700 -96.9200 7 762 356.3900 -160.8500
1.8929550079e+000 2.7012472851e-002 2.4620819111e+000
119 119 119
2 6 731 463.7500 -82.1800 7 1207 462.0500 -164.3000
1.6231489025e+000 -1.3615839259e-001 2.7431983201e+000
134 134 134
2 6 1125 371.8800 -74.1300 7 1221 372.9600 -142.5500
1.5992160953e+000 -9.5555437601e-002 2.7790411685e+000
126 126 126
2 6 740 365.3900 -59.5300 7 777 368.2700 -128.4600
1.2657009158e+000 9.1976079276e-001 2.8560735346e+000
112 112 112
2 6 821 299.4800 204.5800 7 850 338.0600 99.2300
4.7246637508e-001 8.7310930062e-001 3.0004892187e+000
162 162 162
2 6 1293 71.8800 217.3600 7 1393 123.8300 129.9500
8.2428158324e-001 1.0691292720e+000 3.2259356712e+000
145 145 145
2 6 826 172.7700 288.4600 7 1405 220.0800 195.8900
1.5718304194e+000 -1.6376530634e+000 3.1078867907e+000
109 109 109
2 6 898 308.8300 -320.1100 7 1552 278.9200 -333.7000
1.2488242127e+000 -1.5706562858e+000 3.5240766669e+000
108 108 108
2 6 1527 231.3000 -243.5000 7 1774 205.3900 -254.8000
1.3048762204e+000 -5.8756898683e-001 2.7551382770e+000
186 186 186
2 6 1642 273.7400 -167.6700 7 1143 273.7300 -215.2100
1.8823429812e+000 -6.3959122966e-002 2.4556184695e+000
117 117 117
2 6 1102 457.4200 -104.5400 7 1192 453.6300 -182.7500
1.8778167920e+000 -8.3866196210e-003 2.4285275555e+000
131 131 131
2 6 1107 459.3500 -95.7500 7 1197 457.6000 -176.5100
1.9043059450e+000 7.4884219969e-002 2.4589597123e+000
134 134 134
2 6 1751 469.1200 -71.3500 7 2096 468.2700 -155.7700
7.9769140384e-001 1.9300231444e-001 2.6137762453e+000
33 33 33
2 6 1168 153.1400 -5.7000 7 1269 186.2000 -80.6700
1.9522955610e-001 5.9132502227e-001 2.6953495814e+000
135 135 135
2 6 1236 -12.9000 111.2800 7 1339 43.0800 30.1200
4.9828168668e-001 7.3876110219e-001 2.8973148807e+000
184 184 184
2 6 807 76.7800 170.5200 7 2281 126.7200 84.9600
1.5240648972e+000 -1.6274215720e+000 3.1622131308e+000
36 36 36
2 6 1406 297.5200 -308.9500 7 1586 267.4100 -323.2400
1.1939844396e+000 -1.5463798894e+000 3.6305360366e+000
108 108 108
2 6 1551 218.4500 -224.3100 7 1863 193.5700 -234.5200
1.0538488445e+000 -1.5802967827e+000 3.7602581688e+000
118 118 118
2 6 1567 186.5500 -211.4900 7 1923 162.2500 -218.5800
9.6329376022e-001 -1.6305096378e+000 3.8401897662e+000
116 116 116
2 6 1570 166.0200 -208.9000 7 1945 141.7500 -213.1000
1.9220777639e+000 -1.0274452248e-001 2.3671019695e+000
105 105 105
2 6 1692 471.1900 -128.4500 7 1971 465.4400 -206.4100
5.0479503814e-002 6.1831269228e-001 2.6309708807e+000
21 21 21
2 6 18 -56.4900 110.9900 7 55 5.9800 30.1700
5.0479503814e-002 6.1831269228e-001 2.6309708807e+000
21 21 21
2 6 19 -56.4900 110.9900 7 56 5.9800 30.1700
1.3980315809e+000 4.7677829116e-001 3.2072636055e+000
152 152 152
2 6 20 315.7900 131.8000 7 26 336.1400 53.4100
1.7991449935e-001 3.8408274672e-001 2.6682021096e+000
237 237 237
2 6 36 -18.5200 55.4900 7 84 32.9800 -17.4100
5.2387021252e-001 8.6791077365e-001 3.1410754455e+000
7 7 7
2 6 48 87.5000 230.9100 7 61 135.1700 147.1300
1.0937046318e+000 3.4162030267e-001 2.6865692330e+000
144 144 144
2 6 65 239.5300 37.6000 7 82 266.8100 -46.3500
1.1309775013e+000 3.6932012852e-001 2.7932040185e+000
25 25 25
2 6 67 249.0500 58.2100 7 83 274.9800 -24.6500
1.3253355468e+000 -5.9209582691e-001 2.7624000290e+000
178 178 178
2 6 84 279.4100 -167.3000 7 101 277.5500 -215.7200
1.9112271319e-001 2.9054047260e-001 2.6805838351e+000
83 83 83
2 6 94 -15.0300 34.2800 7 137 32.7800 -35.2900
8.1340604187e-001 5.3477715906e-001 2.7362294217e+000
212 212 212
2 6 98 162.1300 94.7100 7 141 203.6300 9.3700
8.1340604187e-001 5.3477715906e-001 2.7362294217e+000
212 212 212
2 6 99 162.1300 94.7100 7 142 203.6300 9.3700
2.9893626653e-001 -2.0013185378e+000 3.8635867261e+000
10 10 10
2 6 115 25.0800 -259.4400 7 98 -1.1900 -253.1800
9.9977010195e-001 2.9519411917e-001 2.6528723166e+000
143 143 143
2 6 125 212.0000 22.4200 7 135 241.6500 -58.7100
1.4521930328e-001 6.4366652655e-001 2.7367175244e+000
84 84 84
2 6 134 -26.3400 130.2100 7 146 31.7100 49.3600
-9.7716604698e-001 2.2602448750e-001 4.9588579868e+000
32 32 32
2 6 145 -220.7200 264.3500 7 229 -213.4000 268.1600
4.6224193371e-001 -2.4525953943e+000 3.8426459520e+000
44 44 44
2 6 150 55.6100 -335.8000 7 173 21.3600 -320.9900
1.4027719562e+000 -1.5958205432e+000 3.3407488438e+000
66 66 66
2 6 156 267.4200 -275.7000 7 174 239.7300 -288.6000
1.4499724797e+000 -1.1711473350e+000 3.0088325144e+000
176 176 176
2 6 158 292.6900 -247.6800 7 175 274.3600 -275.1700
3.5214340568e-001 -1.9447971671e+000 3.8969521626e+000
85 85 85
2 6 159 36.1100 -247.0500 7 130 11.1600 -240.8000
-1.0077178462e-001 6.7718934232e-001 2.1833542815e+000
112 112 112
2 6 182 -116.3000 67.7000 7 261 -37.0000 -27.3500
-1.7751331683e-001 7.6983790261e-001 2.2693370461e+000
199 199 199
2 6 188 -136.2800 106.8500 7 269 -56.4400 9.8600
1.8512990001e-001 6.5977781527e-001 2.8009898434e+000
33 33 33
2 6 196 -13.4300 141.9500 7 209 42.5500 61.5200
1.2765591834e+000 -1.9640450657e+000 3.3059252054e+000
38 38 38
2 6 208 232.4400 -342.9600 7 306 200.9400 -345.4300
1.4039549118e+000 -1.7551647258e+000 3.2362528042e+000
40 40 40
2 6 212 265.9400 -318.9700 7 307 235.8700 -328.3100
1.0123707492e+000 -1.5151317763e+000 3.8586656327e+000
51 51 51
2 6 218 178.1800 -187.0300 7 340 154.7500 -194.4200
-1.6671455145e-001 7.2199185993e-001 2.2246549922e+000
184 184 184
2 6 250 -134.9500 86.8800 7 264 -54.4800 -8.4900
4.4001345511e-001 6.1990725152e-001 2.7309309725e+000
103 103 103
2 6 259 57.2600 120.1900 7 402 108.8800 35.7700
-3.7382199113e-001 9.5486225847e-001 2.3257940419e+000
183 183 183
2 6 263 -196.6800 167.3300 7 283 -106.5900 68.6300
-4.8002135209e-001 9.6305864576e-001 2.3432608967e+000
114 114 114
2 6 266 -228.1000 173.2800 7 419 -136.9500 76.2100
1.3126515810e+000 1.0299927148e+000 3.0751536050e+000
36 36 36
2 6 270 311.1600 257.8200 7 289 348.6800 153.9600
-6.7441633178e-001 4.1396746646e-001 4.8557628782e+000
65 65 65
2 6 279 -162.0800 292.4000 7 303 -149.9500 285.7500
5.6070069500e-001 1.0541475848e+000 3.2892480661e+000
19 19 19
2 6 280 99.8900 293.1600 7 298 150.7200 207.8600
5.6070069500e-001 1.0541475848e+000 3.2892480661e+000
19 19 19
2 6 281 99.8900 293.1600 7 299 150.7200 207.8600
1.3076740691e+000 -1.8315054019e+000 3.3358819987e+000
99 99 99
2 6 288 241.2700 -316.5400 7 312 211.7100 -322.1300
8.5577802398e-001 -2.0491831101e+000 3.7088231297e+000
7 7 7
2 6 292 138.9600 -294.5200 7 320 108.7000 -290.8000
8.5577802398e-001 -2.0491831101e+000 3.7088231297e+000
7 7 7
2 6 293 138.9600 -294.5200 7 321 108.7000 -290.8000
1.4282310283e+000 -1.6275347537e+000 3.2812336251e+000
47 47 47
2 6 295 273.6300 -290.0600 7 314 244.7400 -303.0900
1.4282310283e+000 -1.6275347537e+000 3.2812336251e+000
47 47 47
2 6 296 273.6300 -290.0600 7 315 244.7400 -303.0900
1.2949019082e+000 -1.7156862141e+000 3.4130232847e+000
59 59 59
2 6 297 240.0600 -284.9300 7 316 211.5600 -293.6300
1.2949019082e+000 -1.7156862141e+000 3.4130232847e+000
59 59 59
2 6 298 240.0600 -284.9300 7 317 211.5600 -293.6300
8.0000131161e-001 -1.7607406769e+000 3.9165910700e+000
39 39 39
2 6 306 130.4200 -218.9600 7 495 104.3500 -219.1700
9.6778737930e-001 -1.5671289586e+000 3.8393160684e+000
40 40 40
2 6 312 168.1700 -197.8500 7 336 144.1800 -204.2300
1.3390896727e+000 -5.3895466117e-001 2.7847369169e+000
173 173 173
2 6 320 283.9300 -152.7900 7 338 282.6500 -203.0300
1.8775742146e+000 -5.6144521263e-002 2.4119019997e+000
206 206 206
2 6 325 458.1000 -109.7100 7 344 455.2000 -188.5800
-1.2132160775e-001 3.8170916585e-001 2.1304150108e+000
196 196 196
2 6 346 -122.3100 -18.6000 7 787 -51.1500 -101.4200
1.6301107016e+000 8.5549629921e-002 2.8353493295e+000
142 142 142
2 6 349 377.9400 -10.1400 7 364 383.8200 -85.6800
-6.0296383969e-002 5.0656673360e-001 2.1460240685e+000
204 204 204
2 6 356 -103.9700 15.9600 7 554 -30.7500 -73.2300
-6.1952307678e-002 5.8176579229e-001 2.1725990069e+000
185 185 185
2 6 362 -103.9600 40.0300 7 803 -28.9400 -51.8700
1.4486127080e+000 1.9096792372e-001 3.1134353957e+000
113 113 113
2 6 366 324.5900 53.2200 7 380 335.5000 -18.7000
-5.5971603074e-002 7.5689654517e-001 2.2932938628e+000
110 110 110
2 6 376 -99.0000 104.4000 7 388 -21.2200 8.4300
1.6553979031e-001 5.9143782757e-001 2.7154137573e+000
32 32 32
2 6 380 -20.8700 114.1900 7 399 35.1900 34.0200
-1.9609222616e-001 8.3215284857e-001 2.2828358857e+000
146 146 146
2 6 383 -142.7700 125.3500 7 573 -59.1100 27.7700
-3.1714100789e-001 8.2658842107e-001 2.3005095080e+000
240 240 240
2 6 385 -178.7700 127.6600 7 396 -93.6500 32.7200
-2.1741728773e-001 8.6681400243e-001 2.2952572040e+000
114 114 114
2 6 388 -149.0000 137.0000 7 404 -64.3100 38.3900
-3.1421078411e-001 9.2410168055e-001 2.3290466780e+000
191 191 191
2 6 393 -177.6700 158.6100 7 411 -90.2800 60.0600
-5.0884850651e-001 9.2751874289e-001 2.3309660508e+000
192 192 192
2 6 396 -236.7600 162.2300 7 413 -146.3700 66.4000
1.2189821730e+000 1.0254056729e+000 2.9492708879e+000
131 131 131
2 6 407 286.7500 243.8400 7 427 328.5500 137.6500
3.8314359856e-001 9.5199572170e-001 3.1119579926e+000
76 76 76
2 6 408 48.3400 250.3000 7 432 103.0300 165.8400
1.2259251630e+000 1.0290603526e+000 3.0260372568e+000
52 52 52
2 6 409 287.5600 253.2800 7 428 327.6500 149.0300
1.5049927200e+000 -1.7106200001e+000 3.1530037361e+000
42 42 42
2 6 436 291.1600 -325.0500 7 462 260.5300 -336.4700
8.6654224312e-001 -2.0741441210e+000 3.6910192450e+000
75 75 75
2 6 441 140.9600 -301.1200 7 472 110.2400 -297.0800
1.4142592220e+000 -1.6207049993e+000 3.3098524279e+000
99 99 99
2 6 447 270.0200 -284.6500 7 471 241.7000 -297.2900
8.5907981862e-001 -1.9614657746e+000 3.7776460477e+000
97 97 97
2 6 451 140.6200 -270.9300 7 480 111.3400 -268.5900
8.2026877119e-001 -1.8508982827e+000 3.8553183487e+000
50 50 50
2 6 460 133.6400 -242.1000 7 483 106.2900 -241.0700
1.3752243830e+000 -1.2153702322e+000 3.1191550140e+000
90 90 90
2 6 461 271.9600 -238.5800 7 482 253.5100 -263.4200
1.1706644223e+000 -1.4891425592e+000 3.6794333013e+000
121 121 121
2 6 467 213.7100 -207.6600 7 497 190.2300 -218.3300
9.5000157359e-001 -1.5475367851e+000 3.8910859280e+000
47 47 47
2 6 470 164.2100 -187.9600 7 509 141.0000 -193.5700
1.3294280750e+000 -6.0893192721e-001 2.7723606089e+000
175 175 175
2 6 473 279.6600 -169.5900 7 499 277.7600 -216.9100
1.5307976580e+000 -3.6443570927e-001 2.6966312734e+000
184 184 184
2 6 482 341.0600 -131.0600 7 514 340.0400 -190.1300
1.5619586128e+000 -2.9788305092e-001 2.7019038991e+000
160 160 160
2 6 488 351.2900 -115.9500 7 517 350.9200 -177.8000
1.8933989069e+000 7.0454134509e-002 2.4832285378e+000
205 205 205
2 6 501 464.8700 -68.3900 7 525 463.8000 -152.3700
8.2862302795e-001 1.8491015285e-001 2.6223181909e+000
150 150 150
2 6 519 161.7300 -6.7800 7 553 193.5900 -81.6700
5.4286091054e-001 3.1236045157e-001 2.7138651432e+000
35 35 35
2 6 531 83.7700 40.2700 7 377 123.9000 -34.3400
1.4857021725e+000 1.8185838978e-001 3.0885677869e+000
142 142 142
2 6 532 334.7100 47.4900 7 561 344.9000 -24.9400
4.2433460182e-001 6.7328965596e-001 2.7106943915e+000
199 199 199
2 6 555 52.9700 131.5900 7 577 106.8600 44.5600
-5.2440301478e-001 9.4215456683e-001 2.3435942449e+000
85 85 85
2 6 565 -241.0600 168.1000 7 588 -150.2800 72.4000
-4.5074606794e-001 9.7031910986e-001 2.3484853023e+000
115 115 115
2 6 569 -219.0400 175.6300 7 591 -128.2300 78.0000
1.1753978858e+000 1.1057392036e+000 3.1575596940e+000
75 75 75
2 6 582 272.2800 287.6800 7 434 314.7800 185.9800
8.0725724966e-001 1.0782083415e+000 3.2502361245e+000
62 62 62
2 6 584 167.8700 293.2300 7 438 215.8700 201.7700
1.2471783463e+000 -1.9397644807e+000 3.3104048016e+000
104 104 104
2 6 603 226.4500 -337.7000 7 636 195.5200 -340.9000
1.4080976462e+000 -1.8081418983e+000 3.2025572097e+000
56 56 56
2 6 607 266.3300 -333.2200 7 635 235.3000 -341.4400
1.6292711459e+000 -1.6293017641e+000 3.0522483337e+000
46 46 46
2 6 616 323.8700 -327.6300 7 631 292.4600 -342.6400
1.4918812237e+000 -1.6815573714e+000 3.1641570987e+000
92 92 92
2 6 619 288.8000 -317.8900 7 647 258.4600 -330.3700
1.0738342583e+000 -1.9137041450e+000 3.5393875560e+000
88 88 88
2 6 631 187.4400 -298.0900 7 669 157.9400 -299.8400
7.9286103118e-001 -2.1040674981e+000 3.7465954983e+000
34 34 34
2 6 632 125.5800 -297.2800 7 672 94.2000 -292.3700
9.7335154817e-001 -1.9585035594e+000 3.6274848851e+000
47 47 47
2 6 639 165.0000 -292.0800 7 1031 135.3800 -291.6900
1.1834413834e+000 -1.7351520196e+000 3.4963927367e+000
43 43 43
2 6 644 214.1800 -275.2700 7 678 186.8100 -282.0000
6.9339751707e-001 -2.0444422208e+000 3.8903036866e+000
76 76 76
2 6 648 105.7800 -267.6000 7 692 75.7300 -261.8700
6.4199204030e-001 -2.0770819682e+000 3.9317333861e+000
73 73 73
2 6 650 95.2100 -266.8400 7 695 64.6700 -259.9100
1.1686663371e+000 -1.6445716407e+000 3.5865393117e+000
109 109 109
2 6 662 211.5800 -247.1200 7 1082 185.7400 -255.0200
1.2776465667e+000 -1.5416892861e+000 3.4916067902e+000
110 110 110
2 6 664 238.3400 -243.4400 7 697 213.1500 -255.5400
1.2290806029e+000 -1.5851814496e+000 3.5535646871e+000
55 55 55
2 6 667 226.0600 -242.0700 7 1087 200.7300 -251.9900
6.0744053823e-001 -1.8914581002e+000 4.0859881604e+000
74 74 74
2 6 680 90.2700 -217.0000 7 725 62.1900 -211.8600
1.1422006014e+000 -1.5501888229e+000 3.6943419515e+000
127 127 127
2 6 683 206.6100 -215.8500 7 490 181.9300 -225.0600
9.2276846217e-001 -1.6168446858e+000 3.9089283408e+000
90 90 90
2 6 689 157.6600 -197.1500 7 733 133.1700 -201.0600
1.3356880376e+000 -6.2244419454e-001 2.7430533223e+000
32 32 32
2 6 697 281.5300 -176.9600 7 1897 279.3100 -224.2700
9.8907309146e-001 -1.4694556365e+000 3.8874634064e+000
51 51 51
2 6 700 174.0500 -174.9000 7 749 150.7800 -183.4800
1.0272453735e+000 9.8535453402e-002 2.4047901918e+000
94 94 94
2 6 738 218.0000 -62.3700 7 532 245.6300 -140.0600
1.5866064091e+000 -1.1173329615e-001 2.8027864859e+000
187 187 187
2 6 741 360.6800 -59.7100 7 778 363.5700 -127.3400
-3.9330789909e-001 1.8404082424e-001 2.2144772449e+000
207 207 207
2 6 744 -196.6300 -52.0600 7 782 -129.7200 -121.5900
1.6124719294e+000 -2.8640479744e-002 2.8106619133e+000
132 132 132
2 6 754 370.0600 -39.9400 7 784 374.1800 -110.9600
4.6771358383e-001 5.9750096024e-001 2.7231989333e+000
49 49 49
2 6 793 65.2300 113.4700 7 821 115.0200 28.7600
3.2619273605e-001 6.0472640220e-001 2.7002861419e+000
42 42 42
2 6 794 24.4200 113.7900 7 822 78.3300 30.5300
4.6055299003e-001 7.4532964273e-001 2.9002807742e+000
183 183 183
2 6 810 66.1600 172.8700 7 1376 117.1900 87.8700
5.7678954785e-001 8.0481349691e-001 2.9459949784e+000
139 139 139
2 6 818 99.2800 191.8700 7 1385 149.9100 104.9800
-1.2470058714e+000 4.5519961898e-001 4.9753298177e+000
109 109 109
2 6 829 -278.7400 313.3700 7 885 -268.8600 318.3600
-1.3134467222e+000 4.6822597587e-001 4.9389228892e+000
111 111 111
2 6 830 -294.7800 313.4900 7 888 -283.6700 319.0000
-1.3134467222e+000 4.6822597587e-001 4.9389228892e+000
111 111 111
2 6 831 -294.7800 313.4900 7 889 -283.6700 319.0000
1.0672656726e+000 -2.1210353845e+000 3.4099564192e+000
98 98 98
2 6 850 183.7400 -350.8800 7 921 151.4600 -348.5700
1.2126395251e+000 -1.9916117212e+000 3.3198722483e+000
48 48 48
2 6 859 218.0500 -344.4100 7 926 186.3100 -346.4700
1.1984478021e+000 -2.0036374574e+000 3.3356285802e+000
99 99 99
2 6 860 214.2700 -344.2500 7 927 183.1500 -345.1900
1.2798279434e+000 -1.9181413560e+000 3.2721508414e+000
37 37 37
2 6 869 234.6000 -339.9900 7 929 203.4200 -344.3900
1.2148529706e+000 -1.9174293654e+000 3.3974164302e+000
102 102 102
2 6 897 219.0300 -320.6700 7 971 188.3000 -323.9800
1.3517674212e+000 -1.7936229971e+000 3.2956773305e+000
45 45 45
2 6 900 252.6800 -316.1200 7 970 222.4600 -323.9000
1.2793909532e+000 -1.8473528198e+000 3.3704441391e+000
33 33 33
2 6 906 234.5400 -313.6600 7 982 204.5500 -318.8800
1.5158303202e+000 -1.6112798116e+000 3.1816938632e+000
100 100 100
2 6 914 295.2900 -303.3700 7 985 266.2900 -317.3000
1.0840159282e+000 -1.9174231750e+000 3.5104803072e+000
38 38 38
2 6 917 189.9700 -302.6700 7 1007 159.9500 -305.0600
1.5278411085e+000 -1.5782998698e+000 3.1877987408e+000
40 40 40
2 6 926 298.6100 -296.8100 7 993 270.1400 -311.5300
9.3597768174e-001 -1.9994028334e+000 3.6520073726e+000
37 37 37
2 6 932 156.4200 -295.1100 7 1029 126.5700 -293.2400
1.3924392262e+000 -1.6126678928e+000 3.3189424219e+000
31 31 31
2 6 941 264.9200 -281.8200 7 1024 237.4700 -294.1400
1.4643957592e+000 -1.5481793747e+000 3.2904153125e+000
131 131 131
2 6 951 283.1400 -275.3400 7 1034 255.5600 -290.1700
1.2544783716e+000 -1.6845272276e+000 3.4418156750e+000
50 50 50
2 6 953 231.2200 -275.0600 7 1046 203.9800 -283.9000
1.3404581023e+000 -1.5982781993e+000 3.4031644152e+000
112 112 112
2 6 959 252.5000 -266.4400 7 1702 225.4900 -278.4400
1.3137801970e+000 -1.5863986671e+000 3.4482400964e+000
108 108 108
2 6 971 246.2200 -257.6500 7 1059 219.5900 -269.4600
1.1144510231e+000 -1.6957062122e+000 3.6152846046e+000
113 113 113
2 6 977 198.9600 -251.1900 7 1081 172.3700 -257.6500
1.2626725155e+000 -1.1620908658e+000 3.2634383773e+000
166 166 166
2 6 1007 244.4200 -206.3400 7 1874 228.2700 -230.5300
9.1319779478e-001 -1.5492259814e+000 3.9828516162e+000
104 104 104
2 6 1040 156.4800 -176.1100 7 1196 132.4500 -180.8900
1.5590589245e+000 -4.2843470736e-001 2.6546377922e+000
138 138 138
2 6 1062 347.8800 -151.9000 7 1961 344.9000 -209.2800
1.9209538503e+000 -1.0745768958e-001 2.3534220223e+000
165 165 165
2 6 1079 471.3400 -131.7500 7 1959 465.4600 -209.7200
1.8984988767e+000 -2.0417349842e-002 2.4285499224e+000
112 112 112
2 6 1105 464.9200 -98.8200 7 2057 461.9600 -179.3600
1.5747322466e+000 -1.2346088148e-001 2.7859764150e+000
102 102 102
2 6 1132 357.4300 -64.7600 7 2122 360.8100 -131.8600
1.9158914897e+000 1.3004823589e-001 2.4692219583e+000
213 213 213
2 6 1138 474.3500 -56.5500 7 1220 474.3500 -143.5000
-3.6782785445e-001 2.5212209969e-001 2.2172880239e+000
179 179 179
2 6 1150 -190.0600 -34.9800 7 1250 -121.3500 -107.4100
7.9045410936e-001 1.6932697300e-001 2.6383217114e+000
145 145 145
2 6 1167 150.6200 -7.9200 7 2158 183.0300 -81.1500
8.1790458659e-001 2.0442094664e-001 2.6410874901e+000
138 138 138
2 6 1174 159.0100 0.7300 7 1272 191.3200 -74.4600
7.9795586985e-001 2.1774468615e-001 2.6551896680e+000
215 215 215
2 6 1176 153.5200 6.1000 7 1274 186.6200 -68.9500
1.8319688887e+000 2.9336256304e-001 2.6774612100e+000
155 155 155
2 6 1182 447.6500 15.0500 7 1271 453.5000 -74.6400
-8.7867836651e-002 5.1052621648e-001 2.1335603618e+000
207 207 207
2 6 1184 -113.0400 15.3100 7 1273 -38.3200 -73.6800
8.1236874330e-001 2.7134263698e-001 2.7197250035e+000
154 154 154
2 6 1189 158.0000 27.5900 7 1284 191.7600 -47.9000
8.1236874330e-001 2.7134263698e-001 2.7197250035e+000
154 154 154
2 6 1190 158.0000 27.5900 7 1285 191.7600 -47.9000
-4.1142869472e-001 6.4926861923e-001 2.1980091524e+000
162 162 162
2 6 1202 -209.7000 66.4800 7 1299 -126.4400 -23.1700
-3.4759008793e-001 8.4996250014e-001 2.2848825982e+000
178 178 178
2 6 1251 -189.0300 132.5000 7 1344 -102.2200 36.2600
-3.6697627092e-001 8.6703499489e-001 2.2968552276e+000
214 214 214
2 6 1257 -194.4900 139.1600 7 2248 -107.3200 42.6900
-1.4564233041e+000 4.8333853154e-001 4.9427719752e+000
68 68 68
2 6 1326 -324.2300 318.2700 7 1455 -314.7100 325.0000
-1.3647061954e+000 4.9745809000e-001 4.9614219775e+000
97 97 97
2 6 1328 -304.6600 321.6400 7 1458 -294.1800 327.7300
-1.3236514908e+000 5.5047599414e-001 5.0177584550e+000
110 110 110
2 6 1336 -294.2600 336.2200 7 1471 -283.6600 342.4500
1.2064773847e+000 -1.9391535908e+000 3.3761611641e+000
85 85 85
2 6 1374 216.8300 -327.5000 7 1566 186.3400 -330.0000
1.6551891340e+000 -1.5968958118e+000 3.0492018553e+000
109 109 109
2 6 1386 330.4400 -322.9800 7 1539 299.9000 -338.3800
1.1766791515e+000 -1.9247563212e+000 3.4218241202e+000
39 39 39
2 6 1391 210.4500 -317.8100 7 978 179.8100 -320.8000
1.5290426769e+000 -1.6691117124e+000 3.1550696849e+000
126 126 126
2 6 1394 297.5700 -317.7400 7 957 267.2500 -330.4000
1.5290426769e+000 -1.6691117124e+000 3.1550696849e+000
126 126 126
2 6 1395 297.5700 -317.7400 7 958 267.2500 -330.4000
7.4515122278e-001 -2.2210277057e+000 3.7335276702e+000
66 66 66
2 6 1397 114.3300 -317.5000 7 1617 82.0200 -309.5300
1.5240648972e+000 -1.6274215720e+000 3.1622131308e+000
36 36 36
2 6 1407 297.5200 -308.9500 7 1587 267.4100 -323.2400
1.3616998216e+000 -1.7416519860e+000 3.3290598537e+000
52 52 52
2 6 1420 255.5500 -302.3000 7 1611 225.7900 -311.4000
1.5354857850e+000 -1.5856330064e+000 3.1779777763e+000
104 104 104
2 6 1428 300.6000 -299.4900 7 1601 271.4400 -314.5000
1.5354857850e+000 -1.5856330064e+000 3.1779777763e+000
104 104 104
2 6 1429 300.6000 -299.4900 7 1602 271.4400 -314.5000
9.4848706920e-001 -1.9712326889e+000 3.6451417198e+000
82 82 82
2 6 1443 159.5800 -291.4000 7 1674 129.7900 -290.5900
7.7395853664e-001 -1.9403225389e+000 3.8898612102e+000
36 36 36
2 6 1508 123.2800 -251.6900 7 1819 94.3500 -248.4400
9.7953940838e-001 -1.7760373243e+000 3.7248159894e+000
43 43 43
2 6 1516 168.2900 -248.5500 7 1797 141.3200 -251.3500
9.4857519084e-001 -1.7636984540e+000 3.7066902063e+000
45 45 45
2 6 1518 161.8800 -248.5400 7 1799 135.6200 -251.6000
8.5787796538e-001 -1.8361094385e+000 3.8089614145e+000
91 91 91
2 6 1523 141.6500 -246.1400 7 1095 114.5200 -246.0500
9.7736342332e-001 -1.7630778888e+000 3.7306944076e+000
91 91 91
2 6 1524 167.9200 -245.6100 7 1817 141.2800 -248.5300
1.0503352727e+000 -1.6746915785e+000 3.6928838800e+000
96 96 96
2 6 1536 184.9500 -236.4100 7 1838 159.1100 -242.2500
1.2480665663e+000 -1.5033863921e+000 3.5747890443e+000
59 59 59
2 6 1548 231.4400 -225.0700 7 1855 207.2300 -236.9200
9.7639375589e-001 -1.6192833235e+000 3.8215952448e+000
60 60 60
2 6 1569 169.1700 -209.3700 7 1940 144.7300 -214.4100
1.7142505314e+000 -4.4179240084e-001 2.4304843418e+000
123 123 123
2 6 1602 396.5700 -192.9200 7 1786 390.2300 -253.2900
9.8112991826e-001 -1.5374215165e+000 3.8818893239e+000
98 98 98
2 6 1617 171.2900 -187.4400 7 2020 147.3400 -194.1500
1.4435058204e+000 -3.5925528763e-001 2.8144529555e+000
69 69 69
2 6 1717 315.1800 -111.1400 7 2080 315.5500 -168.1300
1.4599853277e+000 -2.8583132337e-001 2.8500466115e+000
136 136 136
2 6 1742 320.8200 -90.0000 7 2106 321.9800 -149.4900
1.9043247520e+000 9.6681773752e-002 2.4869117118e+000
221 221 221
2 6 1759 468.8600 -61.7100 7 2109 468.2200 -146.8200
1.9168590109e+000 1.4162679562e-001 2.4824974483e+000
136 136 136
2 6 1766 474.6700 -51.6000 7 2114 474.5100 -139.1000
7.9930354013e-001 1.8228772217e-001 2.5918211877e+000
119 119 119
2 6 1809 153.5300 -11.3800 7 2156 186.4600 -86.5200
7.9930354013e-001 1.8228772217e-001 2.5918211877e+000
119 119 119
2 6 1810 153.5300 -11.3800 7 2157 186.4600 -86.5200
-4.6176242725e-002 7.4745828133e-001 2.2768139617e+000
164 164 164
2 6 1867 -96.4800 99.5000 7 1318 -18.9100 3.1500
-1.7112706643e-001 9.5498333558e-001 2.4034239098e+000
146 146 146
2 6 1901 -131.2100 175.0500 7 2274 -47.5500 75.6400
-3.7944610282e-001 1.0316698747e+000 2.4250526135e+000
180 180 180
2 6 1909 -194.1900 201.7700 7 1383 -105.1500 102.9200
-1.3568425029e+000 4.2638362839e-001 4.9479795575e+000
101 101 101
2 6 1943 -302.4900 306.2400 7 2381 -293.1100 312.6400
