# Bundle file v0.3
26 673
0 0 0
0 0 0
0 0 0
0 0 0
0 0 0
0 0 0
0 0 0
0 0 0
0 0 0
0 0 0
-1.4274236346e+003 1.4247761263e-001 2.4545400293e-001
9.9941391469e-001 -9.4127083227e-003 -3.2912430069e-002
5.3478962639e-003 9.9257984232e-001 -1.2147697979e-001
3.3811642027e-002 1.2122977165e-001 9.9204844404e-001
-6.0016467852e-001 1.7316289438e-001 -1.8804820250e+000
-1.4477279874e+003 1.7754863538e-001 2.0844699725e-002
9.9957218114e-001 2.2645464674e-002 1.8510473312e-002
-1.9775230472e-002 9.8956164859e-001 -1.4274692258e-001
-2.1549824879e-002 1.4231980388e-001 9.8958611473e-001
-8.4497356213e-001 2.1502273703e-001 -1.7866059045e+000
1.4890310159e+003 1.7209563427e-001 2.4237922804e-002
-9.8266352477e-001 -2.8290213818e-003 -1.8537635699e-001
-2.2473191890e-002 -9.9069299729e-001 1.3424731197e-001
-1.8403084724e-001 1.3608593521e-001 9.7345429554e-001
1.3114153882e+000 -1.5822675148e-001 -1.5718858061e+000
1.3599137160e+004 4.4409757809e-002 7.8938906531e-005
9.2078884289e-001 2.8206315378e-003 3.9005121568e-001
-7.5261075957e-002 9.8246830489e-001 1.7056318577e-001
-3.8273186079e-001 -1.8640835263e-001 9.0485813739e-001
-1.9119418130e+000 -7.0426639210e-001 -1.3744491507e+001
1.4779573816e+003 -1.2910659181e-001 3.2860659614e-001
7.0515053439e-001 -7.2184220462e-002 7.0537377480e-001
-1.2823141391e-001 9.6541894704e-001 2.2698669823e-001
-6.9736606480e-001 -2.5051086804e-001 6.7150940176e-001
-2.7507833229e+000 -8.3813198721e-001 -2.6569942255e+000
1.4565712482e+003 -1.0117927694e-001 -8.2302499096e-002
7.6086643613e-001 -3.4858549914e-002 6.4797156408e-001
-1.4111999442e-001 9.6576830840e-001 2.1766194355e-001
-6.3337778106e-001 -2.5705341078e-001 7.2990145257e-001
-2.6603570286e+000 -7.9579607871e-001 -2.8666451987e+000
1.4656652758e+003 -8.9199188374e-002 -1.2508183520e-001
8.2253721931e-001 -3.1902586243e-002 5.6781576928e-001
-1.2180986154e-001 9.6537204724e-001 2.3069280016e-001
-5.5551316859e-001 -2.5891897460e-001 7.9016838972e-001
-2.4707645190e+000 -8.4379527008e-001 -3.0517725398e+000
1.4868204236e+003 -7.9359671449e-002 -6.8096510109e-002
8.6837595604e-001 -2.1939661530e-002 4.9542088190e-001
-1.1048961324e-001 9.6534916503e-001 2.3641707838e-001
-4.8344104536e-001 -2.6003776809e-001 8.3586189937e-001
-2.3160621095e+000 -8.6123957755e-001 -3.2007042496e+000
1.4818156432e+003 -8.1686713923e-002 3.4534924635e-002
9.2084412723e-001 -1.8842612459e-002 3.8947535133e-001
-8.5912119072e-002 9.6448257484e-001 2.4978484866e-001
-3.8034878879e-001 -2.6347356372e-001 8.8651930610e-001
-2.0375687203e+000 -9.1327496433e-001 -3.4044541190e+000
0 0 0
0 0 0
0 0 0
0 0 0
0 0 0
0 0 0
0 0 0
0 0 0
0 0 0
0 0 0
0 0 0
0 0 0
0 0 0
0 0 0
0 0 0
0 0 0
0 0 0
0 0 0
0 0 0
0 0 0
0 0 0
0 0 0
0 0 0
0 0 0
0 0 0
0 0 0
0 0 0
0 0 0
0 0 0
0 0 0
0 0 0
0 0 0
0 0 0
0 0 0
0 0 0
0 0 0
0 0 0
0 0 0
0 0 0
0 0 0
0 0 0
0 0 0
0 0 0
0 0 0
0 0 0
0 0 0
0 0 0
0 0 0
0 0 0
0 0 0
0 0 0
0 0 0
0 0 0
0 0 0
0 0 0
0 0 0
0 0 0
0 0 0
0 0 0
0 0 0
1.2637709884e+003 6.9846186117e-002 4.2599397342e-002
-9.2424901134e-001 -4.0836320629e-002 3.7959999995e-001
1.0298270242e-001 -9.8407569463e-001 1.4487784593e-001
3.6763885547e-001 1.7299543970e-001 9.1373642249e-001
-6.1174972559e-001 -3.0325242790e-001 -2.0607689801e+000
2.6891569915e+000 -1.0198320215e-003 7.1845694440e-003
8.0702431179e-001 -1.1022526627e-001 5.8013976838e-001
5.1887738808e-002 9.9186122472e-001 1.1627112047e-001
-5.8823415638e-001 -6.3731480202e-002 8.0617546210e-001
-2.1775330046e+000 -6.0987213334e-001 -1.9962402810e+000
1.4100429367e+003 1.2818471466e-001 -4.2285889398e-003
-9.8526710958e-001 -2.9920611526e-002 1.6838491556e-001
5.5972371898e-002 -9.8676824753e-001 1.5216937687e-001
1.6160388723e-001 1.5935238523e-001 9.7390502666e-001
1.7370338861e-001 -2.9059420872e-001 -1.9689737425e+000
5.6793639780e-001 2.2591694239e-001 3.0283186644e+000
133 129 120
3 2 806 -163.9100 40.0100 3 791 -256.0800 -5.2600 23 529 -4.8900 36.8500
5.2226029551e-001 3.7513589440e-001 3.0962828849e+000
42 35 24
2 2 1 -210.4200 198.0600 3 1 -284.4000 147.2500
9.9745728991e-001 -3.7372315784e-002 3.1013052784e+000
109 97 73
2 2 19 349.0700 -279.4300 3 6 243.9400 -331.5601
5.9882828141e-001 5.7036675810e-003 2.9874892966e+000
148 148 146
2 2 22 -130.0300 -235.2700 3 29 -241.5000 -275.0000
1.1164322386e+000 5.2501852534e-001 3.2312111266e+000
132 116 83
3 2 26 413.2500 314.6100 3 22 344.5400 253.6300 25 30 394.6800 251.3500
6.4246580147e-001 6.5482106816e-001 2.9580816177e+000
138 138 130
2 2 31 -78.7000 596.0000 3 40 -161.6400 519.1600
1.0322685145e+000 2.1037624392e-001 3.1563017011e+000
135 119 94
3 2 36 358.1100 4.4700 3 44 270.7000 -50.7900 4 48 323.6900 -38.8900
8.6367160797e-001 2.1548239954e-001 3.0341793953e+000
143 128 99
4 2 37 195.0600 27.3800 3 33 94.4000 -26.4000 4 30 118.8300 -18.6500 25 24 210.0900 -7.9700
6.4639115876e-001 2.7258434607e-001 2.9349682598e+000
152 148 139
2 2 45 -70.2500 119.8800 3 68 -175.7500 66.7800
6.5418402936e-001 5.8758015969e-001 2.9480086703e+000
143 139 130
2 2 49 -62.7800 515.4399 3 70 -151.2800 445.3400
7.3517633648e-001 -8.3610608208e-002 2.8446295388e+000
66 64 55
5 2 50 63.2200 -378.2800 3 55 -88.6100 -422.8300 4 55 -90.3800 -416.7000 25 49 109.5700 -418.9700 5 63 -147.2800 -425.8199
8.2988265848e-001 1.8375644627e-001 3.0528964554e+000
101 86 57
2 2 55 151.5200 -12.7900 3 63 52.7300 -64.6800
6.0321571123e-001 -1.1172778058e-001 3.0388280902e+000
64 71 68
2 2 65 -121.9600 -384.3101 3 71 -233.1500 -422.9000
1.0042445661e+000 2.5591415422e-001 3.1729290989e+000
59 50 31
2 2 76 320.4900 49.8100 3 66 237.4000 -3.7200
8.2906681208e-001 2.6457067675e-001 3.0549572602e+000
133 116 90
6 2 77 147.2800 82.1800 3 79 53.8800 27.9800 4 78 82.0800 32.8400 25 75 162.5000 49.2700 24 64 207.1200 46.2200 6 95 -35.3000 3.2800
8.5486100459e-001 4.5837324922e-001 3.0455180539e+000
139 128 110
2 2 79 175.9600 309.2600 3 87 87.2200 247.7400
4.5349849887e-001 -7.7715002458e-002 3.1969572715e+000
17 14 7
3 2 84 -278.7800 -323.5400 3 96 -366.0100 -357.9100 23 71 -233.9800 -354.8900
1.0692607747e+000 -6.0916539620e-002 3.1168307552e+000
108 101 82
3 2 87 431.0500 -306.7700 3 93 327.3700 -362.3500 4 70 382.8900 -358.7600
4.6963211270e-001 4.4310872751e-001 3.4610617550e+000
41 32 21
2 2 100 -220.0700 171.6900 3 141 -259.9700 130.3600
6.3013068314e-001 4.5390049130e-001 2.9628197987e+000
151 146 140
2 2 107 -91.5500 338.6799 3 151 -183.2700 279.8700
4.4521344799e-001 -7.8511147581e-002 3.1458050775e+000
118 119 113
2 2 119 -300.3100 -330.5601 3 94 -389.7400 -364.2800
6.9812599017e-001 -1.7202139748e-002 2.8584616966e+000
127 120 113
2 2 125 5.3300 -275.2000 3 131 -135.0400 -319.6801
4.3426355594e-001 6.3603011622e-002 3.1826017737e+000
142 135 125
2 2 126 -300.9100 -164.3400 3 172 -378.1300 -199.1700
1.1269288161e+000 5.2017065947e-001 3.2828801132e+000
86 75 49
3 2 140 407.3000 292.4000 3 148 343.8700 231.3300 4 123 413.8600 263.9200
8.1197848417e-001 5.4908243940e-001 3.0879555384e+000
83 70 44
3 2 146 116.6300 393.4800 3 292 40.9300 330.7000 25 137 139.7500 359.4500
7.0100972573e-001 -8.8772297823e-002 2.8452619183e+000
151 150 147
4 2 151 10.6300 -387.8300 3 159 -137.1000 -430.5699 4 158 -134.5900 -422.6300 5 170 -188.7000 -428.9700
9.4667356578e-001 -6.1573885519e-002 3.0302654979e+000
75 69 50
3 2 152 310.6100 -317.0000 3 127 193.8900 -367.3700 25 154 314.0400 -362.1600
7.0936259001e-001 -4.1203387084e-002 2.8526570542e+000
222 219 200
2 2 153 22.6700 -312.0900 3 164 -121.2600 -356.7800
7.0936259001e-001 -4.1203387084e-002 2.8526570542e+000
222 219 200
2 2 154 22.6700 -312.0900 3 165 -121.2600 -356.7800
7.0036439207e-001 -3.3925638042e-002 2.8601453822e+000
137 130 122
4 2 157 9.0200 -300.1200 3 219 -132.9200 -344.8101 4 212 -129.6600 -339.5200 25 118 51.7600 -333.8000
8.2941205624e-001 -4.3860785198e-002 3.0527879172e+000
102 95 74
4 2 158 158.8400 -292.6500 3 166 47.9300 -341.1801 4 213 83.9300 -334.8199 5 229 50.5900 -343.8600
8.3327362908e-001 2.0269848355e-001 3.0427594022e+000
171 165 141
2 2 163 156.8100 10.8100 3 179 57.2600 -41.0600
5.0497095892e-001 3.7906198751e-001 3.4085686327e+000
10 6 3
3 2 170 -193.8800 127.3300 3 186 -239.9400 84.9200 23 80 -193.9700 124.5700
5.1234227853e-001 4.4390947724e-001 3.4164744570e+000
87 89 83
2 2 172 -185.9000 182.9600 3 191 -229.6100 138.4100
6.5731632232e-001 6.9633298630e-001 2.9522314995e+000
137 144 138
2 2 181 -60.3700 653.5200 3 205 -143.2800 572.6000
9.1319862245e-001 -6.6839452231e-002 3.0044889668e+000
246 241 221
2 2 189 276.2600 -327.1700 3 162 154.6400 -377.3900
8.4205162676e-001 -3.5864229661e-002 3.0450575206e+000
19 19 19
5 2 194 174.9800 -284.0800 3 221 64.4800 -330.8700 4 214 95.4500 -326.4700 25 223 180.4700 -323.2100 5 230 62.1100 -335.5200
3.8440103018e-001 2.1102469059e-001 3.2716449542e+000
151 144 126
3 2 206 -332.7400 -13.0500 3 178 -394.8100 -50.0400 23 131 -305.6100 -3.4800
8.1652017320e-001 2.5043419395e-001 3.0472109286e+000
223 210 178
4 2 219 134.4400 66.7700 3 249 38.5000 13.7500 25 338 151.6200 33.9900 24 318 197.7200 31.2400
8.3709248649e-001 2.6900139325e-001 3.0596362798e+000
47 29 9
4 2 223 156.7300 86.0700 3 378 62.9400 32.5600 25 248 170.5800 52.0900 24 326 214.5000 48.1200
8.3698133477e-001 2.6876648693e-001 3.0595664386e+000
47 29 9
10 2 224 156.7300 86.0700 3 379 62.9400 32.5600 4 370 91.7600 37.9400 25 249 170.5800 52.0900 5 387 59.0700 22.9700 24 327 214.5000 48.1200 6 369 -26.0700 9.7300 7 364 -58.4000 12.3400 8 354 -66.1100 23.7900 9 384 -103.9900 39.1800
8.2329712083e-001 2.6862981725e-001 3.0520803811e+000
37 26 8
10 2 225 142.0300 86.9800 3 252 47.3100 33.2300 4 247 75.1600 37.8300 25 343 157.3500 54.5700 5 261 41.5500 21.4700 24 328 203.0200 51.1100 6 275 -43.6500 8.9100 7 266 -76.8400 12.4600 8 273 -86.0700 24.0500 9 297 -125.5500 39.3200
8.0825460819e-001 2.6963404743e-001 3.0420748671e+000
55 38 12
7 2 228 125.4100 90.4700 3 255 29.9500 36.7200 4 249 55.5300 40.5900 5 271 21.3700 24.0400 6 280 -64.7600 10.2100 7 269 -97.9800 14.1500 8 274 -109.0800 24.8200
4.9454130503e-001 3.9266423699e-001 3.4140121516e+000
69 70 62
3 2 241 -202.6400 137.1200 3 388 -247.4700 93.4200 23 104 -204.4800 141.3000
9.3900213457e-001 4.3966422195e-001 3.1290243897e+000
228 224 195
2 2 254 254.6700 258.2300 3 279 173.9200 199.1800
8.1373874129e-001 4.4660643494e-001 3.0880212712e+000
127 117 95
4 2 259 121.7100 279.6300 3 402 39.6200 220.8100 4 376 68.9400 226.6100 25 272 138.6700 247.0100
1.1470526071e+000 5.4450248739e-001 3.2504047863e+000
115 99 76
2 2 260 438.1000 328.9700 3 286 371.7200 264.4000
9.4575824054e-001 5.1688148232e-001 3.1546728352e+000
90 91 78
2 2 263 254.4100 332.0500 3 194 179.4000 270.4800
6.7706929630e-001 4.8806043997e-001 2.9097796668e+000
217 211 185
2 2 272 -31.8700 409.7800 3 409 -131.5800 342.5601
7.5898761487e-001 6.3184908377e-001 3.0037706718e+000
107 93 66
2 2 279 64.9900 535.1899 3 298 -19.0300 463.1700
7.4267378864e-001 -9.0132243274e-002 2.8399409364e+000
33 25 19
6 2 284 75.1700 -390.3700 3 422 -78.9600 -434.9399 4 394 -81.4100 -427.6000 25 289 121.6000 -430.3199 5 414 -140.0800 -434.7200 23 246 351.8000 -442.7500
4.6498142967e-001 -7.4632528254e-002 3.1519484966e+000
28 23 17
2 2 298 -275.5600 -324.5000 3 326 -364.7100 -358.9500
8.4901098776e-001 -4.1361452661e-002 3.0471254311e+000
188 181 183
5 2 311 183.6700 -291.2800 3 445 72.3300 -337.9301 4 429 104.0900 -333.0900 25 315 188.4100 -330.9399 5 555 71.0000 -341.4600
5.7702545038e-001 9.7794035471e-002 3.0233354874e+000
151 144 134
2 2 313 -154.1600 -117.1400 3 232 -253.8700 -158.3300
3.8919101161e-001 1.9764844484e-001 3.2753632921e+000
117 118 104
3 2 319 -327.6600 -26.9600 3 457 -389.5300 -62.6300 23 278 -301.8700 -20.8000
1.0503911052e+000 2.2620774838e-001 3.1420779746e+000
128 113 88
4 2 330 382.1800 23.5700 3 462 293.7100 -33.1600 4 451 344.7500 -17.8400 25 431 371.6800 -25.2300
8.3036864359e-001 2.4841330967e-001 3.0514816596e+000
172 158 136
3 2 338 150.4800 63.5200 3 365 54.7100 10.1700 25 337 165.8100 29.9100
8.2376859365e-001 2.5598547067e-001 3.0515199457e+000
86 69 51
9 2 339 142.8800 72.1800 3 368 47.6900 18.8600 4 360 75.3200 24.0700 25 448 158.0000 39.0300 5 254 41.6100 9.5100 24 566 203.4500 35.3500 6 362 -43.2500 -4.5900 7 358 -76.2000 -1.5400 8 351 -84.7300 8.3900
8.0869707615e-001 2.5768037910e-001 3.0416414408e+000
106 84 60
6 2 340 126.4800 75.8500 3 369 30.1700 22.9000 4 361 55.8600 27.2400 5 382 21.9500 10.4700 6 363 -64.1500 -3.6900 7 359 -97.3300 0.0200
7.9333937463e-001 2.5856898990e-001 3.0322759770e+000
118 91 66
4 2 342 109.2800 78.9100 3 371 11.9000 26.4000 4 362 36.2100 29.5400 25 454 128.4200 48.9400
7.9349293493e-001 2.5849608596e-001 3.0321470431e+000
118 91 66
2 2 343 109.2800 78.9100 3 372 11.9000 26.4000
8.1634534048e-001 2.6467309547e-001 3.0498225664e+000
182 152 124
3 2 345 133.9800 82.6800 3 375 38.7000 29.4600 25 341 150.1600 50.5300
7.8523924527e-001 2.6629682953e-001 3.0284123693e+000
231 212 185
2 2 353 99.6000 89.3400 3 385 2.3900 35.9600
7.9309353779e-001 2.7048097688e-001 3.0337256748e+000
62 39 12
3 2 358 108.2400 93.0800 3 256 11.8000 39.8200 25 350 128.1500 62.6600
3.4559511354e-001 4.6413510951e-001 3.3109532388e+000
162 159 150
2 2 375 -361.9500 228.9000 3 490 -406.6300 185.9900
5.0423277482e-001 5.0936280153e-001 3.2016495997e+000
16 12 12
3 2 384 -217.6300 306.2600 3 285 -273.7400 258.1600 23 428 -130.0400 320.8800
9.7642982177e-001 5.2583116188e-001 3.1837695643e+000
152 142 122
3 2 387 279.7200 331.0100 3 404 208.4400 269.1100 25 481 278.0400 280.2100
5.5988520647e-001 5.5400814069e-001 3.0694663363e+000
58 51 33
2 2 394 -170.1400 409.0800 3 411 -240.8900 350.4600
8.7869754191e-001 1.1987047758e-001 3.0260796382e+000
100 88 66
3 2 449 218.5500 -87.1600 3 566 110.5000 -139.1900 25 421 231.0600 -125.1500
8.9495216597e-001 1.2006496793e-001 3.0117681689e+000
231 225 199
4 2 450 242.1400 -85.9400 3 567 131.3300 -137.4600 4 437 156.1800 -132.3700 25 420 256.7400 -125.2000
1.1360990353e+000 2.2794869931e-001 3.2504277391e+000
225 207 183
3 2 458 438.1700 10.0700 3 350 361.9100 -46.5000 4 232 436.2000 -27.9400
9.8957369318e-001 2.3715114974e-001 3.1529001247e+000
229 211 181
4 2 461 309.8500 33.4500 3 598 224.8300 -21.5100 4 452 274.1200 -8.3800 6 472 175.8800 -23.3600
8.3007052842e-001 2.6357208236e-001 3.0554286721e+000
129 112 86
9 2 471 149.2800 80.9600 3 373 54.8900 27.0200 4 366 83.3900 32.0600 25 452 163.3600 47.8000 5 386 50.6800 16.7700 24 569 207.8200 44.0200 6 368 -34.5300 3.5900 7 362 -67.2800 6.4100 8 352 -75.8500 17.7700
8.3012380797e-001 2.6387275660e-001 3.0554723716e+000
129 112 86
5 2 472 149.2800 80.9600 3 374 54.8900 27.0200 4 367 83.3900 32.0600 25 453 163.3600 47.8000 24 570 207.8200 44.0200
8.0240737737e-001 2.7261900964e-001 3.0360744060e+000
87 59 29
4 2 477 119.4600 94.8400 3 477 22.4400 41.7900 4 460 47.1200 45.7100 7 456 -108.6000 17.5000
5.2955252738e-001 4.3658636557e-001 3.3787774849e+000
78 76 64
3 2 491 -173.3100 183.6700 3 485 -219.9100 139.5400 23 224 -159.8200 185.9200
5.2967151343e-001 5.3186800150e-001 3.1111022100e+000
103 88 69
2 2 511 -200.0800 365.8500 3 508 -266.1500 310.5900
5.3176068234e-001 5.2734065932e-001 3.0975964555e+000
103 88 69
3 2 512 -200.0800 365.8500 3 509 -266.1500 310.5900 23 330 -61.4300 384.9800
6.6286010390e-001 7.1183604567e-001 2.9640355113e+000
255 254 250
2 2 525 -53.2700 663.9700 3 419 -134.5200 583.4600
5.7803380494e-001 -1.0521183962e-001 3.0121267755e+000
57 42 36
4 2 528 -155.0100 -379.1600 3 532 -271.2300 -416.9600 5 682 -249.4600 -414.5699 23 455 -3.1500 -425.2000
4.6584592911e-001 -6.8842575921e-002 3.1480674326e+000
90 88 76
2 2 557 -275.0500 -318.1200 3 546 -364.3800 -352.4301
1.0827706393e+000 -6.7844230530e-002 3.1252734583e+000
248 249 237
4 2 561 444.7300 -314.4500 3 716 341.3800 -370.5500 4 519 399.9200 -367.4900 25 756 423.1200 -362.0601
4.5430330989e-001 -6.5628392485e-002 3.1628532142e+000
40 35 29
2 2 562 -285.7200 -312.9500 3 740 -372.7200 -346.9900
5.7795980631e-001 1.0406614695e-001 3.0137249153e+000
108 104 93
3 2 587 -153.3000 -108.3400 3 565 -255.0200 -150.2800 23 386 8.3400 -124.2200
8.5598589432e-001 1.1485430836e-001 3.0486235130e+000
96 80 55
3 2 589 186.8700 -95.0900 3 952 81.7100 -145.9600 25 801 194.8800 -131.5700
8.6220995291e-001 1.1690738991e-001 3.0403344148e+000
80 69 49
3 2 591 194.6400 -92.3300 3 759 90.5400 -142.8600 4 750 119.4500 -137.2600
6.4658736364e-001 1.1617706367e-001 2.9301711964e+000
96 92 81
4 2 594 -68.8700 -86.0700 3 569 -185.1500 -131.5800 25 422 -37.1500 -107.2800 23 387 147.2500 -106.8600
6.9668219429e-001 1.2274686868e-001 2.8685168330e+000
237 231 205
3 2 596 1.1900 -70.5200 3 571 -127.9300 -118.8000 25 424 49.0800 -94.8500
4.0699884991e-001 2.1252978067e-001 3.2433569275e+000
134 127 109
2 2 605 -315.5700 -8.5800 3 590 -378.7400 -45.8000
1.0555821754e+000 2.2319723694e-001 3.1414139028e+000
240 239 209
4 2 617 389.0100 20.2500 3 776 299.2300 -36.2400 4 579 351.1200 -21.2600 25 815 377.2400 -28.5400
9.5682689590e-001 2.2116725077e-001 3.1097138907e+000
236 233 203
3 2 619 286.1100 22.7300 3 594 194.0100 -32.2600 4 580 235.2700 -21.2600
4.0692053151e-001 3.5759168737e-001 3.2822847224e+000
141 134 116
2 2 642 -306.1700 131.4800 3 624 -359.8100 90.5900
1.0339703628e+000 4.2715181093e-001 3.1529270478e+000
244 243 215
2 2 658 353.0500 238.6900 3 641 273.2100 177.6600
9.8637791116e-001 5.1532758164e-001 3.1883845138e+000
111 108 91
2 2 675 289.7200 318.3700 3 827 217.8300 257.0800
6.2335127958e-001 4.6177977746e-001 2.9740752904e+000
157 153 142
2 2 683 -99.7400 343.5300 3 660 -189.1600 284.5800
6.3302108115e-001 4.6729718978e-001 2.9553626011e+000
93 89 80
3 2 687 -89.3300 359.2200 3 662 -179.9000 298.5600 25 493 -43.6000 348.7900
6.5149080235e-001 4.6759912523e-001 2.9299608391e+000
165 161 152
4 2 688 -66.2000 372.0300 3 838 -160.7900 310.0800 25 688 -15.2500 359.3700 23 590 164.5300 369.6799
6.4754090764e-001 4.7086461985e-001 2.9351390122e+000
88 84 75
3 2 689 -71.0900 373.9399 3 839 -165.2700 310.8900 25 498 -20.7200 362.1600
5.9293421214e-001 5.6464603668e-001 3.0188403165e+000
63 53 34
2 2 700 -135.5600 446.9800 3 682 -212.9000 383.7700
8.3594811584e-001 -8.0639869447e-002 3.0268611496e+000
7 12 5
3 2 737 172.8200 -341.9000 3 880 55.6500 -390.4900 25 928 178.3800 -382.8700
4.4542657776e-001 -8.4548341312e-002 3.1161704850e+000
25 27 26
2 2 738 -306.5700 -341.9000 3 710 -400.0200 -375.4500
6.6457185764e-001 -6.3837795574e-002 2.9004301955e+000
90 89 87
2 2 740 -43.9100 -340.0900 3 706 -177.9700 -381.6000
4.6201911660e-001 -8.0822210853e-002 3.1460494345e+000
78 76 69
2 2 749 -280.3600 -333.1100 3 905 -370.5100 -366.6700
4.3670150568e-001 -7.6730621971e-002 3.1134272518e+000
124 123 119
2 2 750 -317.5100 -333.0601 3 725 -410.5300 -366.0699
4.7591794290e-001 -6.4574898914e-002 3.1626701511e+000
54 47 31
2 2 762 -260.5300 -311.0800 3 741 -348.2000 -345.8600
4.7591794290e-001 -6.4574898914e-002 3.1626701511e+000
54 47 31
2 2 763 -260.5300 -311.0800 3 742 -348.2000 -345.8600
7.2829798948e-001 -3.5436088574e-002 2.8533852281e+000
221 206 190
2 2 765 50.5600 -303.5000 3 920 -93.5600 -347.8400
6.9928673894e-001 3.5087547131e-002 2.8639942275e+000
110 103 86
4 2 772 6.5300 -197.2300 3 936 -130.0100 -242.7300 25 789 51.4900 -226.0200 23 497 267.1500 -231.0200
8.6789678206e-001 1.1832779523e-001 3.0361519421e+000
89 77 57
4 2 779 203.0400 -90.0800 3 761 97.2500 -141.3800 4 752 125.7200 -135.3000 25 803 214.0500 -127.2800
8.6789678206e-001 1.1832779523e-001 3.0361519421e+000
89 77 57
4 2 780 203.0400 -90.0800 3 762 97.2500 -141.3800 4 753 125.7200 -135.3000 25 804 214.0500 -127.2800
3.8890231444e-001 1.8409604795e-001 3.2398840051e+000
70 66 55
2 2 786 -336.3100 -37.8200 3 772 -400.4100 -74.1200
1.1618371443e+000 1.8193662408e-001 3.2686220586e+000
91 79 55
5 2 787 459.7700 -37.6600 3 771 385.3400 -93.9000 4 982 465.2700 -76.4300 6 766 398.5100 -79.7300 7 567 387.5100 -85.0700
1.0118992536e+000 2.4080011153e-001 3.1725984134e+000
47 48 36
2 2 805 329.3900 34.7100 3 785 245.8200 -20.7500
1.1341987755e+000 4.4125335479e-001 3.2757597607e+000
121 124 107
2 2 824 419.0400 217.9700 3 820 352.7100 158.7200
8.6263042537e-001 4.5544279418e-001 3.0395044767e+000
107 102 82
2 2 833 186.2900 308.5500 3 1069 96.4300 246.3100
6.6916956791e-001 4.7876902648e-001 2.9161111173e+000
165 163 156
2 2 845 -42.2200 393.9600 3 1089 -141.1300 328.5800
8.1660582566e-001 5.4975176238e-001 3.0857228880e+000
57 50 28
2 2 848 123.7700 395.9500 3 670 45.1100 332.1100
6.8713855366e-001 7.0908410290e-001 2.9734308316e+000
163 150 142
2 2 857 -22.5500 652.4000 3 1115 -104.2800 573.5100
6.8966188747e-001 7.1595048163e-001 2.9765039356e+000
128 133 113
2 2 860 -19.5900 659.0000 3 855 -100.6800 579.2900
7.4373409227e-001 -8.7506422745e-002 2.8462587499e+000
151 139 130
3 2 872 76.6600 -384.7500 3 863 -75.9400 -429.4800 5 855 -138.8400 -429.7800
7.5659383296e-001 -8.7742789490e-002 2.8538409277e+000
199 192 175
3 2 875 95.4000 -383.6000 3 865 -57.1100 -428.6801 5 857 -121.0300 -429.1500
8.3330428427e-001 -8.8110860038e-002 3.0241431844e+000
41 35 18
3 2 903 170.3400 -352.3199 3 701 52.2700 -400.2600 25 732 176.0700 -393.6400
6.6788158237e-001 -6.8306633459e-002 2.9046742673e+000
95 94 92
5 2 909 -38.6100 -345.9399 3 1202 -173.4200 -387.6300 25 932 -10.1100 -380.6100 24 660 68.3900 -385.5800 23 664 190.4500 -390.9800
6.6788158237e-001 -6.8306633459e-002 2.9046742673e+000
95 94 92
5 2 910 -38.6100 -345.9399 3 1203 -173.4200 -387.6300 25 933 -10.1100 -380.6100 24 661 68.3900 -385.5800 23 665 190.4500 -390.9800
6.7152054293e-001 -6.6662709502e-002 2.8916436464e+000
141 140 138
2 2 911 -33.8700 -345.7800 3 1205 -170.1700 -387.1801
8.0828840543e-001 -7.9203646227e-002 3.0783097606e+000
12 11 6
2 2 925 129.5800 -333.0900 3 890 21.6100 -379.1600
4.1131808864e-001 -7.5269030828e-002 3.1281838974e+000
18 20 17
2 2 928 -344.9900 -330.0900 3 1243 -435.0800 -362.6200
4.3866479878e-001 -7.1773640515e-002 3.1190476725e+000
29 28 24
2 2 934 -313.6400 -326.0500 3 735 -405.7300 -359.3900
6.8109294278e-001 -4.8030816079e-002 2.8833363651e+000
107 102 99
2 2 942 -20.0800 -318.8400 3 1246 -156.9800 -361.5000
1.1050165698e+000 -6.9454973520e-002 3.1423535567e+000
179 169 154
3 2 946 464.1900 -314.4800 3 901 363.5600 -371.5699 4 692 426.6000 -368.3300
8.4052484397e-001 -4.6405111887e-002 3.0341425161e+000
57 52 44
3 2 961 175.1700 -297.7900 3 1284 62.5100 -343.9700 4 925 94.3200 -339.1000
6.9798562749e-001 6.0012811466e-002 2.8594963184e+000
113 106 90
2 2 984 3.9400 -160.4000 3 939 -130.5200 -207.4100
6.9381356123e-001 1.2317101262e-001 2.8654354959e+000
131 124 108
2 2 1001 -3.1400 -70.2200 3 960 -132.0300 -118.1300
9.4732280322e-001 2.0202737108e-001 3.1216014164e+000
125 106 76
8 2 1015 273.2200 -3.3700 3 975 181.7400 -57.1800 4 991 224.6000 -46.7900 6 988 117.3400 -64.4400 7 1342 86.7700 -64.0400 8 920 92.7000 -54.1100 9 990 67.3500 -42.2400 10 955 70.1700 -26.5000
8.2833668796e-001 2.0013696658e-001 3.0422121654e+000
188 179 153
3 2 1019 151.5500 7.7800 3 982 51.1700 -44.0200 25 1064 165.6100 -25.6300
1.1482502912e+000 3.4473895453e-001 3.2738886875e+000
138 141 122
4 2 1056 434.8800 129.1100 3 1037 365.9200 70.3100 6 1036 371.9400 94.0500 7 994 367.0000 93.7600
4.9234639039e-001 4.2261067736e-001 3.4265494125e+000
46 48 40
2 2 1064 -203.2100 161.3400 3 1047 -246.5800 118.8800
9.8782746510e-001 4.9811687927e-001 3.1876708253e+000
116 119 103
2 2 1098 291.8000 300.7900 3 1067 219.2400 240.1100
5.5999777537e-001 5.4800667215e-001 3.0540013386e+000
46 43 28
2 2 1117 -171.6900 410.2300 3 1095 -244.1500 350.0300
6.3209977604e-001 6.1825243036e-001 2.9774833379e+000
111 111 103
2 2 1135 -90.4000 536.0200 3 1105 -172.3000 465.5601
6.8116005189e-001 7.1800906927e-001 2.9762365647e+000
241 247 235
2 2 1149 -30.2500 661.9301 3 1116 -110.8300 582.1899
4.5674835325e-001 -1.1535096840e-001 3.1096686761e+000
153 131 107
2 2 1199 -295.4000 -381.0000 3 1162 -391.9400 -414.6200
6.0555040169e-001 -9.7367951143e-002 2.9683740340e+000
126 128 127
2 2 1204 -123.5700 -377.7300 3 1159 -245.4300 -416.6801
9.0666755975e-001 -7.5904734796e-002 2.9821450018e+000
243 247 232
3 2 1283 273.4900 -342.0699 3 878 150.3400 -393.4301 8 1101 -36.4100 -418.5699
4.4120589029e-001 -8.4543486146e-002 3.1191524533e+000
117 119 118
2 2 1286 -311.0700 -341.6801 3 1220 -403.9900 -374.9900
9.0789963803e-001 -7.6177724135e-002 3.0012037747e+000
97 95 75
2 2 1290 270.9000 -339.5500 3 1197 148.2400 -390.7800
9.3760270101e-001 -7.3933853525e-002 2.9932401106e+000
254 237 221
4 2 1295 307.9900 -337.2300 3 1201 188.8600 -388.8400 4 862 220.0900 -385.1899 9 1127 -25.6500 -430.8700
7.0634220128e-001 -4.4464639776e-002 2.8518645893e+000
226 221 202
2 2 1329 18.3300 -317.8700 3 1247 -125.9500 -361.1400
7.1392285443e-001 -4.3885113897e-002 2.8566990421e+000
149 146 127
2 2 1332 29.1800 -315.8199 3 1250 -114.2800 -360.0699
6.8494405770e-001 -3.7414884033e-002 2.8751731130e+000
99 94 88
2 2 1350 -14.3700 -304.0100 3 1280 -152.2800 -347.1000
6.7578184108e-001 -3.1968628382e-002 2.8862881758e+000
109 104 101
2 2 1361 -27.9200 -294.9000 3 1289 -162.8200 -337.2900
8.3743749488e-001 -4.0692865618e-002 3.0454756276e+000
105 97 85
3 2 1366 169.1100 -289.4500 3 925 57.9400 -335.3400 25 1005 173.6200 -327.1899
7.0004151057e-001 5.5966268407e-002 2.8583903268e+000
228 221 202
2 2 1413 7.0600 -166.5800 3 1330 -128.0400 -212.9500
5.9430650389e-001 1.0402663239e-001 2.9894536904e+000
87 83 72
2 2 1432 -135.0800 -107.0400 3 1344 -239.9500 -149.5300
5.9815579832e-001 1.0489731967e-001 2.9828208697e+000
90 86 75
2 2 1434 -130.6100 -105.5200 3 1346 -236.5800 -148.1200
6.9228963053e-001 1.6000531253e-001 2.8696977778e+000
116 108 89
2 2 1479 -5.9800 -18.3700 3 1379 -131.5600 -68.2100
9.5514100868e-001 2.0737867326e-001 3.1060052868e+000
127 111 78
2 2 1488 285.6300 7.4100 3 1392 192.6900 -46.7400
9.5811452401e-001 2.1354442352e-001 3.1181930518e+000
231 225 193
5 2 1490 287.0300 9.9600 3 1394 194.5900 -44.4300 25 1524 285.2600 -33.0300 7 757 94.6400 -49.9500 8 922 98.7100 -39.4000
1.1578414885e+000 2.3041790080e-001 3.2687672874e+000
50 44 28
2 2 1491 453.9700 10.6900 3 980 380.5300 -46.3100
6.1653897272e-001 2.7432094132e-001 2.9891392563e+000
112 109 92
2 2 1578 -106.6000 107.2500 3 1481 -202.9300 58.0300
9.5952478593e-001 3.1080333115e-001 3.1235530745e+000
196 182 162
2 2 1594 282.4500 119.0200 3 1484 195.7500 63.9300
1.0970562788e+000 4.2332056567e-001 3.2329245696e+000
65 50 38
2 2 1655 395.5000 210.8600 3 1530 324.0400 152.9300
9.2511666017e-001 4.2872883349e-001 3.1353019614e+000
131 125 96
2 2 1671 238.1200 244.5200 3 1551 158.1600 185.7100
6.3001221093e-001 4.7069827105e-001 2.9694505270e+000
86 82 73
2 2 1716 -91.6700 356.9700 3 1604 -181.4900 296.5000
9.1279641861e-001 5.3799950989e-001 3.1433610010e+000
99 82 59
3 2 1719 220.5700 359.0701 3 1603 146.1400 296.4000 4 1642 183.2300 312.4200
8.1371944877e-001 5.5415654336e-001 3.0906763600e+000
69 62 38
2 2 1740 119.8200 398.3500 3 1619 41.9300 335.0601
7.2480618619e-001 7.0695095093e-001 3.0026217460e+000
224 226 246
2 2 1805 22.7900 628.0300 3 1671 -57.0500 550.9100
6.8415844692e-001 7.1840588083e-001 2.9797411722e+000
103 106 91
2 2 1810 -26.5900 659.8199 3 1680 -106.8000 580.0900
6.5910387140e-001 7.0343420468e-001 2.9544162206e+000
91 101 92
2 2 1811 -57.9900 660.4600 3 1681 -140.7400 580.2700
6.5910387140e-001 7.0343420468e-001 2.9544162206e+000
91 101 92
2 2 1812 -57.9900 660.4600 3 1682 -140.7400 580.2700
6.9647008296e-001 7.3275379561e-001 2.9889302943e+000
123 123 105
3 2 1815 -10.9600 670.6600 3 1687 -91.0900 590.3500 6 1580 -226.6100 507.8800
8.2568768205e-001 1.6774595900e-001 3.0421248058e+000
83 69 42
2 5 9 42.4600 -99.4500 6 23 -41.7500 -109.5100
7.9387908924e-001 2.3792800492e-001 3.0093064028e+000
216 211 182
3 5 10 -7.4200 -20.0800 6 25 -100.2200 -31.8300 7 24 -136.3800 -27.6500
7.9774017334e-001 2.3365124186e-001 3.0192255528e+000
220 215 186
2 5 25 0.9500 -22.8500 6 34 -89.4100 -35.9000
7.7734736502e-001 -6.4953151885e-002 2.9177181144e+000
49 41 28
2 5 137 -70.8500 -394.9000 6 139 -166.3200 -402.8101
7.3445816883e-001 1.4125348160e-001 2.9164160378e+000
158 143 111
2 5 145 -116.2900 -144.7700 6 153 -219.7400 -160.4500
8.4300797401e-001 2.6573152877e-001 3.0657382694e+000
155 147 128
4 5 154 73.8600 20.8000 6 191 -14.1600 7.6000 7 256 -49.2900 8.8900 8 432 -58.6700 22.0500
8.8127757572e-001 1.3303666810e-001 3.0457877556e+000
118 105 86
2 5 185 105.3200 -144.5800 6 243 11.1000 -153.5700
7.9944016539e-001 2.6503355109e-001 3.0379889871e+000
213 205 170
2 5 258 11.4600 18.4900 6 260 -74.9700 4.1300
7.7741200687e-001 -8.0059554188e-002 2.9096680453e+000
254 252 247
2 5 329 -74.8200 -414.3800 6 415 -171.1800 -421.3800
9.1357483689e-001 -4.8738202216e-002 3.0180456798e+000
108 101 84
2 5 342 127.7200 -365.7000 6 434 29.8200 -372.0000
7.9342096566e-001 2.6023466363e-001 3.0315145931e+000
96 81 60
2 5 385 1.7100 12.3900 6 365 -85.0500 -2.5500
8.8534366237e-001 1.5904398626e-001 3.0527243650e+000
236 230 204
2 5 455 113.1500 -112.9000 6 458 17.9200 -122.5300
8.7140349720e-001 2.4110024340e-001 3.0657032759e+000
227 227 199
2 5 472 104.2400 -12.7700 6 471 10.1000 -24.0800
8.2149655816e-001 2.4929014554e-001 3.0518399595e+000
171 157 131
2 5 476 42.4000 0.3400 6 475 -43.5500 -13.1100
7.9968917740e-001 2.7341563606e-001 3.0387804366e+000
89 67 36
2 5 481 12.1100 28.4700 6 479 -74.6900 13.9400
8.6987012558e-001 2.5020062679e-001 3.0671981518e+000
222 221 193
2 5 602 103.2400 -1.3300 6 581 9.3400 -13.4900
7.7163998281e-001 -7.7879634569e-002 2.9062930316e+000
119 102 77
2 5 685 -82.7400 -411.9600 6 674 -179.2300 -419.2900
7.8094211900e-001 -8.0158062009e-002 2.9124827792e+000
255 250 236
2 5 863 -69.5500 -414.1700 6 860 -165.8400 -421.2200
7.8094211900e-001 -8.0158062009e-002 2.9124827792e+000
255 250 236
2 5 864 -69.5500 -414.1700 6 861 -165.8400 -421.2200
8.1913723932e-001 2.0370629919e-001 3.0512368431e+000
177 167 140
6 5 984 44.2600 -53.3800 6 987 -43.0800 -65.5000 7 945 -80.5600 -61.9600 8 723 -90.9500 -55.0600 9 988 -133.3000 -44.7600 10 953 -139.3900 -34.6700
7.5834490164e-001 -4.6951566803e-002 2.8540100044e+000
195 182 164
2 5 1260 -118.8700 -380.0300 6 1273 -232.9100 -388.6700
8.0848536980e-001 1.0735789992e-001 3.0426347968e+000
55 48 23
2 5 1370 23.4700 -169.6500 6 1346 -51.6700 -180.0100
8.0848536980e-001 1.0735789992e-001 3.0426347968e+000
55 48 23
2 5 1371 23.4700 -169.6500 6 1347 -51.6700 -180.0100
8.2777340359e-001 2.4146617158e-001 3.0552352596e+000
164 152 130
6 5 1452 51.8400 -8.8400 6 1394 -35.1600 -21.5800 7 956 -70.4900 -19.0300 8 927 -79.2000 -9.2100 9 1336 -119.1800 4.5900 10 1290 -124.5500 17.0300
8.5064800285e-001 4.5996988516e-001 3.1325365718e+000
255 255 249
2 6 18 29.7900 243.7900 7 10 0.6700 245.6500
7.4882508637e-001 6.6149563383e-001 3.0889189747e+000
197 224 245
3 6 20 -106.1100 468.0200 7 11 -126.6400 469.6200 8 10 -148.1400 500.4200
7.8151120756e-001 2.3385445795e-001 3.0229993583e+000
204 199 170
5 6 26 -100.2200 -31.8300 7 16 -138.5400 -26.5200 8 15 -151.0400 -20.1300 9 16 -193.1800 -9.5500 10 17 -197.6200 0.4600
1.1870642308e+000 5.4892676335e-001 3.2492320599e+000
96 82 55
2 6 53 344.1600 280.9200 7 44 341.8600 285.4300
6.7394427724e-001 5.8285955406e-001 3.0484161574e+000
120 103 75
5 6 57 -198.5500 395.1899 7 48 -228.4700 397.0701 8 28 -254.0900 420.9000 9 33 -303.4400 451.8300 10 37 -316.3800 463.9399
8.0810110961e-001 -8.9505869339e-002 3.0453598114e+000
157 124 94
2 6 58 -33.4900 -428.6500 7 49 -87.9500 -423.9800
9.9734378309e-001 4.2754106342e-001 3.1157032438e+000
230 225 205
2 6 67 128.6500 165.1300 7 42 111.7100 169.2400
1.0311771728e+000 -6.4174553362e-002 3.1896603720e+000
99 92 75
3 6 102 278.4600 -371.3000 7 70 234.8900 -377.5100 8 77 255.2000 -394.5699
8.8961182049e-001 1.8336086560e-001 3.1111324381e+000
128 112 79
2 6 115 69.2000 -80.8700 7 65 31.3800 -82.6500
9.4495533855e-001 5.2262714301e-001 3.1110661816e+000
38 38 31
2 6 168 78.3200 272.1000 7 159 61.4900 276.3500
9.4495533855e-001 5.2262714301e-001 3.1110661816e+000
38 38 31
2 6 169 78.3200 272.1000 7 160 61.4900 276.3500
1.0146893096e+000 3.9793317816e-001 2.6429079191e+000
39 28 11
2 6 195 -174.4100 14.7400 7 188 -164.0100 16.8700
8.0559284525e-001 2.7822749834e-001 3.0501030724e+000
202 191 161
4 6 198 -61.9300 22.8100 7 192 -95.2400 26.1600 9 206 -149.0600 53.6100 10 208 -154.9300 66.0000
1.1185378363e+000 3.2878434950e-001 3.1869079328e+000
200 194 170
2 6 200 279.6300 61.9800 7 150 265.8900 63.8200
9.6588187456e-001 2.0256695735e-001 3.1211499497e+000
207 197 167
2 6 247 134.6500 -66.6100 7 241 104.4900 -66.3300
6.8292234014e-001 2.2259829524e-001 3.1285233107e+000
90 80 61
2 6 255 -106.5600 -0.8100 7 247 -164.4800 5.0100
7.8905706051e-001 2.6613040812e-001 3.0231626922e+000
209 189 160
2 6 266 -96.3300 5.1900 7 258 -130.7800 8.7200
6.1393800869e-001 -3.0757099338e-002 3.0241108824e+000
50 37 23
2 6 343 -255.3700 -363.7700 7 337 -321.7800 -351.3900
1.0707449438e+000 -5.6216159283e-002 3.2181951510e+000
54 38 30
2 6 344 331.4300 -357.0000 7 329 294.3700 -365.6801
8.1158684469e-001 2.4920688902e-001 3.0461391389e+000
207 191 166
3 6 361 -57.3200 -11.7700 7 356 -91.9800 -8.5200 8 350 -103.2600 1.0500
7.9879048169e-001 2.6029542275e-001 3.0260491033e+000
93 84 64
2 6 364 -85.0500 -2.5500 7 360 -119.3000 1.5100
9.5174864370e-001 3.3650019381e-001 3.0930808477e+000
191 186 167
2 6 373 86.5600 74.3900 7 369 63.1200 76.2600
8.7815040047e-001 5.1864781530e-001 2.8069480264e+000
14 10 10
2 6 379 -183.8300 181.6800 7 381 -184.3700 185.3000
8.4497578416e-001 5.2945852571e-001 2.8911242432e+000
20 13 11
2 6 388 -157.5100 226.4500 7 487 -165.1800 228.9800
7.8968107961e-001 1.2342497017e-001 2.9450202780e+000
187 177 150
4 6 455 -146.9300 -177.7000 7 231 -180.7100 -170.9800 8 336 -186.4800 -172.9900 9 363 -224.0900 -170.7100
1.0605285455e+000 1.8299790172e-001 3.2158325760e+000
134 111 80
2 6 461 289.1400 -77.8300 7 445 262.4900 -80.1600
8.7845989791e-001 1.8950792481e-001 3.1110392820e+000
134 115 86
2 6 464 59.4800 -72.9400 7 240 20.9200 -73.4700
8.1849822298e-001 3.3124499976e-001 2.8324692585e+000
85 63 35
2 6 480 -208.8300 21.7700 7 459 -221.4900 24.7900
7.1161881611e-001 -7.5106820830e-002 2.9775302714e+000
241 244 224
2 6 512 -184.8100 -420.6100 7 841 -239.1800 -410.1700
1.0758754368e+000 -7.4753035909e-002 3.1947723300e+000
175 155 130
4 6 529 315.4100 -379.9500 7 659 275.8100 -387.6300 8 475 301.2500 -406.2300 10 418 304.0000 -428.2800
6.2327164491e-001 -3.9693975882e-002 3.0187574816e+000
40 27 15
2 6 536 -248.6300 -376.1600 7 529 -313.9800 -364.2000
9.7031886145e-001 2.4144795540e-001 3.1288174498e+000
219 199 166
2 6 579 140.4100 -22.0100 7 584 111.9800 -21.3800
1.0280853789e+000 2.7635429679e-001 3.1964925954e+000
220 219 191
2 6 593 237.4000 25.5100 7 458 212.3500 25.1300
8.7739248051e-001 5.1217839687e-001 2.8082056063e+000
14 5 5
2 6 618 -183.4200 176.2400 7 606 -184.3100 180.1400
9.5245562895e-001 4.8618818249e-001 3.1295563521e+000
203 200 172
2 6 629 102.3800 241.2700 7 612 83.3300 243.9100
1.0573067342e+000 -6.9731669310e-002 3.2149413079e+000
238 230 221
2 6 719 321.2900 -374.5000 7 666 282.1100 -383.1400
9.6589030900e-001 2.0198485437e-001 3.1123188524e+000
212 198 169
2 6 772 126.9900 -69.3700 7 752 97.3900 -68.7600
1.1427508436e+000 3.1951651342e-001 3.1805623385e+000
44 35 24
2 6 788 289.8000 47.6400 7 987 278.0400 47.5200
1.0087023985e+000 5.2291548799e-001 2.5844243047e+000
33 28 19
2 6 799 -213.3300 104.1100 7 996 -195.9400 107.1400
9.5112067971e-001 5.1049265440e-001 3.1304226861e+000
203 197 175
2 6 821 99.6900 266.3200 7 614 81.5400 269.2100
1.0607097739e+000 -7.0544290116e-002 3.1949065349e+000
243 239 230
3 6 898 304.1500 -376.1100 7 856 264.1300 -384.3500 8 633 288.3800 -401.8000
6.1723183782e-001 -3.6998670456e-002 3.0311879963e+000
149 130 116
2 6 906 -245.4400 -371.9399 7 885 -313.0700 -359.8700
1.3328348815e+000 3.2174179063e-001 3.2598314849e+000
60 47 34
2 6 1027 460.7000 40.2300 7 984 463.1400 37.9000
1.0343869827e+000 4.2650888167e-001 3.1468014313e+000
37 35 22
2 6 1046 179.7900 166.1100 7 1433 164.2200 169.3700
9.4969510860e-001 5.5814544802e-001 3.1213042647e+000
207 195 169
2 6 1069 86.6100 310.3000 7 622 70.9300 313.2900
8.6700671087e-001 1.0056107551e-001 3.1194959066e+000
90 75 45
2 6 1348 66.4900 -178.5600 7 925 21.4300 -177.1400
8.6500784696e-001 1.0019743779e-001 3.1211970394e+000
90 75 45
5 6 1349 66.4900 -178.5600 7 926 21.4300 -177.1400 8 1271 12.6900 -176.9300 9 1273 -30.2700 -174.5200 10 1227 -40.2700 -167.0900
1.0641618593e+000 1.1945442507e-001 3.0665446580e+000
60 48 22
3 6 1350 166.0800 -176.1900 7 924 143.4700 -177.5400 9 958 156.5200 -173.3700
1.0396810704e+000 2.3642281969e-001 3.1464194194e+000
128 120 101
2 6 1390 204.9700 -32.4300 7 1357 181.8700 -32.8500
8.4058199382e-001 2.4295314164e-001 3.0594076272e+000
55 50 31
3 6 1397 -20.9800 -20.0200 7 1364 -55.1300 -16.9200 8 929 -63.0400 -6.9300
8.0836982449e-001 3.2376453223e-001 2.8366711386e+000
209 187 163
3 6 1417 -215.0000 15.5200 7 1388 -227.4900 19.0300 9 1358 -245.6000 38.9800
1.3204231505e+000 5.3695807956e-001 3.2792824819e+000
198 200 169
2 6 1521 440.0400 245.3300 7 1477 447.0500 250.0200
8.7727382153e-001 -5.9223110728e-002 3.0097992536e+000
14 7 3
3 5 16 84.8300 -377.7600 6 41 -2.4500 -386.4000 7 51 -53.0200 -383.9399
9.3175028586e-001 2.6710875074e-001 3.1685329948e+000
231 227 200
2 5 60 220.2600 33.6500 6 63 144.3600 23.7400
8.8113664663e-001 5.4309104683e-001 3.2344398943e+000
221 211 184
2 5 132 193.9400 381.9800 8 124 96.7300 410.3400
8.8995621500e-001 -6.0608812110e-002 3.0100861139e+000
96 92 80
3 5 138 99.1500 -380.2600 6 140 9.1200 -386.8600 7 171 -41.8300 -385.6500
8.8016531510e-001 -4.7290349888e-002 3.0050720849e+000
29 24 18
3 5 139 85.0000 -366.1000 6 142 -5.0000 -371.9399 7 136 -53.4300 -368.3199
9.7097560521e-001 2.3248731261e-001 3.1925728022e+000
45 44 32
2 5 193 275.3800 -6.8500 6 190 199.4800 -14.4000
9.2113428076e-001 1.8858434154e-001 3.1321875143e+000
145 122 91
4 5 244 187.7500 -66.8100 6 355 107.8700 -74.7900 7 347 77.3100 -73.9200 8 238 82.1700 -65.2700
8.9560891655e-001 4.1020954614e-001 3.1687831228e+000
228 223 193
2 5 497 181.4000 204.6900 6 492 100.3500 192.6800
9.3834338797e-001 -7.0957751169e-002 2.9747459838e+000
243 246 229
2 5 529 136.1700 -398.2600 7 506 -21.0000 -401.1000
9.5338580263e-001 -5.0041726615e-002 3.0507727974e+000
99 83 55
2 5 546 187.3300 -364.0000 6 723 89.1800 -369.7100
9.3994723240e-001 2.2830129726e-001 3.1656616593e+000
231 210 180
3 5 601 226.7900 -14.6400 6 578 148.1700 -22.2500 7 583 123.1800 -22.3000
8.5937388537e-001 -3.2677167052e-002 3.0048523810e+000
43 42 39
2 5 732 60.8400 -347.5100 6 726 -26.7400 -353.7200
9.3768470014e-001 2.3586973613e-001 3.1501729943e+000
166 153 126
2 5 996 217.9800 -8.7200 6 1007 135.6000 -16.6000
9.0023432745e-001 4.2021511154e-001 3.1783164836e+000
240 237 216
2 5 1057 191.5400 217.3200 6 1054 110.8400 206.7600
8.0250158546e-001 5.8148987432e-001 3.1292861389e+000
222 219 189
2 5 1096 60.5100 407.4900 7 1503 -50.7100 389.9900
8.1633042539e-001 5.9142598139e-001 3.1542494297e+000
249 242 214
3 5 1098 86.2300 423.8201 7 1054 -21.6500 407.7500 8 1032 -30.9800 441.8400
7.7203629767e-001 -8.1052514063e-002 2.9056540180e+000
237 237 219
2 5 1188 -82.7400 -416.0100 6 1199 -179.0400 -423.0100
9.6320683693e-001 -5.9710448487e-002 3.0135246519e+000
130 109 87
2 5 1256 180.9400 -381.5699 7 1187 29.8900 -384.8600
1.0677425412e+000 -6.7729948554e-002 3.1741291329e+000
95 102 83
3 5 1287 374.2800 -371.5601 6 1291 289.0600 -375.2900 7 1191 248.7500 -383.1899
8.9623165830e-001 4.6307249667e-001 3.2138591443e+000
218 206 198
2 5 1571 203.5000 278.4300 6 1531 135.6700 266.1000
1.0027778388e+000 5.5969592833e-001 3.1656903199e+000
114 99 72
4 6 36 159.6500 312.5200 7 28 145.3400 317.6700 8 27 155.7000 353.6000 10 21 141.2500 432.4600
1.2250942457e+000 2.8428992518e-001 3.2141322166e+000
24 26 16
2 6 46 370.7100 8.4900 7 35 363.9500 6.3400
1.2205958012e+000 4.4584190715e-001 3.2210030751e+000
15 17 14
2 6 49 352.1000 167.4900 7 40 350.1300 169.0500
1.2205958012e+000 4.4584190715e-001 3.2210030751e+000
15 17 14
2 6 50 352.1000 167.4900 7 41 350.1300 169.0500
8.0428082120e-001 5.7327028344e-001 3.0954801893e+000
96 83 57
5 6 56 -48.7700 360.2100 7 47 -71.9000 363.4000 8 45 -83.0100 392.8500 9 48 -122.9400 430.8300 10 36 -135.6400 452.9700
1.1921136908e+000 2.1956862416e-001 3.2093379515e+000
212 205 177
5 6 62 357.5300 -55.1500 7 54 344.4400 -58.3800 8 33 383.0000 -43.8500 9 37 391.3200 -28.1000 10 29 420.6000 -1.3300
8.1108136776e-001 5.5795308041e-001 2.9833872092e+000
40 34 19
2 6 98 -124.0500 296.6000 7 84 -139.4200 298.5600
6.4131262203e-001 1.5270676058e-001 3.0197432084e+000
212 207 177
2 6 113 -237.1400 -115.5500 8 97 -320.7200 -106.9800
1.2080695746e+000 5.6902217617e-001 3.2597377665e+000
83 75 49
2 6 172 361.5900 296.3000 8 151 397.2900 348.3300
8.2935175539e-001 5.7977378439e-001 3.1102449484e+000
211 204 176
4 6 173 -15.3700 366.9399 7 163 -38.5500 368.4500 8 153 -50.2500 400.9399 10 129 -96.6200 462.1500
8.2560113305e-001 -7.3794595923e-002 3.0970547842e+000
72 65 57
2 6 176 27.5300 -403.6200 8 220 -42.8300 -419.1000
8.2943841855e-001 -7.4412924764e-002 3.1067475254e+000
227 227 213
2 6 218 40.0800 -404.3199 7 215 -17.7500 -402.3300
9.5505633458e-001 2.1888971540e-001 3.1241188796e+000
207 201 175
3 6 249 127.6900 -46.7600 8 242 101.7800 -35.1400 9 273 75.7900 -22.2700
1.2326954990e+000 2.5994244991e-001 3.1885154425e+000
36 28 22
3 6 253 355.7300 -22.4200 7 353 348.6800 -25.5700 8 349 391.5800 -8.1500
8.0999177602e-001 2.5815938633e-001 3.0398622174e+000
67 61 40
2 6 254 -64.0900 -3.2000 8 246 -108.8400 10.0200
8.5370422030e-001 5.4228645761e-001 3.1210078476e+000
212 206 179
2 6 310 15.4200 323.6899 7 305 -8.4500 327.1700
9.6681374925e-001 -4.9314136618e-002 2.8015176588e+000
18 13 9
2 6 336 -91.1600 -381.8500 7 412 -109.5000 -375.7600
9.5217356168e-001 -4.8197490551e-002 2.7974230010e+000
5 6 0
2 6 337 -105.2300 -381.9500 7 326 -124.0600 -374.6899
1.2149490731e+000 4.5741827850e-001 3.1910272552e+000
149 139 129
2 6 377 322.0100 170.7400 7 376 320.7400 172.0200
8.0901554282e-001 -6.4902879300e-002 3.0474879384e+000
238 240 226
3 6 420 -33.3200 -396.6000 7 404 -85.2600 -392.0400 8 314 -98.7800 -407.7300
1.2154525379e+000 3.2292347891e-001 3.2192179685e+000
95 86 59
2 6 484 364.6700 49.4000 7 470 358.2700 48.3700
6.5409253614e-001 6.7367480706e-001 3.0478072227e+000
106 88 80
2 6 507 -222.7400 496.7400 7 500 -246.0300 496.1700
9.4552133070e-001 -4.9545530944e-002 2.7643762629e+000
21 17 7
3 6 522 -132.6500 -385.9100 7 411 -147.9100 -376.8700 8 399 -128.8600 -388.5300
8.8764922911e-001 -8.5234825409e-003 2.7546993354e+000
81 69 57
2 6 550 -186.5400 -345.7400 8 520 -187.7200 -345.0800
1.2280427424e+000 2.7821690591e-001 3.2679160371e+000
101 95 73
3 6 589 422.7000 14.4100 7 591 413.2900 12.0800 8 436 458.1500 35.3000
1.2295719648e+000 3.0258054399e-001 3.2292048953e+000
104 105 87
2 6 595 384.0300 29.7300 8 560 419.9700 50.5500
1.2407481731e+000 3.2029974442e-001 3.1777970176e+000
42 31 28
3 6 596 343.2800 33.0000 8 561 380.2300 52.8800 10 461 433.4900 106.4900
1.2235422212e+000 4.1475028043e-001 3.2279704828e+000
116 113 93
4 6 612 364.2800 139.5100 7 602 360.9700 140.8800 8 576 400.3600 172.1100 9 623 412.9500 204.0800
8.7644636363e-001 5.0912760181e-001 2.8088931542e+000
14 5 5
2 6 617 -183.4200 176.2400 8 578 -172.5200 188.3500
8.2487355942e-001 5.2952207291e-001 3.1089307234e+000
215 208 184
2 6 643 -16.5200 314.8300 7 623 -42.3800 317.7100
6.7273068410e-001 6.7450116089e-001 3.0406742005e+000
208 228 237
3 6 657 -210.0500 486.6899 7 642 -231.9500 486.3101 8 619 -255.5500 512.4200
7.2051388505e-001 -3.0987090863e-002 2.6707034012e+000
21 12 3
2 6 710 -383.5900 -380.6100 7 883 -399.3600 -363.6100
1.2544867527e+000 -1.2778037974e-002 2.8424799276e+000
19 6 4
2 6 738 126.7000 -332.3900 7 712 124.7100 -334.4900
1.2487411380e+000 7.4375832676e-003 2.8471940281e+000
12 1 0
2 6 750 124.9600 -314.1801 7 731 123.1000 -315.0200
1.2075558621e+000 4.6486662842e-001 3.1881913205e+000
205 202 177
2 6 807 314.6100 178.1800 7 781 313.1000 180.0600
6.4807056405e-001 6.8494980457e-001 3.0342748261e+000
183 183 159
5 6 835 -238.3800 503.9399 7 809 -260.2000 502.9500 8 783 -285.1500 528.7400 9 835 -333.9800 562.5900 10 1062 -348.0100 573.7000
1.0172528852e+000 -2.1457962491e-002 2.5918178256e+000
17 7 2
2 6 913 -184.2400 -363.7800 8 510 -150.5100 -362.4900
8.3060212804e-001 -3.9558461690e-002 3.0419468655e+000
135 110 97
2 6 914 -20.4800 -363.0100 7 695 -69.5800 -359.4399
7.0963744958e-001 5.4671696808e-001 3.0080701691e+000
92 84 54
2 6 1072 -194.2700 326.2200 7 1046 -218.1300 327.9000
6.5553912723e-001 6.7551893821e-001 3.0441433714e+000
77 58 49
3 6 1085 -223.9300 496.0400 7 808 -246.9700 495.5900 8 781 -272.4600 522.6000
6.4139641515e-001 6.7575829199e-001 3.0328525573e+000
231 231 223
2 6 1086 -245.6100 496.1100 7 1057 -267.7200 495.2600
1.0484397124e+000 -6.7673668067e-002 3.1910734170e+000
202 202 182
2 6 1299 291.0100 -373.2500 8 1125 272.1800 -398.0800
1.2577493290e+000 -1.6941906227e-002 2.8391197752e+000
86 78 59
2 6 1319 126.6200 -336.2300 7 1261 124.8300 -338.5800
1.2292335172e+000 2.7522940130e-001 3.2717224043e+000
217 213 186
2 6 1413 426.9100 12.2100 8 1391 462.5800 32.9800
9.5688693107e-001 4.4961009129e-001 3.1309650866e+000
76 70 51
2 6 1511 110.4800 203.4700 8 1444 95.1000 233.3300
9.5440098842e-001 8.6792571729e-001 2.9025661855e+000
202 229 250
2 7 5 -76.0600 492.9900 8 4 -62.5500 521.9200
6.3677258155e-001 2.1957994714e-001 3.0272934266e+000
216 211 182
2 7 9 -288.2100 -18.6700 8 7 -320.4200 -15.3700
1.0345770378e+000 1.7295196338e-001 3.1307415482e+000
88 77 47
4 7 14 169.4400 -108.3300 8 13 186.1800 -99.5700 9 14 170.3000 -87.1400 10 13 181.8800 -73.6400
8.1832963290e-001 1.7144942160e-001 3.0595848449e+000
86 75 47
4 7 20 -75.2600 -99.1000 8 21 -84.9600 -94.8200 9 26 -126.8500 -84.9100 10 26 -135.7700 -74.1900
1.0984912910e+000 4.9771089473e-001 3.1613849081e+000
221 214 186
3 7 27 217.0800 228.5100 8 24 238.2400 262.9800 9 18 234.5600 296.3400
8.2745692370e-001 2.5905812681e-001 3.0662607264e+000
100 92 71
2 7 36 -63.2500 5.9900 8 51 -72.7100 16.3300
1.0046572440e+000 2.8998258721e-001 3.1095557278e+000
222 218 191
4 7 37 122.0500 23.7800 8 37 132.6700 38.1600 9 30 116.1300 54.6100 10 30 124.5800 73.3300
1.0305715612e+000 5.1216071834e-001 3.1434753066e+000
43 41 29
3 7 58 152.9700 254.1200 8 59 166.1200 286.5000 9 61 153.7500 322.5100
1.0305715612e+000 5.1216071834e-001 3.1434753066e+000
43 41 29
3 7 59 152.9700 254.1200 8 60 166.1200 286.5000 9 62 153.7500 322.5100
1.1973891929e+000 2.7805985377e-001 3.1847848440e+000
171 161 144
2 7 66 321.7300 -3.6200 8 50 359.1600 15.8400
6.6794900046e-001 5.6838317257e-001 3.0248792388e+000
127 111 78
3 7 86 -247.0400 372.4800 8 93 -275.0600 393.8000 10 81 -331.1200 434.2100
9.6128671928e-001 2.1546860421e-001 3.1052610568e+000
120 109 79
3 7 97 88.1000 -54.0700 8 102 92.9400 -43.9400 10 111 73.3600 -18.5800
1.1267964858e+000 2.9939929049e-001 3.1775607064e+000
221 216 194
2 7 102 266.4100 28.9800 8 87 294.1500 47.3800
1.2091135327e+000 5.6857943098e-001 3.2558263207e+000
90 80 53
2 7 117 358.8600 299.2600 8 119 394.5500 343.8800
1.2091135327e+000 5.6857943098e-001 3.2558263207e+000
90 80 53
2 7 118 358.8600 299.2600 8 120 394.5500 343.8800
7.9579769310e-001 -6.7789806935e-002 3.0461689729e+000
39 35 24
2 7 134 -100.5200 -397.0500 8 126 -114.6500 -412.1300
9.3582792285e-001 -3.3758036147e-002 2.7732962389e+000
7 7 5
2 7 137 -152.1100 -361.0699 8 132 -132.8100 -372.3300
1.2130996072e+000 2.7225246812e-001 3.1895818614e+000
184 172 149
2 7 148 336.4300 -11.1200 8 105 376.0600 8.8200
9.5599036570e-001 2.5768090515e-001 3.1036647618e+000
41 41 28
3 7 149 79.3800 -6.0100 8 142 84.9200 5.6700 9 189 60.3900 19.2900
1.0788435127e+000 -4.3113187965e-002 3.0276118086e+000
42 31 20
3 7 175 135.0600 -358.4700 8 162 159.0300 -371.7900 9 171 152.6700 -383.7300
1.0460588385e+000 1.0113432142e-001 3.1768774536e+000
117 107 87
3 7 182 223.5500 -181.7200 8 175 241.8500 -178.8100 9 181 225.6200 -175.6400
9.2954688760e-001 5.3364589864e-001 3.1129816947e+000
226 212 186
2 7 206 50.0400 292.8500 8 202 51.8400 322.6100
1.0144720360e+000 5.7792772682e-001 3.1892119047e+000
107 89 65
2 7 209 171.7000 340.8800 8 209 182.2100 380.6600
1.0194068493e+000 5.8149762396e-001 3.1845686437e+000
107 89 65
3 7 210 171.7000 340.8800 8 210 182.2100 380.6600 9 227 167.3700 424.1300
8.6551831938e-001 5.8930393601e-001 3.1237752261e+000
116 102 71
3 7 212 2.3400 372.6500 8 212 -5.1400 406.8500 9 163 -37.7200 444.8101
8.6183151102e-001 5.8614588865e-001 3.1283497099e+000
116 102 71
2 7 213 2.3400 372.6500 8 213 -5.1400 406.8500
8.4607494449e-001 -7.4643203540e-002 3.1147860010e+000
231 227 218
4 7 216 5.8800 -401.0601 8 219 -5.5600 -418.9301 9 168 -55.2900 -434.7000 10 164 -67.9000 -436.8300
5.9952212265e-001 -2.4299012972e-002 3.0534745860e+000
213 210 191
2 7 226 -319.9600 -341.1000 8 169 -364.1400 -352.8400
7.9733249813e-001 2.6181410805e-001 3.0427544808e+000
209 194 165
3 7 250 -108.8500 7.2700 8 262 -121.1500 17.8100 10 188 -168.8600 42.6200
1.1977911736e+000 5.0444772142e-001 2.2543744107e+000
43 29 17
2 7 255 -210.7800 7.8600 8 250 -156.9300 13.3900
6.4581238198e-001 2.2047928762e-001 3.1395442644e+000
208 192 159
2 7 268 -198.8400 12.5700 8 272 -242.7900 22.1800
6.8566212017e-001 -6.9791787355e-002 3.0034118867e+000
104 97 78
3 7 318 -252.0500 -403.6000 8 221 -274.5500 -418.8700 9 237 -339.2600 -431.5300
8.8143489055e-001 -3.7361631673e-002 2.7742912584e+000
40 41 45
2 7 331 -198.0300 -365.8600 8 226 -183.6700 -376.7700
8.9115880799e-001 2.0316735904e-001 3.0988306210e+000
216 211 182
3 7 348 22.2900 -63.1600 8 181 18.9400 -52.6900 9 152 -15.1900 -39.7900
1.1751506338e+000 2.4871386431e-001 3.2032830324e+000
155 143 128
4 7 351 326.2300 -26.8200 8 244 361.0700 -9.1400 9 274 365.1100 8.4600 10 183 393.6800 35.2900
1.1720399368e+000 2.4753088053e-001 3.2058970476e+000
155 143 128
2 7 352 326.2300 -26.8200 8 245 361.0700 -9.1400
8.2953495391e-001 2.6206543476e-001 3.0582644852e+000
108 98 73
2 7 363 -67.2800 6.4100 8 353 -75.8500 17.7700
1.1537956632e+000 -4.3266423631e-002 2.8794216026e+000
36 25 17
3 7 420 82.5500 -363.3300 8 325 118.7100 -375.1899 9 242 124.9000 -385.3400
1.1537956632e+000 -4.3266423631e-002 2.8794216026e+000
36 25 17
3 7 421 82.5500 -363.3300 8 326 118.7100 -375.1899 9 243 124.9000 -385.3400
1.1584892572e+000 6.8999203828e-003 2.8735066759e+000
3 4 0
2 7 432 79.7200 -314.8600 8 232 116.0400 -322.4100
1.0326956087e+000 1.2360268587e-001 3.0526915996e+000
134 122 96
2 7 437 108.8100 -172.7700 8 408 126.9700 -171.8400
1.1645902346e+000 2.1874486944e-001 3.1967636510e+000
212 208 179
4 7 447 316.1300 -58.3600 8 423 350.3900 -44.2900 9 374 352.6600 -28.7600 10 377 379.8200 -5.4000
9.4547961824e-001 2.4668574033e-001 3.1021126850e+000
215 199 165
4 7 453 69.9400 -18.9900 8 427 74.1100 -6.5500 9 379 47.8300 8.3700 10 380 50.4900 25.2800
9.5457385498e-001 2.5998492691e-001 3.0932981862e+000
185 179 156
2 7 454 69.6500 -7.2400 8 428 76.0500 5.7400
1.0370626659e+000 2.8531319771e-001 3.1820655396e+000
119 106 87
3 7 461 206.0900 28.4200 8 440 221.3400 48.2700 9 609 205.8900 70.3000
1.2384053314e+000 3.2941976380e-001 3.1702113347e+000
213 207 188
4 7 467 331.8400 39.1900 8 359 371.5200 60.8300 9 305 385.1400 82.3600 10 305 423.9600 114.4300
1.2031613680e+000 3.3011996391e-001 3.1965025915e+000
217 209 183
2 7 472 330.2800 51.0600 8 360 367.9500 75.1200
1.0455996678e+000 4.6350465241e-001 3.1055937209e+000
117 104 85
3 7 483 138.1700 189.6900 8 452 155.1500 216.6100 9 481 144.8900 246.8500
7.9716875975e-001 -7.6823661607e-002 3.0500603996e+000
136 118 93
2 7 504 -95.9100 -408.4000 8 385 -110.1200 -424.9200
9.4058726899e-001 -4.4868728536e-002 2.7820263096e+000
60 59 46
2 7 520 -142.8800 -372.4600 8 497 -123.6400 -383.8101
8.2745674995e-001 -2.7727238788e-002 3.0535587867e+000
186 178 170
2 7 539 -64.1800 -344.0900 8 515 -73.9400 -356.5000
1.1178056185e+000 -1.6429787802e-002 2.8691996605e+000
94 89 69
3 7 542 49.1400 -337.1899 8 518 81.0100 -347.9000 9 430 84.7300 -356.4900
8.2470805205e-001 1.7250791763e-001 3.1112564123e+000
230 224 198
2 7 566 -28.6700 -86.2000 8 541 -41.8200 -79.6400
9.3181765462e-001 2.0177710029e-001 3.1049805698e+000
214 205 176
2 7 571 62.7200 -66.7800 8 544 65.6200 -57.5300
1.2403361588e+000 2.8406075794e-001 3.1793283523e+000
41 29 23
3 7 589 344.2900 -3.8300 8 554 386.0200 14.8300 10 1322 438.4900 61.6400
6.6562944282e-001 1.8289493942e-001 3.4480736427e+000
218 214 191
2 7 597 131.6000 67.3700 8 568 56.5700 91.9900
1.0296353068e+000 4.2132835738e-001 3.1559016390e+000
126 119 103
2 7 604 168.2700 167.7900 8 581 182.3600 195.0500
1.0476137396e+000 5.7320240298e-001 3.2135972937e+000
122 103 73
2 7 628 215.9400 335.6799 8 602 230.5700 377.6200
9.4385003296e-001 -4.9818350052e-002 2.7815531266e+000
32 26 10
2 7 674 -140.3600 -377.4600 8 491 -120.7900 -389.1801
1.1188735183e+000 -4.1655731688e-002 2.8682984199e+000
95 93 80
3 7 690 50.2100 -362.7700 8 651 82.7600 -374.6801 9 687 85.9800 -384.5000
1.1967487329e+000 -2.2419676380e-002 2.8537103228e+000
11 0 0
2 7 706 94.2500 -343.1500 8 665 134.7900 -353.8000
1.1960332763e+000 -7.4192475212e-003 2.8541936643e+000
11 3 0
2 7 716 93.4100 -328.8300 8 680 133.7800 -338.5800
1.1960332763e+000 -7.4192475212e-003 2.8541936643e+000
11 3 0
2 7 717 93.4100 -328.8300 8 681 133.7800 -338.5800
1.1960967306e+000 5.8588342490e-003 2.8541110735e+000
11 4 0
2 7 726 92.8100 -316.2900 8 696 133.0900 -325.0900
9.7984064168e-001 -8.0245894656e-003 3.1137735932e+000
16 3 0
2 7 729 123.1000 -315.0200 8 695 133.0900 -325.0900
5.9708356190e-001 1.1864948351e-001 3.0313973690e+000
213 207 181
3 7 742 -334.8300 -145.7700 8 710 -374.3600 -146.2700 10 583 -465.8500 -138.5100
1.1238115241e+000 -4.4981491887e-002 2.8703566906e+000
42 36 19
3 7 876 55.4100 -365.9399 8 648 88.0800 -378.0200 9 683 92.0400 -388.1100
8.2594097739e-001 -3.4478496524e-002 3.1073824564e+000
224 218 197
2 7 893 -22.4200 -350.1600 8 870 -36.0200 -363.2600
8.3178324722e-001 -2.6507826351e-002 3.0488392185e+000
192 185 177
2 7 898 -63.5600 -343.1200 8 1227 -72.4200 -354.6700
1.2526347845e+000 1.1882120164e-001 3.1452015338e+000
43 30 12
3 7 923 337.9400 -178.7000 8 901 384.9300 -175.5800 9 568 399.3600 -173.2200
8.3280547428e-001 2.6490980963e-001 3.0613821111e+000
90 82 63
2 7 972 -62.0000 10.2300 8 741 -70.3600 21.3400
8.2651898592e-001 2.6549884648e-001 3.0579099668e+000
112 95 76
2 7 973 -70.4700 10.6500 8 940 -79.3900 22.4200
1.0310674336e+000 4.5894564332e-001 3.1482735031e+000
41 44 35
2 7 1018 160.6000 203.2500 8 985 174.7500 232.1300
1.0458676970e+000 4.7565386738e-001 3.1097245624e+000
109 116 101
3 7 1019 142.4900 202.7400 8 761 154.3900 231.2900 9 812 148.6800 261.6300
1.1380552267e+000 5.3442445988e-001 3.2123584140e+000
216 199 175
2 7 1035 281.1100 271.2400 8 1001 307.9700 310.4500
8.3191909678e-001 -5.1713481701e-002 3.0406069264e+000
136 140 141
2 7 1211 -68.9400 -375.0800 8 842 -77.2800 -389.2200
8.3322748509e-001 -4.6424760647e-002 3.0551352249e+000
8 5 4
3 7 1226 -56.6100 -367.7700 8 1177 -65.7800 -381.4000 10 1156 -117.0200 -392.4800
8.8426669313e-001 -3.7201045000e-002 2.7724198498e+000
21 22 25
2 7 1230 -196.5800 -366.1700 8 857 -181.9200 -376.1500
9.5316652235e-001 -2.0111945945e-002 2.8079717682e+000
101 95 81
2 7 1256 -117.4800 -345.6400 8 877 -98.3800 -356.0800
1.2576282813e+000 1.2220265551e-001 3.1437461352e+000
111 98 79
3 7 1298 340.1300 -175.9100 8 1277 386.0100 -172.6000 9 1281 402.6200 -169.2900
8.3832509180e-001 1.2304183909e-001 3.0700791530e+000
67 59 40
2 7 1309 -45.8700 -155.9800 8 1282 -54.6000 -154.4700
1.1631878766e+000 2.1642562181e-001 3.1960139181e+000
213 207 178
3 7 1348 314.6700 -60.4400 8 921 348.6400 -46.6900 10 960 377.5900 -8.3300
7.0465693322e-001 2.0173808102e-001 3.0106424597e+000
204 194 164
2 7 1352 -224.5800 -56.9100 8 1325 -246.2200 -52.0700
8.2274439018e-001 2.3215406996e-001 3.1114624802e+000
214 204 181
2 7 1366 -32.6500 -13.9900 8 1350 -45.7500 -1.7900
8.0033855608e-001 2.6508363537e-001 3.0451214913e+000
203 191 159
2 7 1382 -104.5400 11.3300 8 1384 -116.0600 22.2900
8.0655000564e-001 2.6627763801e-001 3.0456515392e+000
34 27 9
2 7 1383 -98.2200 11.9100 8 1383 -108.9700 22.7400
1.2138593118e+000 4.5641473989e-001 3.1895141657e+000
70 54 41
2 7 1434 318.9400 170.7100 8 1439 356.0100 202.7500
8.3077033648e-001 4.4191403980e-001 3.1121664600e+000
180 175 146
3 7 1464 -31.8000 223.5200 8 1446 -43.5000 249.4100 10 1381 -93.9400 301.2900
9.4293791406e-001 5.5418031686e-001 3.1262408011e+000
207 196 166
2 7 1488 69.5300 314.1000 8 1469 72.6300 346.9000
1.0262956201e+000 1.9350277105e-001 3.2234905721e+000
234 229 201
2 5 38 351.7200 -53.2100 6 33 272.3100 -56.9600
9.2358372909e-001 4.4801204752e-001 3.2245738129e+000
44 46 36
2 5 44 239.7700 258.5500 6 51 166.9300 247.8400
9.2358372909e-001 4.4801204752e-001 3.2245738129e+000
44 46 36
2 5 45 239.7700 258.5500 6 52 166.9300 247.8400
6.9917497441e-001 5.3463446323e-001 2.9919336622e+000
93 79 53
2 5 80 -118.5300 332.0601 6 90 -215.2100 309.5200
7.2674562216e-001 6.0752191627e-001 3.0579824301e+000
108 92 66
4 5 319 -54.2000 430.9399 6 320 -144.0800 405.3700 8 302 -190.5800 434.8101 9 330 -236.4300 468.7200
6.7630150100e-001 6.2803488881e-001 2.9970461928e+000
224 217 190
2 5 320 -141.6300 445.0100 6 321 -235.3400 415.3101
6.7949938439e-001 6.8775240332e-001 3.0283026617e+000
213 239 254
2 5 326 -122.4500 521.0100 6 325 -213.7700 490.8400
6.9327282872e-001 6.6752026714e-001 3.0429482043e+000
251 254 255
6 5 410 -99.2800 501.4100 6 406 -188.9500 472.0900 7 396 -210.5400 472.0000 8 380 -232.3700 499.7900 9 406 -277.3300 534.4500 10 499 -291.4900 549.3101
9.8677490335e-001 3.1843637184e-001 3.2271227935e+000
231 231 203
3 5 489 310.1900 97.7900 6 486 228.9900 90.6300 7 477 205.9400 91.4900
6.8854071227e-001 5.5354316509e-001 2.9887652772e+000
97 90 55
2 5 513 -131.9000 354.7400 6 646 -227.6700 330.9500
7.0432808050e-001 5.7453067080e-001 3.0089694363e+000
129 109 76
4 5 515 -111.3100 383.4299 7 496 -219.6400 358.9500 8 376 -238.6400 380.7900 9 401 -281.8700 408.9299
6.9110285651e-001 1.8912415216e-001 3.0702092941e+000
107 90 57
2 5 595 -89.2500 -51.0000 9 447 -293.4000 -47.0200
6.5781803453e-001 7.0595686337e-001 3.0136456781e+000
249 254 255
3 5 674 -152.4500 541.3400 6 659 -242.9900 509.3600 7 645 -264.2700 508.4200
1.0834300141e+000 2.0178074551e-001 3.3088738588e+000
140 124 105
2 5 991 457.8200 -31.5100 6 995 392.7500 -33.4200
6.8930782318e-001 6.7854150814e-001 3.0374308454e+000
249 251 223
3 5 1103 -106.6700 511.3600 6 1572 -197.0800 482.1100 7 1507 -219.4700 482.0900
1.0144340562e+000 3.4804409561e-001 3.3845454341e+000
69 68 66
2 5 1524 417.0200 173.8500 8 1440 388.2500 206.4500
1.9858207138e+000 1.1074243493e-001 1.7096057182e+000
50 28 16
2 6 61 -76.7400 -301.7400 9 53 135.6300 -304.6600
2.0130213827e+000 1.1564565061e+000 2.1342159962e+000
255 255 255
2 6 70 45.8500 255.3200 9 59 254.8200 294.6000
4.5606298822e+000 1.9094604594e+000 -5.4426688242e-002
228 223 199
2 6 86 67.3600 96.9500 8 69 283.2600 100.8500
2.3951846510e+000 1.5761088510e-002 1.9646642579e+000
4 3 4
2 6 145 157.4500 -334.7600 9 140 398.0400 -347.8700
2.3739839706e+000 5.6924715352e-003 1.9074664075e+000
48 25 7
2 6 182 129.8900 -341.1700 9 136 368.5100 -355.7700
2.4123275185e+000 -3.3674776322e-002 1.9545999965e+000
16 16 17
2 6 231 161.0900 -358.1400 9 245 402.9900 -375.9600
2.3146414294e+000 4.8794044464e-002 1.9001828039e+000
77 43 17
2 6 447 106.6600 -321.5900 9 357 340.5100 -332.4600
1.2334025113e+000 3.6837826686e-001 3.2252255402e+000
122 117 96
2 6 608 373.2700 92.5400 10 473 459.1000 187.5000
1.2102391936e+000 5.7893832299e-001 3.2640702389e+000
205 204 174
2 6 640 365.1000 307.0100 10 412 438.4700 464.4100
6.1213954404e-001 6.5935214463e-001 3.0302556731e+000
250 254 254
5 6 658 -275.9100 490.2200 7 644 -299.7200 488.7700 8 620 -328.9300 513.1899 9 660 -381.8000 544.9000 10 842 -397.2500 552.9000
2.3811754728e+000 9.0281057059e-003 1.9327666214e+000
27 7 0
2 6 735 141.4400 -339.3400 9 542 380.6600 -352.5601
1.0050418537e+000 4.6546123322e-001 3.1199907913e+000
216 224 201
3 6 811 133.5900 203.8800 9 630 114.0600 265.0900 10 651 121.6200 294.9800
8.2161405180e-001 -5.2856964021e-002 3.0482157899e+000
139 135 139
3 6 893 -21.8600 -379.7500 9 671 -130.2100 -402.3199 10 694 -136.3900 -402.1200
2.3278397969e+000 3.6575298152e-002 1.8967696915e+000
22 1 0
2 6 941 110.1100 -327.2500 9 711 345.0300 -339.4399
1.0062698967e+000 1.5100599337e-001 3.0424427000e+000
164 150 124
2 6 973 102.4000 -142.9800 9 750 77.5000 -134.4100
8.6185703515e-001 2.0430459055e-001 3.1207962085e+000
174 167 141
3 6 991 53.0200 -54.0000 9 992 -36.7100 -29.1500 10 791 -46.7300 -15.0800
4.2690209417e+000 2.2192849746e+000 2.9179714001e-001
220 215 202
2 6 1053 75.3400 204.8500 8 982 286.6800 211.3900
3.3491081152e-001 -1.4271228464e-001 3.6888610039e+000
112 86 63
2 6 1101 378.8400 -704.8400 7 1062 -41.5100 -716.6899
6.0006871558e-001 -8.5541478179e-002 3.0578176152e+000
28 15 1
2 6 1178 -240.5100 -442.8900 8 1079 -362.2700 -447.9301
6.5643398192e-001 2.1717987142e-001 3.1301341502e+000
94 86 61
2 6 1405 -132.3600 -3.3300 9 1013 -309.3100 24.9200
6.8945493919e-001 6.7578630477e-001 3.0546318891e+000
61 70 77
4 6 1573 -184.8300 488.2500 8 1509 -229.7900 517.2800 9 1512 -276.2200 552.5800 10 1060 -290.4700 568.0900
6.4480365477e-001 6.6912831412e-001 3.0334630311e+000
227 213 203
2 6 1574 -241.6300 488.5900 8 1501 -290.1800 513.3300
6.4505372093e-001 6.6945538670e-001 3.0330944603e+000
227 213 203
3 6 1575 -241.6300 488.5900 8 1502 -290.1800 513.3300 9 1081 -339.7100 546.3900
7.0183904845e+000 3.0867947976e+000 -3.1484046526e+000
44 43 41
2 7 105 73.9600 67.5800 9 88 317.9200 91.9700
1.0400012428e+000 1.2525858531e-001 3.1820540568e+000
105 97 78
2 7 232 221.4600 -152.5500 9 183 221.5100 -141.0100
8.4290351630e-001 3.1232442005e-001 2.8548979206e+000
37 29 18
2 7 253 -187.5600 6.4900 9 282 -201.0700 27.1100
1.2588306706e+000 5.7268091503e-001 3.2779248012e+000
122 104 74
2 7 297 406.5800 296.7900 8 206 448.7700 343.4100
1.2767147050e+000 8.2433404991e-001 2.6709555317e+000
223 218 186
2 7 299 9.3200 298.5800 9 322 80.6300 351.0601
1.0545714616e+000 5.6981609268e-001 3.1992263284e+000
220 216 186
2 7 304 209.6800 324.6300 10 230 221.3700 452.0300
7.8574738800e-001 1.2227379817e-001 2.9529084460e+000
186 179 151
2 7 344 -179.5700 -171.1700 10 369 -219.7700 -165.2300
6.7624241185e-001 6.6948257865e-001 3.0402722861e+000
103 81 71
4 7 498 -229.1600 479.8600 8 617 -251.7300 506.8000 9 658 -298.4800 540.6100 10 844 -311.5900 554.1300
8.6792549350e-001 1.0903822816e-001 3.1193794431e+000
164 154 125
2 7 555 21.7900 -166.8100 10 370 -37.8000 -153.6600
1.2549383220e+000 5.7356371967e-001 3.2897707913e+000
210 199 171
2 7 618 414.1900 302.7500 8 596 456.2500 350.8300
9.5657921391e-001 5.4881905960e-001 3.1301642418e+000
149 129 96
2 7 621 83.8100 307.1300 9 637 66.1100 375.4600
1.1438129007e+000 -5.8351179685e-002 3.2597203953e+000
46 38 25
2 7 687 388.3800 -364.1300 8 499 424.3300 -377.9500
4.6295211165e+000 1.4852056007e-001 -5.0000057793e-001
20 0 0
2 7 722 124.2500 -327.7300 9 718 362.9900 -338.7400
4.6295211165e+000 1.4852056007e-001 -5.0000057793e-001
20 0 0
2 7 724 124.2500 -327.7300 9 719 362.9900 -338.7400
7.2098580564e-001 1.9936056022e-001 3.0171842642e+000
105 88 62
2 7 755 -203.0200 -61.2800 9 588 -274.1300 -46.9800
1.1488096794e+000 5.4658190157e-001 3.2030938771e+000
215 201 173
2 7 792 279.8000 277.3700 10 662 329.6900 402.9299
9.0540183740e-001 5.9179320819e-001 3.1388883834e+000
111 95 64
2 7 804 46.6500 368.8000 9 652 15.3700 443.9000
1.0709315233e+000 -7.3193774633e-002 3.1869494537e+000
175 161 143
2 7 851 266.2700 -387.3600 9 1139 276.3300 -422.7500
1.0771330966e+000 -1.3632582666e-002 3.0349824416e+000
24 6 0
2 7 910 137.3700 -326.7400 9 931 154.2300 -345.4800
1.2302934490e+000 2.0390428851e-001 3.1995961292e+000
207 195 167
2 7 939 362.8000 -80.5400 8 1302 405.6600 -67.9000
8.8437755314e+000 2.6603222542e+000 -4.8092463446e+000
115 106 77
2 7 942 98.3800 -63.8900 9 589 355.1000 -45.6800
1.2433692622e+000 2.3956740335e-001 3.2195616101e+000
80 74 53
3 7 950 384.4100 -41.4800 8 924 429.7100 -24.7600 9 767 444.3200 -7.4700
1.1667282214e+000 2.9640878080e-001 3.2002397371e+000
224 217 194
3 7 979 313.3100 23.7200 9 790 349.3400 66.8800 10 807 376.0600 97.1800
1.0997845110e+000 5.8405993543e-001 3.2127907847e+000
98 89 60
2 7 1047 251.1200 330.0900 10 673 279.8800 464.7900
1.0142221230e+000 5.8374864185e-001 3.1762959855e+000
150 132 108
2 7 1049 160.9300 341.3300 10 671 159.4200 463.2900
8.4550541720e-001 6.2076052184e-001 3.1161328723e+000
238 231 203
2 7 1055 -21.6500 407.7500 9 1078 -65.3900 480.7100
6.7753961133e-001 6.7427471481e-001 3.0323801544e+000
87 71 62
2 7 1056 -232.2900 479.4800 9 1080 -300.5300 540.0500
6.0169378555e-001 -5.6367430765e-002 3.0814967343e+000
197 186 168
2 7 1185 -297.9500 -385.5699 9 868 -431.7000 -412.8500
8.2661388434e-001 -5.3705734329e-002 3.0539887215e+000
16 13 9
3 7 1208 -63.6300 -376.6000 9 880 -120.6400 -403.8800 10 1148 -126.4600 -403.6600
6.9096367708e-001 -4.1776169719e-002 2.6723768419e+000
51 61 53
2 7 1212 -427.6400 -375.0000 8 1162 -420.9100 -385.7900
8.2804668247e-001 -4.8584707645e-002 3.0539996039e+000
60 62 59
2 7 1219 -62.5700 -370.5500 10 1152 -124.8100 -395.8900
6.0411190973e-001 -4.4890477243e-002 3.0533002012e+000
38 37 22
2 7 1220 -314.5100 -370.5500 8 1169 -358.2100 -384.3900
8.2156641815e-001 -4.7096071824e-002 3.0488939890e+000
13 18 13
3 7 1224 -72.7000 -368.6200 9 890 -130.5100 -394.2500 10 880 -135.7400 -393.8700
6.0418461240e-001 -4.3573992697e-002 3.0567776530e+000
86 91 72
3 7 1227 -312.3800 -367.9800 8 1176 -355.5300 -382.1600 9 894 -436.9200 -391.9200
4.5979997793e+000 2.0138099223e-001 -4.4870493312e-001
68 49 32
2 7 1272 126.9600 -314.8199 9 1248 365.0600 -324.3800
1.1741501831e+000 2.0579332374e-001 3.1900093530e+000
210 201 166
3 7 1332 318.1500 -73.8300 9 1315 357.2800 -48.5400 10 1279 386.3200 -26.3800
1.1739875430e+000 2.0653128638e-001 3.1871552957e+000
118 107 73
2 7 1333 315.2600 -73.6200 10 1280 383.3700 -26.0100
9.8520266115e-001 2.0035652663e-001 3.1150062134e+000
110 93 65
2 7 1334 115.5000 -72.9400 10 783 109.4400 -36.5400
7.6059020235e-001 2.4037197261e-001 3.0345912384e+000
232 228 205
2 7 1367 -150.7300 -14.1500 10 966 -221.5200 16.7800
1.1532937337e+000 2.8223253306e-001 3.2011481403e+000
206 205 175
2 7 1381 306.1300 11.2400 9 1021 339.5600 52.4000
1.0610391449e+000 4.5490939255e-001 2.4607458358e+000
57 42 18
2 7 1389 -214.7300 20.1200 9 1357 -155.1300 38.2000
6.4471099034e-001 6.7395047011e-001 3.0228907548e+000
118 115 104
2 7 1509 -270.4000 486.5601 8 1499 -295.3200 511.9700
6.5798641514e-001 6.7033599334e-001 3.0398437351e+000
148 145 155
4 7 1510 -247.3200 487.5601 8 1503 -272.0700 514.0200 9 1509 -320.5800 547.3900 10 1452 -334.9900 559.4900
6.5244988917e-001 6.7400098128e-001 3.0438498125e+000
223 226 208
4 7 1512 -250.2300 494.9600 8 1512 -276.1700 522.2600 9 1514 -325.6700 556.0800 10 1061 -340.6500 568.2800
7.7588441748e-001 4.2476161316e-001 2.9846943974e+000
62 49 30
2 8 3 -179.2900 189.1900 10 4 -213.6100 222.6100
1.2232743432e+000 1.6755998186e-001 3.1954589831e+000
100 85 56
2 8 20 400.6900 -110.5100 9 24 412.8000 -99.1700
1.1912199346e+000 2.1970505992e-001 3.2104575857e+000
227 220 192
3 8 32 383.0000 -43.8500 9 36 391.3200 -28.1000 10 28 420.6000 -1.3300
1.2189977016e+000 2.8271377637e-001 3.2193742241e+000
31 29 20
2 8 36 405.6200 27.4500 9 38 417.0700 47.5400
1.0487447752e+000 -6.2633794942e-002 3.1658037576e+000
107 98 81
2 8 49 248.6500 -391.4500 9 50 231.8600 -408.0400
1.1964448985e+000 4.2283049702e-001 3.1839226922e+000
251 245 223
2 8 55 342.1200 171.0200 9 42 350.0800 200.7800
1.0478025909e+000 5.4938882601e-001 3.1859373404e+000
230 223 194
2 8 61 211.1800 340.3500 9 64 199.0200 380.5601
9.5608908708e-001 5.3585560570e-001 3.1219592133e+000
218 211 182
3 8 116 82.7700 322.3600 9 124 60.9300 357.3101 10 101 62.8200 389.1700
6.9617988259e-001 5.6874581356e-001 3.0181870066e+000
139 119 86
3 8 122 -244.9900 382.9399 9 94 -288.9200 410.8700 10 125 -297.7500 422.4100
9.4765270120e-001 5.2658210054e-001 3.1073622280e+000
50 52 38
2 8 148 65.0300 306.9700 9 219 43.1100 343.2900
8.5335149763e-001 5.7920195536e-001 3.1192690827e+000
234 227 199
3 8 152 -19.7000 396.9200 9 162 -53.8800 435.1200 10 158 -62.9500 463.1500
1.1252998035e+000 -3.6580763431e-002 2.8653108169e+000
102 99 80
2 8 164 86.1000 -368.7900 9 173 89.8300 -378.5601
1.1254999990e+000 -1.4464589194e-002 2.8635078270e+000
98 91 72
2 8 170 84.1200 -345.8101 9 178 88.0800 -353.6400
1.2562006860e+000 2.6745928361e-001 3.1720196774e+000
45 41 33
2 8 182 393.6900 -7.7100 9 188 410.0800 9.8300
1.2214468183e+000 4.5653943840e-001 3.1931984647e+000
63 56 38
3 8 194 364.6600 202.8700 9 213 376.3100 236.2400 10 216 408.6300 279.2500
7.1006979129e-001 5.4890376751e-001 2.9517754261e+000
23 18 15
3 8 203 -264.4400 326.0601 9 220 -300.0400 347.9600 10 220 -299.5500 356.5701
9.6457553804e-001 5.5347605118e-001 3.1265035984e+000
162 144 108
3 8 204 92.5700 340.7600 9 160 72.6200 377.2300 10 156 74.1200 409.2000
8.1729113302e-001 5.8991109951e-001 3.1062163132e+000
106 91 63
2 8 214 -64.6100 414.0100 9 165 -102.8700 450.2300
8.1729113302e-001 5.8991109951e-001 3.1062163132e+000
106 91 63
2 8 215 -64.6100 414.0100 9 166 -102.8700 450.2300
6.6296074553e-001 6.6830613337e-001 3.0367254423e+000
215 230 242
3 8 216 -269.0500 507.2500 9 229 -315.9000 541.7000 10 233 -329.1800 554.9200
1.0491812612e+000 5.6492779826e-002 3.1786924973e+000
137 125 106
2 8 233 250.3400 -236.0500 9 257 234.2000 -237.2500
9.7252522849e-001 2.0587013029e-001 3.1139720177e+000
224 217 188
3 8 240 112.0700 -56.2300 9 270 88.6000 -44.1100 10 271 92.6900 -28.5900
1.0390129284e+000 4.4425738673e-001 3.1486956577e+000
137 124 102
3 8 288 183.1800 214.6600 9 311 170.4100 247.0600 10 402 179.8400 278.1800
1.2198955428e+000 5.7860435317e-001 3.2522782770e+000
107 93 67
3 8 298 399.0900 350.3600 9 225 408.8900 396.7600 10 229 439.0300 452.2800
8.0363607469e-001 -6.5027242668e-002 3.0559055510e+000
251 255 246
2 8 315 -98.7800 -407.7300 9 339 -148.9800 -421.0601
5.9504640689e-001 -3.6888245771e-002 3.0836371358e+000
182 166 145
2 8 327 -354.1100 -370.8900 9 347 -440.4300 -380.4900
5.8741151838e-001 -3.2736449514e-002 3.0784585224e+000
73 58 43
2 8 329 -368.0700 -364.6801 9 349 -454.5000 -373.6899
1.1729060279e+000 3.0547180060e-001 3.1992674816e+000
177 177 165
3 8 356 350.1200 54.2900 9 388 353.1800 76.6100 10 303 380.8700 106.4200
1.0510648613e+000 3.3864077497e-001 3.1159770889e+000
112 100 78
2 8 362 176.7100 86.1100 9 473 165.5100 107.0200
1.0345147476e+000 4.4046312185e-001 3.1762895245e+000
128 118 92
3 8 368 201.2800 223.1000 9 483 186.5700 256.1700 10 479 193.2700 290.1800
8.0200508975e-001 -6.0854877970e-002 3.0481160383e+000
39 33 21
3 8 394 -105.9200 -404.0601 9 341 -156.1400 -414.8400 10 243 -164.1800 -413.0900
6.7018114350e-001 -4.9095777730e-002 3.0153768633e+000
71 71 60
2 8 398 -289.8000 -389.5000 9 415 -354.3900 -400.6600
1.0186834191e+000 2.4681217752e-001 3.1291504466e+000
228 207 178
3 8 425 164.6200 -9.7300 9 453 147.6700 5.7500 10 452 156.5500 25.9000
9.6008837031e-001 2.8995849849e-001 3.0854123380e+000
197 195 178
2 8 438 73.8300 36.4300 9 465 51.0900 54.4500
6.7197609181e-001 2.7246533978e-001 2.9952313727e+000
98 71 37
2 8 439 -292.3600 35.8500 9 464 -344.7600 49.0900
9.0557453738e-001 3.3315841463e-001 3.0812688943e+000
240 235 207
3 8 446 15.6600 95.0300 9 618 -13.1800 114.7900 10 628 -13.3900 133.9600
1.0397078189e+000 4.3784757565e-001 3.1451350365e+000
131 124 105
3 8 451 181.7200 207.2700 9 625 168.7000 236.3900 10 817 178.8500 268.9600
1.0360873413e+000 4.3623821229e-001 3.1829278209e+000
243 238 209
3 8 453 208.3500 220.4300 9 482 193.4400 253.9000 10 478 200.0700 288.8700
7.1057732817e-001 5.4195724581e-001 2.9517060842e+000
14 16 7
3 8 455 -264.2100 318.3201 9 488 -299.8000 340.1100 10 482 -299.2600 349.3101
1.2254296568e+000 5.7546532419e-001 3.2592671044e+000
219 221 192
3 8 458 409.2700 348.5300 9 400 420.2800 395.5500 10 411 450.8900 451.9800
6.3482394580e-001 6.7127169377e-001 3.0204860784e+000
255 255 250
3 8 464 -308.1600 510.8201 9 503 -356.0400 543.5100 10 500 -368.9400 553.0601
5.9079003866e-001 -8.4900851605e-002 3.0942545567e+000
36 29 20
2 8 468 -355.2900 -446.6899 9 410 -446.1200 -461.8500
8.0792780345e-001 -7.0013726035e-002 3.0455632751e+000
81 53 43
3 8 474 -100.5200 -414.2500 9 513 -150.0300 -428.2400 10 417 -156.7900 -428.7500
6.0914514371e-001 -3.9903744506e-002 3.0723940889e+000
71 56 40
2 8 501 -340.2400 -375.8700 9 686 -422.4800 -385.6200
8.2969651544e-001 4.9831105358e-001 2.6821600554e+000
20 15 10
2 8 573 -269.3800 150.5800 9 620 -276.3400 159.3700
1.2240237796e+000 3.8629090730e-001 3.2713900321e+000
228 234 201
2 8 575 443.2900 156.2200 9 621 456.4000 190.8100
8.7955027557e-001 5.0819152491e-001 2.8023667190e+000
13 12 0
2 8 579 -172.5200 188.3500 9 480 -183.5500 202.2700
1.1464654691e+000 4.3141420971e-001 3.1883152452e+000
130 122 89
2 8 580 305.8100 191.8900 9 624 306.9600 224.0700
1.1492119579e+000 4.7255773437e-001 3.1961699526e+000
235 232 199
2 8 587 310.1600 237.3200 10 481 333.1500 314.2400
1.1514816836e+000 5.2793003508e-001 3.2064265885e+000
183 176 148
2 8 591 314.5800 298.4800 9 487 316.4200 338.1799
1.2099076445e+000 5.8032005511e-001 3.2625608409e+000
221 217 186
2 8 597 399.5700 359.2200 9 495 409.7700 407.2700
6.5111027677e-001 6.0429556331e-001 3.0431278825e+000
109 103 74
3 8 616 -281.6200 449.5100 9 332 -331.3600 478.7600 10 497 -347.6600 491.6799
6.7952112080e-001 6.6814726240e-001 3.0489727672e+000
252 249 234
3 8 618 -244.0800 509.7400 9 659 -291.1200 544.1700 10 679 -304.8800 558.3300
6.4730405397e-001 6.9520011520e-001 3.0262245431e+000
253 255 253
2 8 621 -289.8500 534.4700 9 663 -337.9400 568.1400
8.1021357508e-001 -4.3081689208e-002 3.0470782698e+000
190 203 195
2 8 649 -97.8100 -377.4399 10 702 -153.0100 -388.0500
8.1958175139e-001 -3.9958441425e-002 3.0566241335e+000
164 139 121
2 8 652 -80.4500 -372.7200 9 688 -127.6900 -383.6600
5.3724005989e-001 -4.5491876941e-002 3.7347671283e+000
25 14 1
2 8 677 348.7400 -343.6400 9 539 7.8400 -368.0300
1.0425796975e+000 2.3363359614e-001 3.1787449857e+000
124 116 89
3 8 729 228.4200 -15.5000 9 771 212.8600 1.4700 10 797 221.1100 23.3600
1.0209079312e+000 2.5404391684e-001 3.1204761261e+000
189 173 150
2 8 734 159.3700 -4.0900 9 776 142.9800 11.9400
1.0209079312e+000 2.5404391684e-001 3.1204761261e+000
189 173 150
2 8 735 159.3700 -4.0900 9 777 142.9800 11.9400
1.0390881554e+000 3.6043232690e-001 3.1822628888e+000
233 227 198
3 8 755 217.1400 134.4700 9 808 201.7600 162.4100 10 635 209.2400 192.9400
1.0682548970e+000 5.0570228510e-001 3.1983939290e+000
230 226 199
2 8 764 242.5700 295.0400 9 817 232.4200 332.1400
7.1970658447e-001 6.0320355806e-001 3.0728841329e+000
212 208 179
3 8 777 -188.3900 441.1700 9 656 -235.0300 476.1600 10 839 -249.4100 493.0900
1.0699885796e+000 -7.4415934536e-002 3.1883790312e+000
193 177 157
2 8 825 290.2900 -405.2600 10 1123 290.3000 -426.9900
1.0773172727e+000 -6.9011263000e-002 3.1843701281e+000
210 207 191
2 8 830 292.7800 -398.1600 9 1149 280.5100 -415.5000
1.1522214081e+000 -4.0084726999e-002 2.8768311181e+000
38 23 9
2 8 862 115.5400 -371.7700 9 690 121.7100 -381.4500
8.3593693713e-001 -3.3354914980e-002 3.0541081001e+000
35 33 28
2 8 871 -63.8200 -363.5400 9 903 -108.1700 -373.8500
1.2587960301e+000 8.1034051533e-002 3.1177732275e+000
1 4 0
2 8 894 369.0300 -221.0200 9 744 385.4400 -223.5200
1.1611542216e+000 2.0369020308e-001 3.1780635813e+000
196 181 150
2 8 913 332.4800 -65.3700 10 789 361.8900 -30.9100
8.4007249982e-001 2.4363866752e-001 3.0600248308e+000
66 58 39
2 8 928 -63.0400 -6.9300 9 998 -101.3800 6.7200
1.0322185547e+000 5.3441645364e-001 2.5234728999e+000
216 237 230
2 8 967 -170.0400 108.1700 9 801 -155.7800 115.9600
6.0294485487e-001 3.8376289035e-001 3.0366401499e+000
191 193 178
2 8 978 -351.9300 204.2600 9 1427 -414.4700 225.9500
1.0406092763e+000 4.5577668562e-001 3.1316986273e+000
28 26 15
2 8 983 170.8200 220.4400 9 1047 158.7600 250.8700
9.5018951444e-001 4.9043985383e-001 3.1102764400e+000
140 128 102
2 8 996 71.5900 270.6400 9 1445 48.8900 302.5400
8.6239726525e-001 5.0882559597e-001 3.1197490985e+000
74 68 51
2 8 1005 -7.3600 320.1899 10 829 -50.9300 377.6400
1.2129168617e+000 5.7579501217e-001 3.2636655341e+000
91 90 61
2 8 1013 403.3500 354.4800 9 1069 413.9300 401.9900
1.2129168617e+000 5.7579501217e-001 3.2636655341e+000
91 90 61
2 8 1014 403.3500 354.4800 9 1070 413.9300 401.9900
1.0282498512e+000 5.8430363483e-001 3.1840725825e+000
228 224 197
3 8 1024 190.0800 380.8101 9 1073 174.9700 423.7500 10 1043 180.6400 465.9800
5.9952331194e-001 -8.7981641909e-002 3.0683332478e+000
144 137 111
2 8 1075 -357.2800 -450.4500 10 848 -473.8600 -465.6400
8.0879342879e-001 -7.3506841054e-002 3.0453801294e+000
224 215 197
2 8 1100 -99.8700 -419.3900 10 1112 -155.9500 -434.0800
8.1304513956e-001 -7.0267907061e-002 3.0482029022e+000
29 20 15
2 8 1105 -93.0800 -414.5500 9 1131 -141.1400 -428.4900
1.0564346929e+000 -6.4680621613e-002 3.1825244179e+000
217 214 193
2 8 1137 271.3900 -393.2700 10 872 267.0900 -412.3500
8.2992538738e-001 -2.6492341360e-002 3.0518157996e+000
210 204 193
2 8 1228 -72.4200 -354.6700 9 918 -117.3300 -363.9000
8.2346532821e-001 -2.5769571452e-002 3.0504204054e+000
31 17 3
2 8 1229 -80.7600 -353.4700 9 1222 -126.4700 -363.3199
7.0712290864e-001 2.2537232589e-001 3.1541746504e+000
63 46 30
2 8 1382 -152.6500 21.6000 9 1353 -221.9700 37.2700
1.1555289947e+000 3.2546525194e-001 3.1663571894e+000
203 189 179
2 8 1401 305.5900 68.6300 9 1393 307.9000 91.4500
1.0774304626e+000 3.0901236641e-001 3.1944136719e+000
77 73 48
2 8 1403 265.8400 73.4400 10 1348 267.8000 124.6600
7.5868029279e-001 5.2376663523e-001 2.8577693886e+000
83 76 64
2 8 1445 -259.5200 247.9400 9 1049 -284.4700 264.2900
1.1959587453e+000 5.1915902920e-001 3.2147269537e+000
177 176 155
2 8 1451 356.5400 281.5000 9 1452 364.4600 320.6000
8.0849454960e-001 5.3932800398e-001 2.9890960846e+000
33 23 12
2 8 1457 -143.1800 306.3500 10 1386 -170.2700 346.9000
1.0078369151e+000 5.5523577942e-001 3.1296939656e+000
128 107 76
2 8 1466 133.8100 331.9600 10 1402 125.5500 402.2700
6.4230416667e-001 6.7283849543e-001 3.0283148861e+000
206 200 184
2 8 1506 -295.4000 514.7500 9 1510 -344.7200 547.8201
6.8906749653e-001 6.7684604977e-001 3.0493345488e+000
220 230 208
2 8 1507 -233.0700 515.2400 9 1511 -279.4600 550.4399
6.8889558159e-001 6.7476723483e-001 3.0558311108e+000
64 81 80
2 8 1508 -229.7900 517.2800 10 1059 -290.4700 568.0900
6.4516763341e-001 6.7092564244e-001 3.0384264797e+000
171 177 162
2 8 1510 -287.1000 518.5400 10 1453 -351.2300 562.8500
7.8471858650e-001 2.7142335619e-002 2.9464528128e+000
19 14 11
2 9 1 -230.8600 -297.1200 10 0 -225.4400 -292.4900
9.4150565663e-001 6.2686266420e-001 3.1889679667e+000
212 238 255
2 9 11 86.4600 502.9700 10 9 79.2900 541.4500
8.8046858624e-001 6.7091034839e-002 3.1411283227e+000
15 14 9
2 9 23 4.7100 -220.0700 10 24 -7.1100 -212.6100
9.9210468228e-001 4.9303006683e-001 3.1198336845e+000
246 243 224
2 9 32 99.2300 300.3500 10 33 105.1800 329.0100
1.0419149312e+000 3.2232686757e-001 3.1381989449e+000
37 40 33
2 9 39 173.7700 97.7800 10 42 185.0200 123.2400
1.0389111025e+000 4.5289448818e-001 3.1364759715e+000
48 51 42
2 9 44 160.7600 250.7200 10 45 171.3000 282.0600
8.7013449262e-001 -4.6134434847e-002 3.1375368852e+000
47 34 23
2 9 51 -7.5600 -390.2400 10 61 -21.0400 -388.7800
9.2534663066e-001 2.9289175601e-001 3.0979354484e+000
235 231 204
2 9 57 20.6700 67.0800 10 55 21.2900 87.1500
8.0168933322e-001 5.4197054494e-001 3.0053019520e+000
61 51 28
2 9 74 -173.5800 344.6300 10 78 -172.4300 361.3300
1.0684908609e+000 1.1754400181e-001 3.0385743333e+000
43 29 16
2 9 104 140.7500 -181.2600 10 149 164.3300 -170.8200
1.1650639585e+000 2.6323058515e-001 3.1724500683e+000
36 40 26
2 9 110 328.1700 18.5700 10 114 354.9900 43.2300
8.5106054101e-001 5.7588275106e-001 3.1220525355e+000
230 223 195
2 9 128 -55.0500 433.5100 10 128 -64.4100 461.5200
8.6287704784e-001 1.8261674840e-001 3.1345913544e+000
159 134 103
2 9 151 -25.3700 -55.9500 10 180 -37.8300 -41.6900
7.4273154858e-001 3.1701284987e-001 2.8327360794e+000
215 201 172
2 9 200 -319.2900 36.7200 10 197 -300.5300 43.4700
9.5067789411e-001 5.5178463113e-001 3.1238128005e+000
220 211 182
2 9 223 55.7300 377.8500 10 226 56.8900 409.5100
6.8732657127e-001 6.6771540148e-001 3.0555584974e+000
130 113 92
2 9 230 -279.3100 545.6200 10 234 -292.9300 560.6899
7.0369680689e-001 -7.5335371516e-002 3.0012756179e+000
251 252 251
2 9 233 -314.0000 -439.5000 10 237 -324.1300 -437.5800
7.0369680689e-001 -7.5335371516e-002 3.0012756179e+000
251 252 251
2 9 234 -314.0000 -439.5000 10 238 -324.1300 -437.5800
8.5784859244e-001 1.4123938977e-001 3.1229394802e+000
234 229 200
2 9 264 -38.6400 -116.6100 10 178 -50.3200 -104.2200
9.6284465122e-001 2.1211251260e-001 3.1198658508e+000
141 109 81
2 9 271 81.5600 -32.9900 10 272 83.9800 -17.6400
9.6284465122e-001 2.1211251260e-001 3.1198658508e+000
141 109 81
2 9 272 81.5600 -32.9900 10 273 83.9800 -17.6400
1.1813498646e+000 2.5144893496e-001 3.1961269829e+000
169 168 156
2 9 275 365.1100 8.4600 10 184 393.6800 35.2900
1.2513700087e+000 2.7635727065e-001 3.1612567535e+000
190 182 161
2 9 276 395.7200 18.0000 10 294 435.7200 44.8200
7.5333502089e-001 3.0918857517e-001 2.8384892171e+000
137 127 110
2 9 289 -305.6400 27.8400 10 280 -287.0500 35.7000
6.7240999556e-001 2.6470813806e-001 2.9946801794e+000
217 196 165
2 9 298 -344.8800 37.9800 10 296 -352.6100 44.2800
1.1766299943e+000 3.0690118539e-001 3.1949571614e+000
178 180 167
2 9 302 353.7200 76.0500 10 302 380.8700 106.4200
7.7432571132e-001 4.9054069945e-001 2.8197538548e+000
16 13 8
2 9 309 -283.0400 213.0300 10 311 -261.6700 219.1500
9.4948939971e-001 4.4000899481e-001 3.1244412396e+000
228 221 191
2 9 312 59.5900 251.6800 10 314 60.2900 279.0600
1.0081749056e+000 5.3688968733e-001 3.1275590594e+000
217 211 179
2 9 321 118.3400 347.4399 10 325 125.8200 381.0000
9.3242981061e-001 5.3291134788e-001 3.1119017860e+000
234 227 199
2 9 324 29.4000 355.6600 10 223 29.7600 384.9900
9.3242981061e-001 5.3291134788e-001 3.1119017860e+000
234 227 199
2 9 325 29.4000 355.6600 10 224 29.7600 384.9900
8.0689691684e-001 -6.5325006723e-002 3.0486532984e+000
246 248 235
2 9 338 -148.9800 -421.0601 10 344 -157.1700 -421.4500
6.6361774757e-001 2.0171024472e-001 2.9897279403e+000
126 102 64
2 9 370 -361.9400 -45.0800 10 270 -369.9500 -40.6400
8.0244896127e-001 4.6952742484e-001 2.7600896299e+000
13 12 7
2 9 393 -276.5000 164.9700 10 399 -247.7100 170.0100
1.0739113702e+000 5.9303863605e-001 3.1863026917e+000
131 109 76
2 9 404 221.4700 420.6700 10 332 232.3200 464.8300
6.9168029783e-001 -7.6661247317e-002 3.0021882331e+000
112 96 74
2 9 411 -330.5000 -441.8600 10 338 -341.7400 -439.9500
8.1882936854e-001 -4.8863068155e-002 3.0470934147e+000
22 24 21
2 9 417 -134.3600 -396.7400 10 350 -140.9000 -396.1700
6.2532428844e-001 -3.4213490296e-002 3.0427228215e+000
210 202 183
2 9 425 -408.8800 -376.5000 10 356 -431.9700 -375.7100
8.7602143357e-001 1.3242354437e-001 2.8462638838e+000
19 17 4
2 9 438 -171.7800 -182.7900 10 440 -147.7600 -176.9700
6.9718223518e-001 1.2186098285e-001 2.9202832846e+000
214 207 178
2 9 439 -349.1700 -170.8900 10 441 -344.9800 -166.8300
6.8717160011e-001 1.2767365052e-001 2.9241650567e+000
216 215 187
2 9 440 -360.1600 -160.7500 10 442 -357.1500 -158.8000
9.5379479757e-001 2.5876324886e-001 3.0966528056e+000
180 177 160
2 9 457 53.0600 20.4800 10 614 56.9200 37.3000
1.2446667987e+000 3.3317835504e-001 3.1973261800e+000
117 101 76
2 9 471 414.4800 96.0000 10 464 451.6400 129.2900
8.6189411273e-001 4.9716879496e-001 3.1227752937e+000
176 173 162
2 9 489 -40.8400 341.4000 10 483 -49.9300 366.1000
6.3358629479e-001 6.6632597110e-001 3.0277504578e+000
220 232 225
2 9 504 -356.0400 543.5100 10 501 -368.9400 553.0601
6.5542390240e-001 6.7333849992e-001 3.0481587661e+000
82 77 59
2 9 506 -320.7900 557.5701 10 503 -335.4800 570.0500
6.6453746136e-001 -6.4064119526e-002 2.9903147303e+000
222 187 146
2 9 516 -373.6100 -422.7200 10 513 -384.5500 -421.8700
1.0748294219e+000 -5.7930574350e-002 3.0515965433e+000
34 28 16
2 9 524 166.6700 -402.0900 10 517 190.9000 -402.7700
1.0725283486e+000 1.3437731574e-001 3.2048901710e+000
229 220 198
2 9 576 275.7000 -127.7400 10 265 287.2000 -109.9500
1.0831343222e+000 1.8952633044e-001 3.1902378066e+000
236 224 198
2 9 583 269.0400 -58.2600 10 594 282.8500 -38.2300
9.4342729486e-001 2.5753796980e-001 3.0931174311e+000
224 222 197
2 9 601 39.1100 18.9600 10 613 42.1900 36.1500
1.0423957600e+000 4.8035368181e-001 3.1018320094e+000
184 183 163
2 9 628 138.1100 264.1600 10 650 152.1000 294.9800
1.1595080669e+000 5.5644541720e-001 3.1948831785e+000
138 112 86
2 9 635 311.7800 361.5800 10 664 333.9400 407.0200
1.2277092253e+000 5.8613007452e-001 3.2485049252e+000
97 92 62
2 9 642 412.5900 400.8900 10 487 442.5300 456.6100
1.0258121136e+000 5.8763764701e-001 3.1812193982e+000
103 91 64
2 9 648 170.7400 426.9200 10 490 175.5500 468.2500
6.8150710330e-001 -5.1178806572e-002 2.9903043669e+000
166 129 107
2 9 670 -349.0900 -403.5000 10 695 -358.6500 -401.9600
6.6147336819e-001 -4.6258371391e-002 2.9879120320e+000
28 21 10
2 9 674 -378.1900 -396.2200 10 878 -388.6400 -395.0200
8.2181457182e-001 -4.0058579836e-002 3.0518339526e+000
168 135 106
2 9 689 -127.6900 -383.6600 10 709 -134.5500 -382.9000
1.0463699930e+000 1.4891482769e-001 3.1793308462e+000
112 107 80
2 9 751 224.2600 -110.5000 10 777 233.2300 -95.0300
9.6789409788e-001 2.0378874415e-001 3.1103106829e+000
222 212 181
2 9 761 80.6900 -47.5300 10 601 84.8700 -32.1500
6.6578723586e-001 2.5619838567e-001 2.9901539750e+000
65 45 19
2 9 783 -355.8700 26.6600 10 976 -363.3600 32.0200
6.6578723586e-001 2.5619838567e-001 2.9901539750e+000
65 45 19
2 9 784 -355.8700 26.6600 10 977 -363.3600 32.0200
6.8511908272e-001 6.6105798538e-001 3.0551886242e+000
127 113 111
2 9 831 -282.5400 538.7100 10 678 -296.1800 554.0100
6.0367668196e-001 -8.7339442509e-002 3.0483641322e+000
26 15 2
2 9 839 -443.1300 -462.4700 10 850 -470.1800 -461.8900
6.1101037978e-001 -8.3431549703e-002 3.0490347983e+000
189 177 161
2 9 844 -431.1500 -455.7900 10 683 -457.6800 -455.3800
6.0197501827e-001 -8.3438327023e-002 3.0496105706e+000
196 178 164
2 9 845 -445.1300 -456.0400 10 852 -472.4700 -455.7400
6.1492928770e-001 -4.3482310371e-002 3.0383506455e+000
118 115 96
2 9 893 -427.0100 -391.8500 10 885 -450.1200 -390.0500
6.2284469204e-001 -3.0322125195e-002 3.0444529756e+000
97 79 65
2 9 909 -411.7700 -370.6100 10 715 -435.3000 -369.1400
6.2284469204e-001 -3.0322125195e-002 3.0444529756e+000
97 79 65
2 9 910 -411.7700 -370.6100 10 716 -435.3000 -369.1400
1.0473989098e+000 1.6271935781e-001 3.1807610543e+000
231 226 197
2 9 973 225.4600 -91.8300 10 947 234.4200 -75.1700
1.0877774446e+000 1.9301334194e-001 3.1889655119e+000
150 130 97
2 9 979 272.5100 -54.0000 10 787 287.0100 -34.9300
7.6398663285e-001 2.4070550350e-001 3.0398580051e+000
243 236 207
2 9 1000 -206.5500 7.3800 10 1291 -215.0900 17.4100
9.5016637364e-001 2.5244456981e-001 3.1010509191e+000
119 107 84
2 9 1008 52.2600 14.1900 10 798 55.2500 31.4300
9.5016637364e-001 2.5244456981e-001 3.1010509191e+000
119 107 84
2 9 1009 52.2600 14.1900 10 799 55.2500 31.4300
8.1853690618e-001 5.9805272861e-001 3.1084860950e+000
213 222 191
2 9 1076 -100.1900 460.2600 10 1051 -110.8700 486.0400
8.4359713383e-001 6.1757842150e-001 3.1195963756e+000
248 243 214
2 9 1077 -65.3900 480.7100 10 1057 -75.0000 508.9800
8.2476526483e-001 -7.8338224800e-002 3.1011297165e+000
66 67 52
2 9 1114 -92.3200 -440.3900 10 1102 -106.7000 -442.3300
7.9961521784e-001 -6.7118047371e-002 3.0522852842e+000
253 239 231
2 9 1136 -156.4700 -423.9399 10 1128 -166.0200 -424.4600
7.9961521784e-001 -6.7118047371e-002 3.0522852842e+000
253 239 231
2 9 1137 -156.4700 -423.9399 10 1129 -166.0200 -424.4600
1.0552138288e+000 -7.1864277872e-002 3.1829833323e+000
253 252 240
2 9 1143 255.1200 -420.2100 10 1131 266.5300 -423.6400
6.7149656394e-001 -4.6491157794e-002 2.9889430274e+000
132 113 101
2 9 1175 -363.5700 -396.4200 10 1153 -373.5300 -395.3101
6.1702310790e-001 -3.2478236329e-002 3.0502205923e+000
178 171 152
2 9 1202 -418.5500 -373.7800 10 895 -443.7200 -372.4100
8.2824139704e-001 -3.2627063472e-002 3.0465310605e+000
172 169 170
2 9 1206 -122.6400 -372.9301 10 1168 -127.9700 -371.9100
6.0996983614e-001 -3.1120102360e-002 3.0541194353e+000
92 84 65
2 9 1210 -427.8800 -371.4301 10 1172 -454.3400 -370.0900
1.0424175410e+000 -8.4189100616e-004 2.8264776562e+000
84 68 53
2 9 1238 -11.6400 -341.7300 10 1204 26.4400 -338.2900
5.9928212240e-001 1.2412772729e-001 3.0214020556e+000
194 188 162
2 9 1288 -445.6800 -138.0700 10 1240 -463.6300 -134.4100
1.1868954836e+000 2.0276920725e-001 3.1806211069e+000
121 104 73
2 9 1308 361.9300 -56.0800 10 954 392.5500 -34.5300
1.0451429631e+000 2.3347443846e-001 3.1791620814e+000
233 226 198
2 9 1333 216.0000 0.6100 10 968 224.5000 22.7300
8.2314782070e-001 2.4077096671e-001 3.0588304264e+000
166 154 128
2 9 1337 -122.5900 4.7900 10 1289 -128.5100 16.7900
7.0175550888e-001 2.6688638937e-001 3.0071835108e+000
62 45 23
2 9 1360 -301.1200 40.5000 10 1312 -309.0600 47.8400
1.1629929052e+000 2.9347875984e-001 3.1900007443e+000
219 218 188
2 9 1371 338.0300 60.5900 10 1334 363.4500 89.3600
1.2482472141e+000 3.3387148536e-001 3.1662525728e+000
125 106 89
2 9 1389 390.8400 84.9200 10 1343 429.5600 117.3400
7.4139351904e-001 5.6178215052e-001 3.0364270464e+000
127 108 78
2 9 1474 -227.7200 400.4100 10 1405 -235.1500 415.8800
1.0286653245e+000 5.9105974055e-001 3.1794336555e+000
81 75 45
2 9 1485 171.9800 428.3900 10 1421 177.4600 470.4200
