# Bundle file v0.3
9 275
0 0 0
0 0 0
0 0 0
0 0 0
0 0 0
0 0 0
0 0 0
0 0 0
0 0 0
0 0 0
0 0 0
0 0 0
0 0 0
0 0 0
0 0 0
0 0 0
0 0 0
0 0 0
0 0 0
0 0 0
0 0 0
0 0 0
0 0 0
0 0 0
0 0 0
0 0 0
0 0 0
0 0 0
0 0 0
0 0 0
5.3200000000e+002 0.0000000000e+000 0.0000000000e+000
1.0000000000e+000 0.0000000000e+000 0.0000000000e+000
0.0000000000e+000 1.0000000000e+000 0.0000000000e+000
0.0000000000e+000 0.0000000000e+000 1.0000000000e+000
-0.0000000000e+000 -0.0000000000e+000 -0.0000000000e+000
5.3200000000e+002 0.0000000000e+000 0.0000000000e+000
1.0000000000e+000 0.0000000000e+000 0.0000000000e+000
0.0000000000e+000 1.0000000000e+000 0.0000000000e+000
0.0000000000e+000 0.0000000000e+000 1.0000000000e+000
-0.0000000000e+000 -0.0000000000e+000 -0.0000000000e+000
0 0 0
0 0 0
0 0 0
0 0 0
0 0 0
1.5770299237e+000 -9.5633473791e-001 3.0000000000e+000
175 175 175
2 6 474 279.6600 -169.5900 7 500 277.7600 -216.9100
1.9658457821e+000 -8.0007521550e-001 3.0000000000e+000
185 185 185
2 6 478 348.6100 -141.8800 7 507 346.7100 -200.2000
-1.1644172382e+000 5.9796980091e-001 3.0000000000e+000
255 255 255
2 6 252 -206.4900 106.0400 7 391 -120.7000 13.0200
1.9336467542e+000 -8.8026302022e-001 3.0000000000e+000
187 187 187
2 6 318 342.9000 -156.1000 7 335 340.6400 -212.2800
1.9658457821e+000 -8.0007521550e-001 3.0000000000e+000
185 185 185
2 6 477 348.6100 -141.8800 7 506 346.7100 -200.2000
2.0868044975e+000 -2.2522557768e-001 3.0000000000e+000
132 132 132
2 6 755 370.0600 -39.9400 7 785 374.1800 -110.9600
8.5708641110e-001 5.3853314622e-002 3.0000000000e+000
193 193 193
2 6 34 151.9900 9.5500 7 79 187.6400 -66.0800
4.4943615906e-002 3.6005642540e-001 3.0000000000e+000
47 47 47
2 6 38 7.9700 63.8500 7 85 57.8100 -12.7000
-1.1591729186e+000 6.4077070423e-001 3.0000000000e+000
31 31 31
2 6 40 -205.5600 113.6300 7 52 -118.5100 19.3100
-1.1591729186e+000 6.4077070423e-001 3.0000000000e+000
31 31 31
2 6 41 -205.5600 113.6300 7 53 -118.5100 19.3100
-1.1591729186e+000 6.4077070423e-001 3.0000000000e+000
31 31 31
2 6 42 -205.5600 113.6300 7 54 -118.5100 19.3100
-1.2073871354e+000 7.8016920735e-001 3.0000000000e+000
216 216 216
2 6 73 -214.1100 138.3500 7 87 -126.4700 44.1000
-1.0071991655e+000 -2.7180458011e-001 3.0000000000e+000
24 24 24
2 6 62 -178.6100 -48.2000 7 72 -112.5500 -119.6800
1.0649434713e+000 -2.1993307243e-003 3.0000000000e+000
130 130 130
2 6 124 188.8500 -0.3900 7 104 221.0500 -81.2400
1.0047179487e+000 3.9755570261e-002 3.0000000000e+000
17 17 17
2 6 173 178.1700 7.0500 7 192 210.5600 -68.8200
9.2966157153e-001 6.5729321932e-001 3.0000000000e+000
59 59 59
2 6 100 164.8600 116.5600 7 113 204.9900 30.5900
4.5547003495e-001 1.0247366769e+000 3.0000000000e+000
62 62 62
2 6 106 80.7700 181.7200 7 115 131.4200 95.6400
2.2162218596e+000 -1.0887406428e+000 3.0000000000e+000
174 174 174
2 6 117 393.0100 -193.0700 7 176 386.4700 -253.6000
9.8469922059e-001 4.8687967860e-001 3.0000000000e+000
75 75 75
2 6 130 174.6200 86.3400 7 140 214.2100 1.5400
-1.8045181619e-002 4.6415412157e-001 3.0000000000e+000
109 109 109
2 6 183 -3.2000 82.3100 7 198 48.8100 5.0100
-1.8045181619e-002 4.6415412157e-001 3.0000000000e+000
109 109 109
2 6 184 -3.2000 82.3100 7 199 48.8100 5.0100
8.4090222810e-001 5.8342117654e-001 3.0000000000e+000
32 32 32
2 6 187 149.1200 103.4600 7 144 191.2400 17.9200
-7.5078955629e-001 5.4169171556e-001 3.0000000000e+000
76 76 76
2 6 132 -133.1400 96.0600 7 197 -53.6900 1.1200
3.9360895372e-001 1.1192480102e+000 3.0000000000e+000
160 160 160
2 6 139 69.8000 198.4800 7 151 122.4000 111.9500
6.3315805994e-001 -1.1511654961e+000 3.0000000000e+000
29 29 29
2 6 217 112.2800 -204.1400 7 240 87.9300 -205.1700
2.6054885979e+000 -5.0402258393e-001 3.0000000000e+000
189 189 189
2 6 163 462.0400 -89.3800 7 181 459.9000 -170.7300
2.6054885979e+000 -5.0402258393e-001 3.0000000000e+000
189 189 189
2 6 164 462.0400 -89.3800 7 182 459.9000 -170.7300
2.0280451954e+000 -2.8618421053e-001 3.0000000000e+000
183 183 183
2 6 230 359.6400 -50.7500 7 249 363.1300 -119.2100
8.0582720534e-001 1.2468036852e-001 3.0000000000e+000
67 67 67
2 6 177 142.9000 22.1100 7 257 177.4700 -51.8700
1.0621803685e+000 6.7939838610e-001 3.0000000000e+000
19 19 19
2 6 192 188.3600 120.4800 7 205 228.7400 32.7800
1.0776307529e-001 6.1280065551e-001 3.0000000000e+000
48 48 48
2 6 189 19.1100 108.6700 7 273 72.7900 26.0900
-1.2627631166e+000 5.6926698613e-001 3.0000000000e+000
219 219 219
2 6 251 -223.9300 100.9500 7 268 -137.1400 9.3800
1.4943609023e-001 6.8796992481e-001 3.0000000000e+000
200 200 200
2 6 195 26.5000 122.0000 7 206 80.5200 38.7200
1.6011089813e+000 -8.6159779255e-001 3.0000000000e+000
173 173 173
2 6 319 283.9300 -152.7900 7 337 282.6500 -203.0300
9.5994349888e-001 -2.2612837024e-002 3.0000000000e+000
33 33 33
2 6 353 170.2300 -4.0100 7 367 201.8200 -80.4700
1.2712217632e+000 9.3496164881e-002 3.0000000000e+000
48 48 48
2 6 237 225.4300 16.5800 7 254 253.9200 -65.5900
1.1325000964e+000 9.8627764480e-002 3.0000000000e+000
123 123 123
2 6 357 200.8300 17.4900 7 370 230.9800 -62.0500
7.0951131950e-001 1.6494360902e-001 3.0000000000e+000
30 30 30
2 6 243 125.8200 29.2500 7 258 161.5100 -45.3100
9.3140967806e-001 6.2740607011e-001 3.0000000000e+000
29 29 29
2 6 377 165.1700 111.2600 7 271 205.3300 24.4800
-1.1852255226e+000 9.5791350630e-001 3.0000000000e+000
181 181 181
2 6 264 -210.1800 169.8700 7 416 -120.7700 71.8300
-1.2255450371e+000 9.5413540718e-001 3.0000000000e+000
188 188 188
2 6 398 -217.3300 169.2000 7 417 -128.0700 71.5400
4.2468043736e-001 1.1683082294e+000 3.0000000000e+000
68 68 68
2 6 405 75.3100 207.1800 7 285 128.3000 120.1500
1.6374812305e+000 -1.7487405189e+000 3.0000000000e+000
116 116 116
2 6 289 290.3800 -310.1100 7 310 259.7700 -322.0600
1.6374812305e+000 -1.7487405189e+000 3.0000000000e+000
116 116 116
2 6 290 290.3800 -310.1100 7 311 259.7700 -322.0600
9.8464277454e-001 -1.1026690490e+000 3.0000000000e+000
107 107 107
2 6 313 174.6100 -195.5400 7 339 150.3700 -201.8000
-7.1419169490e-001 4.9968036852e-001 3.0000000000e+000
85 85 85
2 6 368 -126.6500 88.6100 7 383 -46.9400 -5.9300
-8.4022556391e-001 7.7255639098e-001 3.0000000000e+000
114 114 114
2 6 387 -149.0000 137.0000 7 403 -64.3100 38.3900
-9.5187963041e-001 8.5229331569e-001 3.0000000000e+000
195 195 195
2 6 390 -168.8000 151.1400 7 410 -81.5600 51.8000
-1.2224436021e+000 9.1426694483e-001 3.0000000000e+000
125 125 125
2 6 395 -216.7800 162.1300 7 584 -126.2000 64.9400
1.7546615027e+000 1.4538722218e+000 3.0000000000e+000
36 36 36
2 6 271 311.1600 257.8200 7 290 348.6800 153.9600
1.5318045939e+000 -1.8622555840e+000 3.0000000000e+000
114 114 114
2 6 432 271.6400 -330.2400 7 461 240.9500 -339.1600
1.1662217907e+000 -1.5457330001e+000 3.0000000000e+000
110 110 110
2 6 448 206.8100 -274.1100 7 478 178.5800 -279.2100
1.1662217907e+000 -1.5457330001e+000 3.0000000000e+000
110 110 110
2 6 449 206.8100 -274.1100 7 479 178.5800 -279.2100
1.1650939024e+000 -1.2171991104e+000 3.0000000000e+000
127 127 127
2 6 682 206.6100 -215.8500 7 491 181.9300 -225.0600
1.9432329450e+000 -7.7520677380e-001 3.0000000000e+000
137 137 137
2 6 714 344.6000 -137.4700 7 734 342.6700 -195.9400
1.9432329450e+000 -7.7520677380e-001 3.0000000000e+000
137 137 137
2 6 715 344.6000 -137.4700 7 735 342.6700 -195.9400
1.9904886117e+000 -7.0184205708e-001 3.0000000000e+000
185 185 185
2 6 484 352.9800 -124.4600 7 515 352.1900 -184.7900
2.6045864937e+000 -5.7563902202e-001 3.0000000000e+000
213 213 213
2 6 721 461.8800 -102.0800 7 750 458.9400 -182.2200
2.0584400148e+000 -4.5265031399e-001 3.0000000000e+000
198 198 198
2 6 497 365.0300 -80.2700 7 529 367.9300 -143.0800
9.6609026687e-001 1.4887300649e-002 3.0000000000e+000
162 162 162
2 6 764 171.3200 2.6400 7 794 203.4300 -74.2200
9.6609026687e-001 1.4887300649e-002 3.0000000000e+000
162 162 162
2 6 765 171.3200 2.6400 7 793 203.4300 -74.2200
-6.2007513978e-001 1.0906012972e-001 3.0000000000e+000
119 119 119
2 6 526 -109.9600 19.3400 7 797 -35.3000 -70.8700
-6.3541349253e-001 3.1251887271e-001 3.0000000000e+000
117 117 117
2 6 533 -112.6800 55.4200 7 804 -34.9800 -38.5700
3.3941730700e-001 9.6298883194e-001 3.0000000000e+000
62 62 62
2 6 566 60.1900 170.7700 7 847 112.3200 85.8800
-1.1628947437e+000 9.1843982209e-001 3.0000000000e+000
115 115 115
2 6 564 -206.2200 162.8700 7 582 -117.0000 65.2000
1.5676691729e+000 -1.8942291719e+000 3.0000000000e+000
111 111 111
2 6 604 278.0000 -335.9100 7 928 246.7600 -344.5700
1.3568232257e+000 -1.8603945854e+000 3.0000000000e+000
120 120 120
2 6 611 240.6100 -329.9100 7 640 209.9800 -335.8200
1.4483460161e+000 -1.7531391803e+000 3.0000000000e+000
117 117 117
2 6 624 256.8400 -310.8900 7 654 227.2600 -319.4500
1.2100941364e+000 -1.6937028698e+000 3.0000000000e+000
117 117 117
2 6 628 214.5900 -300.3500 7 661 185.5000 -305.2800
1.3979885704e+000 -1.6576692968e+000 3.0000000000e+000
121 121 121
2 6 636 247.9100 -293.9600 7 1011 219.3500 -303.1100
1.2590414635e+000 -1.4782896114e+000 3.0000000000e+000
111 111 111
2 6 651 223.2700 -262.1500 7 687 196.3700 -270.4100
1.2435903908e+000 -1.4547743260e+000 3.0000000000e+000
53 53 53
2 6 970 220.5300 -257.9800 7 1062 193.9400 -266.3600
1.5768044837e+000 -9.2689846871e-001 3.0000000000e+000
15 15 15
2 6 1053 279.6200 -164.3700 7 726 277.7500 -211.6800
1.5991918808e+000 -9.0936095732e-001 3.0000000000e+000
177 177 177
2 6 703 283.5900 -161.2600 7 1147 282.0900 -210.6300
1.9952820513e+000 -7.9404133962e-001 3.0000000000e+000
138 138 138
2 6 711 353.8300 -140.8100 7 1160 351.6100 -200.6300
2.5582329313e+000 -6.0552634332e-001 3.0000000000e+000
211 211 211
2 6 720 453.6600 -107.3800 7 747 450.5700 -185.4900
2.6235902256e+000 -4.9031961771e-001 3.0000000000e+000
202 202 202
2 6 729 465.2500 -86.9500 7 760 462.7900 -168.9800
2.0050940263e+000 -5.4654142910e-001 3.0000000000e+000
137 137 137
2 6 726 355.5700 -96.9200 7 762 356.3900 -160.8500
2.6151315789e+000 -4.6342101133e-001 3.0000000000e+000
119 119 119
2 6 731 463.7500 -82.1800 7 1207 462.0500 -164.3000
2.0970676967e+000 -4.1802634332e-001 3.0000000000e+000
134 134 134
2 6 1125 371.8800 -74.1300 7 1221 372.9600 -142.5500
2.0604700074e+000 -3.3569548184e-001 3.0000000000e+000
126 126 126
2 6 740 365.3900 -59.5300 7 777 368.2700 -128.4600
1.6887968823e+000 1.1536467129e+000 3.0000000000e+000
112 112 112
2 6 821 299.4800 204.5800 7 850 338.0600 99.2300
4.0533837340e-001 1.2257142031e+000 3.0000000000e+000
162 162 162
2 6 1293 71.8800 217.3600 7 1393 123.8300 129.9500
9.7426702743e-001 1.6266542592e+000 3.0000000000e+000
145 145 145
2 6 826 172.7700 288.4600 7 1405 220.0800 195.8900
1.7415226528e+000 -1.8051314963e+000 3.0000000000e+000
109 109 109
2 6 898 308.8300 -320.1100 7 1552 278.9200 -333.7000
1.3043232394e+000 -1.3731203008e+000 3.0000000000e+000
108 108 108
2 6 1527 231.3000 -243.5000 7 1774 205.3900 -254.8000
1.5436465615e+000 -9.4550742243e-001 3.0000000000e+000
186 186 186
2 6 1642 273.7400 -167.6700 7 1143 273.7300 -215.2100
2.5794359939e+000 -5.8951132638e-001 3.0000000000e+000
117 117 117
2 6 1102 457.4200 -104.5400 7 1192 453.6300 -182.7500
2.5903194112e+000 -5.3994360902e-001 3.0000000000e+000
131 131 131
2 6 1107 459.3500 -95.7500 7 1197 457.6000 -176.5100
2.6454135063e+000 -4.0234965848e-001 3.0000000000e+000
134 134 134
2 6 1751 469.1200 -71.3500 7 2096 468.2700 -155.7700
8.6357151118e-001 -3.2142925979e-002 3.0000000000e+000
33 33 33
2 6 1168 153.1400 -5.7000 7 1269 186.2000 -80.6700
-7.2744326484e-002 6.2751879011e-001 3.0000000000e+000
135 135 135
2 6 1236 -12.9000 111.2800 7 1339 43.0800 30.1200
4.3297009002e-001 9.6157905751e-001 3.0000000000e+000
184 184 184
2 6 807 76.7800 170.5200 7 2281 126.7200 84.9600
1.6777444710e+000 -1.7421993170e+000 3.0000000000e+000
36 36 36
2 6 1406 297.5200 -308.9500 7 1586 267.4100 -323.2400
1.2318609711e+000 -1.2649060013e+000 3.0000000000e+000
108 108 108
2 6 1551 218.4500 -224.3100 7 1863 193.5700 -234.5200
1.0519736154e+000 -1.1926127269e+000 3.0000000000e+000
118 118 118
2 6 1567 186.5500 -211.4900 7 1923 162.2500 -218.5800
9.3620311766e-001 -1.1780076565e+000 3.0000000000e+000
116 116 116
2 6 1570 166.0200 -208.9000 7 1945 141.7500 -213.1000
2.6570864799e+000 -7.2434217410e-001 3.0000000000e+000
105 105 105
2 6 1692 471.1900 -128.4500 7 1971 465.4400 -206.4100
-3.1855257651e-001 6.2588340358e-001 3.0000000000e+000
21 21 21
2 6 18 -56.4900 110.9900 7 55 5.9800 30.1700
-3.1855257651e-001 6.2588340358e-001 3.0000000000e+000
21 21 21
2 6 19 -56.4900 110.9900 7 56 5.9800 30.1700
1.7807705528e+000 7.4323301387e-001 3.0000000000e+000
152 152 152
2 6 20 315.7900 131.8000 7 26 336.1400 53.4100
-1.0443602827e-001 3.1291347877e-001 3.0000000000e+000
237 237 237
2 6 36 -18.5200 55.4900 7 84 32.9800 -17.4100
4.9342105263e-001 1.3021242529e+000 3.0000000000e+000
7 7 7
2 6 48 87.5000 230.9100 7 61 135.1700 147.1300
1.3507332479e+000 2.1203010961e-001 3.0000000000e+000
144 144 144
2 6 65 239.5300 37.6000 7 82 266.8100 -46.3500
1.4044172244e+000 3.2825183151e-001 3.0000000000e+000
25 25 25
2 6 67 249.0500 58.2100 7 83 274.9800 -24.6500
1.5756201493e+000 -9.4342098379e-001 3.0000000000e+000
178 178 178
2 6 84 279.4100 -167.3000 7 101 277.5500 -215.7200
-8.4755632214e-002 1.9330826379e-001 3.0000000000e+000
83 83 83
2 6 94 -15.0300 34.2800 7 137 32.7800 -35.2900
9.1426694483e-001 5.3407889918e-001 3.0000000000e+000
212 212 212
2 6 98 162.1300 94.7100 7 141 203.6300 9.3700
9.1426694483e-001 5.3407889918e-001 3.0000000000e+000
212 212 212
2 6 99 162.1300 94.7100 7 142 203.6300 9.3700
1.4142849571e-001 -1.4630075326e+000 3.0000000000e+000
10 10 10
2 6 115 25.0800 -259.4400 7 98 -1.1900 -253.1800
1.1954887218e+000 1.2642864715e-001 3.0000000000e+000
143 143 143
2 6 125 212.0000 22.4200 7 135 241.6500 -58.7100
-1.4853381394e-001 7.3426704120e-001 3.0000000000e+000
84 84 84
2 6 134 -26.3400 130.2100 7 146 31.7100 49.3600
-1.2446616610e+000 1.4906953510e+000 3.0000000000e+000
32 32 32
2 6 145 -220.7200 264.3500 7 229 -213.4000 268.1600
3.1359014296e-001 -1.8936089537e+000 3.0000000000e+000
44 44 44
2 6 150 55.6100 -335.8000 7 173 21.3600 -320.9900
1.5080074224e+000 -1.5546993170e+000 3.0000000000e+000
66 66 66
2 6 156 267.4200 -275.7000 7 174 239.7300 -288.6000
1.6505075326e+000 -1.3966916880e+000 3.0000000000e+000
176 176 176
2 6 158 292.6900 -247.6800 7 175 274.3600 -275.1700
2.0362773694e-001 -1.3931390289e+000 3.0000000000e+000
85 85 85
2 6 159 36.1100 -247.0500 7 130 11.1600 -240.8000
-6.5582699883e-001 3.8176698613e-001 3.0000000000e+000
112 112 112
2 6 182 -116.3000 67.7000 7 261 -37.0000 -27.3500
-7.6849623372e-001 6.0253762840e-001 3.0000000000e+000
199 199 199
2 6 188 -136.2800 106.8500 7 269 -56.4400 9.8600
-7.5733041405e-002 8.0046999365e-001 3.0000000000e+000
33 33 33
2 6 196 -13.4300 141.9500 7 209 42.5500 61.5200
1.3107518935e+000 -1.9339850863e+000 3.0000000000e+000
38 38 38
2 6 208 232.4400 -342.9600 7 306 200.9400 -345.4300
1.4996616679e+000 -1.7987028423e+000 3.0000000000e+000
40 40 40
2 6 212 265.9400 -318.9700 7 307 235.8700 -328.3100
1.0047743948e+000 -1.0546806163e+000 3.0000000000e+000
51 51 51
2 6 218 178.1800 -187.0300 7 340 154.7500 -194.4200
-7.6099630944e-001 4.8992483956e-001 3.0000000000e+000
184 184 184
2 6 250 -134.9500 86.8800 7 264 -54.4800 -8.4900
3.2289479191e-001 6.7776317166e-001 3.0000000000e+000
103 103 103
2 6 259 57.2600 120.1900 7 402 108.8800 35.7700
-1.1090977031e+000 9.4359032194e-001 3.0000000000e+000
183 183 183
2 6 263 -196.6800 167.3300 7 283 -106.5900 68.6300
-1.2862782299e+000 9.7714302235e-001 3.0000000000e+000
114 114 114
2 6 266 -228.1000 173.2800 7 419 -136.9500 76.2100
1.7546615027e+000 1.4538722218e+000 3.0000000000e+000
36 36 36
2 6 270 311.1600 257.8200 7 289 348.6800 153.9600
-9.1398488669e-001 1.6488723181e+000 3.0000000000e+000
65 65 65
2 6 279 -162.0800 292.4000 7 303 -149.9500 285.7500
5.6328955629e-001 1.6531580875e+000 3.0000000000e+000
19 19 19
2 6 280 99.8900 293.1600 7 298 150.7200 207.8600
5.6328955629e-001 1.6531580875e+000 3.0000000000e+000
19 19 19
2 6 281 99.8900 293.1600 7 299 150.7200 207.8600
1.3605452229e+000 -1.7849998761e+000 3.0000000000e+000
99 99 99
2 6 288 241.2700 -316.5400 7 312 211.7100 -322.1300
7.8360914646e-001 -1.6608271778e+000 3.0000000000e+000
7 7 7
2 6 292 138.9600 -294.5200 7 320 108.7000 -290.8000
7.8360914646e-001 -1.6608271778e+000 3.0000000000e+000
7 7 7
2 6 293 138.9600 -294.5200 7 321 108.7000 -290.8000
1.5430263433e+000 -1.6356766780e+000 3.0000000000e+000
47 47 47
2 6 295 273.6300 -290.0600 7 314 244.7400 -303.0900
1.5430263433e+000 -1.6356766780e+000 3.0000000000e+000
47 47 47
2 6 296 273.6300 -290.0600 7 315 244.7400 -303.0900
1.3537217907e+000 -1.6067480790e+000 3.0000000000e+000
59 59 59
2 6 297 240.0600 -284.9300 7 316 211.5600 -293.6300
1.3537217907e+000 -1.6067480790e+000 3.0000000000e+000
59 59 59
2 6 298 240.0600 -284.9300 7 317 211.5600 -293.6300
7.3545103145e-001 -1.2347369660e+000 3.0000000000e+000
39 39 39
2 6 306 130.4200 -218.9600 7 495 104.3500 -219.1700
9.4832697130e-001 -1.1156953510e+000 3.0000000000e+000
40 40 40
2 6 312 168.1700 -197.8500 7 336 144.1800 -204.2300
1.6011089813e+000 -8.6159779255e-001 3.0000000000e+000
173 173 173
2 6 320 283.9300 -152.7900 7 338 282.6500 -203.0300
2.5832705390e+000 -6.1866536535e-001 3.0000000000e+000
206 206 206
2 6 325 458.1000 -109.7100 7 344 455.2000 -188.5800
-6.8971803135e-001 -1.0488725246e-001 3.0000000000e+000
196 196 196
2 6 346 -122.3100 -18.6000 7 787 -51.1500 -101.4200
2.1312406153e+000 -5.7180533732e-002 3.0000000000e+000
142 142 142
2 6 349 377.9400 -10.1400 7 364 383.8200 -85.6800
-5.8629699936e-001 8.9999951814e-002 3.0000000000e+000
204 204 204
2 6 356 -103.9700 15.9600 7 554 -30.7500 -73.2300
-5.8624055332e-001 2.2573307582e-001 3.0000000000e+000
185 185 185
2 6 362 -103.9600 40.0300 7 803 -28.9400 -51.8700
1.8303948883e+000 3.0011278884e-001 3.0000000000e+000
113 113 113
2 6 366 324.5900 53.2200 7 380 335.5000 -18.7000
-5.5827067669e-001 5.8872177009e-001 3.0000000000e+000
110 110 110
2 6 376 -99.0000 104.4000 7 388 -21.2200 8.4300
-1.1768794239e-001 6.4392858520e-001 3.0000000000e+000
32 32 32
2 6 380 -20.8700 114.1900 7 399 35.1900 34.0200
-8.0509392301e-001 7.0686093667e-001 3.0000000000e+000
146 146 146
2 6 383 -142.7700 125.3500 7 573 -59.1100 27.7700
-1.0081014418e+000 7.1988723870e-001 3.0000000000e+000
240 240 240
2 6 385 -178.7700 127.6600 7 396 -93.6500 32.7200
-8.4022556391e-001 7.7255639098e-001 3.0000000000e+000
114 114 114
2 6 388 -149.0000 137.0000 7 404 -64.3100 38.3900
-1.0018985720e+000 8.9441721063e-001 3.0000000000e+000
191 191 191
2 6 393 -177.6700 158.6100 7 411 -90.2800 60.0600
-1.3351127510e+000 9.1483071693e-001 3.0000000000e+000
192 192 192
2 6 396 -236.7600 162.2300 7 413 -146.3700 66.4000
1.6170112782e+000 1.3750374012e+000 3.0000000000e+000
131 131 131
2 6 407 286.7500 243.8400 7 427 328.5500 137.6500
2.7259413640e-001 1.4114660966e+000 3.0000000000e+000
76 76 76
2 6 408 48.3400 250.3000 7 432 103.0300 165.8400
1.6215789336e+000 1.4282708419e+000 3.0000000000e+000
52 52 52
2 6 409 287.5600 253.2800 7 428 327.6500 149.0300
1.6418795478e+000 -1.8329886530e+000 3.0000000000e+000
42 42 42
2 6 436 291.1600 -325.0500 7 462 260.5300 -336.4700
7.9488734195e-001 -1.6980450852e+000 3.0000000000e+000
75 75 75
2 6 441 140.9600 -301.1200 7 472 110.2400 -297.0800
1.5226692831e+000 -1.6051693106e+000 3.0000000000e+000
99 99 99
2 6 447 270.0200 -284.6500 7 471 241.7000 -297.2900
7.9296989728e-001 -1.5278007106e+000 3.0000000000e+000
97 97 97
2 6 451 140.6200 -270.9300 7 480 111.3400 -268.5900
7.5360910516e-001 -1.3652254262e+000 3.0000000000e+000
50 50 50
2 6 460 133.6400 -242.1000 7 483 106.2900 -241.0700
1.5336091465e+000 -1.3453760362e+000 3.0000000000e+000
90 90 90
2 6 461 271.9600 -238.5800 7 482 253.5100 -263.4200
1.2051317029e+000 -1.1710148862e+000 3.0000000000e+000
121 121 121
2 6 467 213.7100 -207.6600 7 497 190.2300 -218.3300
9.2599636451e-001 -1.0599249359e+000 3.0000000000e+000
47 47 47
2 6 470 164.2100 -187.9600 7 509 141.0000 -193.5700
1.5770299237e+000 -9.5633473791e-001 3.0000000000e+000
175 175 175
2 6 473 279.6600 -169.5900 7 499 277.7600 -216.9100
1.9232706629e+000 -7.3906013661e-001 3.0000000000e+000
184 184 184
2 6 482 341.0600 -131.0600 7 514 340.0400 -190.1300
1.9809585227e+000 -6.5385345230e-001 3.0000000000e+000
160 160 160
2 6 488 351.2900 -115.9500 7 517 350.9200 -177.8000
2.6214473409e+000 -3.8565797734e-001 3.0000000000e+000
205 205 205
2 6 501 464.8700 -68.3900 7 525 463.8000 -152.3700
9.1201116806e-001 -3.8233075823e-002 3.0000000000e+000
150 150 150
2 6 519 161.7300 -6.7800 7 553 193.5900 -81.6700
4.7238732818e-001 2.2708640421e-001 3.0000000000e+000
35 35 35
2 6 531 83.7700 40.2700 7 377 123.9000 -34.3400
1.8874625299e+000 2.6780069681e-001 3.0000000000e+000
142 142 142
2 6 532 334.7100 47.4900 7 561 344.9000 -24.9400
2.9870284231e-001 7.4204885153e-001 3.0000000000e+000
199 199 199
2 6 555 52.9700 131.5900 7 577 106.8600 44.5600
-1.3593608885e+000 9.4793219315e-001 3.0000000000e+000
85 85 85
2 6 565 -241.0600 168.1000 7 588 -150.2800 72.4000
-1.2351880181e+000 9.9039476438e-001 3.0000000000e+000
115 115 115
2 6 569 -219.0400 175.6300 7 591 -128.2300 78.0000
1.5354136990e+000 1.6222555978e+000 3.0000000000e+000
75 75 75
2 6 582 272.2800 287.6800 7 434 314.7800 185.9800
9.4663531081e-001 1.6535525214e+000 3.0000000000e+000
62 62 62
2 6 584 167.8700 293.2300 7 438 215.8700 201.7700
1.2769737530e+000 -1.9043233771e+000 3.0000000000e+000
104 104 104
2 6 603 226.4500 -337.7000 7 636 195.5200 -340.9000
1.5018609986e+000 -1.8790599852e+000 3.0000000000e+000
56 56 56
2 6 607 266.3300 -333.2200 7 635 235.3000 -341.4400
1.8263345589e+000 -1.8475376215e+000 3.0000000000e+000
46 46 46
2 6 616 323.8700 -327.6300 7 631 292.4600 -342.6400
1.6285713597e+000 -1.7926128646e+000 3.0000000000e+000
92 92 92
2 6 619 288.8000 -317.8900 7 647 258.4600 -330.3700
1.0569924950e+000 -1.6809587981e+000 3.0000000000e+000
88 88 88
2 6 631 187.4400 -298.0900 7 669 157.9400 -299.8400
7.0815799111e-001 -1.6763911427e+000 3.0000000000e+000
34 34 34
2 6 632 125.5800 -297.2800 7 672 94.2000 -292.3700
9.3045112782e-001 -1.6470677655e+000 3.0000000000e+000
47 47 47
2 6 639 165.0000 -292.0800 7 1031 135.3800 -291.6900
1.2077819136e+000 -1.5522745462e+000 3.0000000000e+000
43 43 43
2 6 644 214.1800 -275.2700 7 678 186.8100 -282.0000
5.9650392461e-001 -1.5090224187e+000 3.0000000000e+000
76 76 76
2 6 648 105.7800 -267.6000 7 692 75.7300 -261.8700
5.3689862015e-001 -1.5047369935e+000 3.0000000000e+000
73 73 73
2 6 650 95.2100 -266.8400 7 695 64.6700 -259.9100
1.1931203971e+000 -1.3935338071e+000 3.0000000000e+000
109 109 109
2 6 662 211.5800 -247.1200 7 1082 185.7400 -255.0200
1.3440227078e+000 -1.3727819687e+000 3.0000000000e+000
110 110 110
2 6 664 238.3400 -243.4400 7 697 213.1500 -255.5400
1.2747744223e+000 -1.3650564323e+000 3.0000000000e+000
55 55 55
2 6 667 226.0600 -242.0700 7 1087 200.7300 -251.9900
5.0904146352e-001 -1.2236842105e+000 3.0000000000e+000
74 74 74
2 6 680 90.2700 -217.0000 7 725 62.1900 -211.8600
1.1650939024e+000 -1.2171991104e+000 3.0000000000e+000
127 127 127
2 6 683 206.6100 -215.8500 7 490 181.9300 -225.0600
8.8905999894e-001 -1.1117482580e+000 3.0000000000e+000
90 90 90
2 6 689 157.6600 -197.1500 7 733 133.1700 -201.0600
1.5875753532e+000 -9.9789486075e-001 3.0000000000e+000
32 32 32
2 6 697 281.5300 -176.9600 7 1897 279.3100 -224.2700
9.8148489357e-001 -9.8627833316e-001 3.0000000000e+000
51 51 51
2 6 700 174.0500 -174.9000 7 749 150.7800 -183.4800
1.2293233083e+000 -3.5171049878e-001 3.0000000000e+000
94 94 94
2 6 738 218.0000 -62.3700 7 532 245.6300 -140.0600
2.0339097331e+000 -3.3671047813e-001 3.0000000000e+000
187 187 187
2 6 741 360.6800 -59.7100 7 778 363.5700 -127.3400
-1.1088158170e+000 -2.9357141480e-001 3.0000000000e+000
207 207 207
2 6 744 -196.6300 -52.0600 7 782 -129.7200 -121.5900
2.0868044975e+000 -2.2522557768e-001 3.0000000000e+000
132 132 132
2 6 754 370.0600 -39.9400 7 784 374.1800 -110.9600
3.6783823573e-001 6.3986842794e-001 3.0000000000e+000
49 49 49
2 6 793 65.2300 113.4700 7 821 115.0200 28.7600
1.3770684264e-001 6.4167280842e-001 3.0000000000e+000
42 42 42
2 6 794 24.4200 113.7900 7 822 78.3300 30.5300
3.7308255533e-001 9.7483079953e-001 3.0000000000e+000
183 183 183
2 6 810 66.1600 172.8700 7 1376 117.1900 87.8700
5.5984978927e-001 1.0819736567e+000 3.0000000000e+000
139 139 139
2 6 818 99.2800 191.8700 7 1385 149.9100 104.9800
-1.5718420502e+000 1.7671240326e+000 3.0000000000e+000
109 109 109
2 6 829 -278.7400 313.3700 7 885 -268.8600 318.3600
-1.6622932262e+000 1.7678006968e+000 3.0000000000e+000
111 111 111
2 6 830 -294.7800 313.4900 7 888 -283.6700 319.0000
-1.6622932262e+000 1.7678006968e+000 3.0000000000e+000
111 111 111
2 6 831 -294.7800 313.4900 7 889 -283.6700 319.0000
1.0361277645e+000 -1.9786466441e+000 3.0000000000e+000
98 98 98
2 6 850 183.7400 -350.8800 7 921 151.4600 -348.5700
1.2296051943e+000 -1.9421615027e+000 3.0000000000e+000
48 48 48
2 6 859 218.0500 -344.4100 7 926 186.3100 -346.4700
1.2082895838e+000 -1.9412593985e+000 3.0000000000e+000
99 99 99
2 6 860 214.2700 -344.2500 7 927 183.1500 -345.1900
1.3229321932e+000 -1.9172367870e+000 3.0000000000e+000
37 37 37
2 6 869 234.6000 -339.9900 7 929 203.4200 -344.3900
1.2351317442e+000 -1.8082893773e+000 3.0000000000e+000
102 102 102
2 6 897 219.0300 -320.6700 7 971 188.3000 -323.9800
1.4248871767e+000 -1.7826315514e+000 3.0000000000e+000
45 45 45
2 6 900 252.6800 -316.1200 7 970 222.4600 -323.9000
1.3225938611e+000 -1.7687592471e+000 3.0000000000e+000
33 33 33
2 6 906 234.5400 -313.6600 7 982 204.5500 -318.8800
1.6651690490e+000 -1.7107330552e+000 3.0000000000e+000
100 100 100
2 6 914 295.2900 -303.3700 7 985 266.2900 -317.3000
1.0712592333e+000 -1.7067856179e+000 3.0000000000e+000
38 38 38
2 6 917 189.9700 -302.6700 7 1007 159.9500 -305.0600
1.6838908948e+000 -1.6737405877e+000 3.0000000000e+000
40 40 40
2 6 926 298.6100 -296.8100 7 993 270.1400 -311.5300
8.8206757280e-001 -1.6641540527e+000 3.0000000000e+000
37 37 37
2 6 932 156.4200 -295.1100 7 1029 126.5700 -293.2400
1.4939096781e+000 -1.5892105676e+000 3.0000000000e+000
31 31 31
2 6 941 264.9200 -281.8200 7 1024 237.4700 -294.1400
1.5966542179e+000 -1.5526693244e+000 3.0000000000e+000
131 131 131
2 6 951 283.1400 -275.3400 7 1034 255.5600 -290.1700
1.3038720152e+000 -1.5510902118e+000 3.0000000000e+000
50 50 50
2 6 953 231.2200 -275.0600 7 1046 203.9800 -283.9000
1.4238721805e+000 -1.5024812168e+000 3.0000000000e+000
112 112 112
2 6 959 252.5000 -266.4400 7 1702 225.4900 -278.4400
1.3884584814e+000 -1.4529136715e+000 3.0000000000e+000
108 108 108
2 6 971 246.2200 -257.6500 7 1059 219.5900 -269.4600
1.1219550111e+000 -1.4164849762e+000 3.0000000000e+000
113 113 113
2 6 977 198.9600 -251.1900 7 1081 172.3700 -257.6500
1.3783081743e+000 -1.1635715800e+000 3.0000000000e+000
166 166 166
2 6 1007 244.4200 -206.3400 7 1874 228.2700 -230.5300
8.8240590490e-001 -9.9310142116e-001 3.0000000000e+000
104 104 104
2 6 1040 156.4800 -176.1100 7 1196 132.4500 -180.8900
1.9617293508e+000 -8.5657891295e-001 3.0000000000e+000
138 138 138
2 6 1062 347.8800 -151.9000 7 1961 344.9000 -209.2800
2.6579324823e+000 -7.4295112782e-001 3.0000000000e+000
165 165 165
2 6 1079 471.3400 -131.7500 7 1959 465.4600 -209.7200
2.6217292269e+000 -5.5725568040e-001 3.0000000000e+000
112 112 112
2 6 1105 464.9200 -98.8200 7 2057 461.9600 -179.3600
2.0155826655e+000 -3.6518802499e-001 3.0000000000e+000
102 102 102
2 6 1132 357.4300 -64.7600 7 2122 360.8100 -131.8600
2.6749058774e+000 -3.1889090861e-001 3.0000000000e+000
213 213 213
2 6 1138 474.3500 -56.5500 7 1220 474.3500 -143.5000
-1.0717669035e+000 -1.9725570105e-001 3.0000000000e+000
179 179 179
2 6 1150 -190.0600 -34.9800 7 1250 -121.3500 -107.4100
8.4936087472e-001 -4.4661729856e-002 3.0000000000e+000
145 145 145
2 6 1167 150.6200 -7.9200 7 2158 183.0300 -81.1500
8.9667298740e-001 4.1166033064e-003 3.0000000000e+000
138 138 138
2 6 1174 159.0100 0.7300 7 1272 191.3200 -74.4600
8.6571439585e-001 3.4398530659e-002 3.0000000000e+000
215 215 215
2 6 1176 153.5200 6.1000 7 1274 186.6200 -68.9500
2.5243422429e+000 8.4868352216e-002 3.0000000000e+000
155 155 155
2 6 1182 447.6500 15.0500 7 1271 453.5000 -74.6400
-6.3744365721e-001 8.6334572699e-002 3.0000000000e+000
207 207 207
2 6 1184 -113.0400 15.3100 7 1273 -38.3200 -73.6800
8.9097744361e-001 1.5558268612e-001 3.0000000000e+000
154 154 154
2 6 1189 158.0000 27.5900 7 1284 191.7600 -47.9000
8.9097744361e-001 1.5558268612e-001 3.0000000000e+000
154 154 154
2 6 1190 158.0000 27.5900 7 1285 191.7600 -47.9000
-1.1825188658e+000 3.7488728000e-001 3.0000000000e+000
162 162 162
2 6 1202 -209.7000 66.4800 7 1299 -126.4400 -23.1700
-1.0659586397e+000 7.4718045113e-001 3.0000000000e+000
178 178 178
2 6 1251 -189.0300 132.5000 7 1344 -102.2200 36.2600
-1.0967480652e+000 7.8473686276e-001 3.0000000000e+000
214 214 214
2 6 1257 -194.4900 139.1600 7 2248 -107.3200 42.6900
-1.8283645515e+000 1.7947557492e+000 3.0000000000e+000
68 68 68
2 6 1326 -324.2300 318.2700 7 1455 -314.7100 325.0000
-1.7180075394e+000 1.8137594811e+000 3.0000000000e+000
97 97 97
2 6 1328 -304.6600 321.6400 7 1458 -294.1800 327.7300
-1.6593609573e+000 1.8959772784e+000 3.0000000000e+000
110 110 110
2 6 1336 -294.2600 336.2200 7 1471 -283.6600 342.4500
1.2227256603e+000 -1.8468045113e+000 3.0000000000e+000
85 85 85
2 6 1374 216.8300 -327.5000 7 1566 186.3400 -330.0000
1.8633834724e+000 -1.8213156793e+000 3.0000000000e+000
109 109 109
2 6 1386 330.4400 -322.9800 7 1539 299.9000 -338.3800
1.1867481891e+000 -1.7921616404e+000 3.0000000000e+000
39 39 39
2 6 1391 210.4500 -317.8100 7 978 179.8100 -320.8000
1.6780263571e+000 -1.7917668622e+000 3.0000000000e+000
126 126 126
2 6 1394 297.5700 -317.7400 7 957 267.2500 -330.4000
1.6780263571e+000 -1.7917668622e+000 3.0000000000e+000
126 126 126
2 6 1395 297.5700 -317.7400 7 958 267.2500 -330.4000
6.4471814148e-001 -1.7904135338e+000 3.0000000000e+000
66 66 66
2 6 1397 114.3300 -317.5000 7 1617 82.0200 -309.5300
1.6777444710e+000 -1.7421993170e+000 3.0000000000e+000
36 36 36
2 6 1407 297.5200 -308.9500 7 1587 267.4100 -323.2400
1.4410713597e+000 -1.7046991793e+000 3.0000000000e+000
52 52 52
2 6 1420 255.5500 -302.3000 7 1611 225.7900 -311.4000
1.6951126443e+000 -1.6888533284e+000 3.0000000000e+000
104 104 104
2 6 1428 300.6000 -299.4900 7 1601 271.4400 -314.5000
1.6951126443e+000 -1.6888533284e+000 3.0000000000e+000
104 104 104
2 6 1429 300.6000 -299.4900 7 1602 271.4400 -314.5000
8.9988731442e-001 -1.6432332204e+000 3.0000000000e+000
82 82 82
2 6 1443 159.5800 -291.4000 7 1674 129.7900 -290.5900
6.9518813513e-001 -1.4193045250e+000 3.0000000000e+000
36 36 36
2 6 1508 123.2800 -251.6900 7 1819 94.3500 -248.4400
9.4900363549e-001 -1.4015976755e+000 3.0000000000e+000
43 43 43
2 6 1516 168.2900 -248.5500 7 1797 141.3200 -251.3500
9.1285717039e-001 -1.4015412295e+000 3.0000000000e+000
45 45 45
2 6 1518 161.8800 -248.5400 7 1799 135.6200 -251.6000
7.9877833316e-001 -1.3880076014e+000 3.0000000000e+000
91 91 91
2 6 1523 141.6500 -246.1400 7 1095 114.5200 -246.0500
9.4691719686e-001 -1.3850187144e+000 3.0000000000e+000
91 91 91
2 6 1524 167.9200 -245.6100 7 1817 141.2800 -248.5300
1.0429511967e+000 -1.3331389463e+000 3.0000000000e+000
96 96 96
2 6 1536 184.9500 -236.4100 7 1838 159.1100 -242.2500
1.3051127957e+000 -1.2691917706e+000 3.0000000000e+000
59 59 59
2 6 1548 231.4400 -225.0700 7 1855 207.2300 -236.9200
9.5396606904e-001 -1.1806578672e+000 3.0000000000e+000
60 60 60
2 6 1569 169.1700 -209.3700 7 1940 144.7300 -214.4100
2.2362970338e+000 -1.0878946405e+000 3.0000000000e+000
123 123 123
2 6 1602 396.5700 -192.9200 7 1786 390.2300 -253.2900
9.6592092873e-001 -1.0569924950e+000 3.0000000000e+000
98 98 98
2 6 1617 171.2900 -187.4400 7 2020 147.3400 -194.1500
1.7773307858e+000 -6.2672940591e-001 3.0000000000e+000
69 69 69
2 6 1717 315.1800 -111.1400 7 2080 315.5500 -168.1300
1.8091353796e+000 -5.0751879699e-001 3.0000000000e+000
136 136 136
2 6 1742 320.8200 -90.0000 7 2106 321.9800 -149.4900
2.6439472858e+000 -3.4798867362e-001 3.0000000000e+000
221 221 221
2 6 1759 468.8600 -61.7100 7 2109 468.2200 -146.8200
2.6767104299e+000 -2.9097747803e-001 3.0000000000e+000
136 136 136
2 6 1766 474.6700 -51.6000 7 2114 474.5100 -139.1000
8.6577084190e-001 -6.4172959865e-002 3.0000000000e+000
119 119 119
2 6 1809 153.5300 -11.3800 7 2156 186.4600 -86.5200
8.6577084190e-001 -6.4172959865e-002 3.0000000000e+000
119 119 119
2 6 1810 153.5300 -11.3800 7 2157 186.4600 -86.5200
-5.4406021233e-001 5.6109022556e-001 3.0000000000e+000
164 164 164
2 6 1867 -96.4800 99.5000 7 1318 -18.9100 3.1500
-7.3990596685e-001 9.8712399131e-001 3.0000000000e+000
146 146 146
2 6 1901 -131.2100 175.0500 7 2274 -47.5500 75.6400
-1.0950564047e+000 1.1378008620e+000 3.0000000000e+000
180 180 180
2 6 1909 -194.1900 201.7700 7 1383 -105.1500 102.9200
-1.7057706216e+000 1.7269172382e+000 3.0000000000e+000
101 101 101
2 6 1943 -302.4900 306.2400 7 2381 -293.1100 312.6400
