# Bundle file v0.3
9 275
0 0 0
0 0 0
0 0 0
0 0 0
0 0 0
0 0 0
0 0 0
0 0 0
0 0 0
0 0 0
0 0 0
0 0 0
0 0 0
0 0 0
0 0 0
0 0 0
0 0 0
0 0 0
0 0 0
0 0 0
0 0 0
0 0 0
0 0 0
0 0 0
0 0 0
1.0131802260e+003 -1.1496644987e-001 -1.2419592437e-002
-9.8202892411e-001 -1.8630222521e-001 3.0177360456e-002
1.2990447437e-001 -7.8323258574e-001 -6.0800620406e-001
1.3690880082e-001 -5.9315950428e-001 7.9335854614e-001
4.0204324011e-001 1.7846854934e+000 5.2265650366e-001
-1.0130361211e+003 -1.0842937013e-001 -2.7683360302e-002
9.9484193664e-001 -1.6710119799e-002 1.0005145177e-001
-4.4746166901e-002 8.1289386948e-001 5.8069039729e-001
-9.1034617883e-002 -5.8217207839e-001 8.0795319759e-001
-6.1920083938e-001 -1.7554789276e+000 6.5211236657e-001
-1.0135318275e+003 -1.2384875410e-001 1.7154393298e-002
9.9471123441e-001 5.5714283582e-002 8.6287187647e-002
-9.7087384057e-002 7.8419432428e-001 6.1287298980e-001
-3.3520143258e-002 -6.1800904554e-001 7.8545605837e-001
-5.0838296430e-001 -1.9678747542e+000 8.5659518167e-001
1.0278412051e+003 -1.4121478302e-001 -1.3159604101e-002
9.2043046905e-001 3.6141108264e-001 1.4896234756e-001
-3.5116825501e-001 5.9707220871e-001 7.2123895781e-001
1.7172247471e-001 -7.1616115989e-001 6.7647955235e-001
-1.1013103320e+000 -2.2378442695e+000 1.0887413096e+000
1.1414664096e+000 -2.3305823422e-001 2.6193296255e+000
175 175 175
3 6 474 279.6600 -169.5900 7 500 277.7600 -216.9100 5 481 206.8300 -181.5900
1.2727874987e+000 -9.4468632596e-003 2.5071029282e+000
185 185 185
4 6 478 348.6100 -141.8800 7 507 346.7100 -200.2000 5 489 286.6900 -160.6700 8 713 -147.9200 296.5700
3.8009196554e-002 8.7761223174e-001 2.1348609211e+000
255 255 255
4 6 252 -206.4900 106.0400 7 391 -120.7000 13.0200 5 294 -157.7700 116.0000 8 316 230.0400 100.1900
1.2636674749e+000 -4.8998755736e-002 2.4947786471e+000
187 187 187
4 6 318 342.9000 -156.1000 7 335 340.6400 -212.2800 5 339 279.2100 -173.8600 8 722 -138.9200 304.5900
1.2727874987e+000 -9.4468632596e-003 2.5071029282e+000
185 185 185
4 6 477 348.6100 -141.8800 7 506 346.7100 -200.2000 5 488 286.6900 -160.6700 8 714 -147.9200 296.5700
1.2956802445e+000 2.4668239641e-001 2.6062263218e+000
132 132 132
3 6 755 370.0600 -39.9400 7 785 374.1800 -110.9600 5 730 319.9200 -66.9800
7.3295020591e-001 4.6147733815e-001 2.4708348433e+000
193 193 193
3 6 34 151.9900 9.5500 7 79 187.6400 -66.0800 5 40 143.5500 -7.1500
4.0106764098e-001 5.9662071404e-001 2.4646749154e+000
47 47 47
4 6 38 7.9700 63.8500 7 85 57.8100 -12.7000 5 43 13.0800 61.1600 8 91 64.7600 104.8900
4.1050051429e-002 8.9090135643e-001 2.1396628269e+000
31 31 31
3 6 40 -205.5600 113.6300 7 52 -118.5100 19.3100 5 44 -154.9300 123.9600
4.2070930795e-002 8.9191542552e-001 2.1384720245e+000
31 31 31
4 6 41 -205.5600 113.6300 7 53 -118.5100 19.3100 5 45 -154.9300 123.9600 8 66 224.4400 95.2600
4.1050051429e-002 8.9090135643e-001 2.1396628269e+000
31 31 31
3 6 42 -205.5600 113.6300 7 54 -118.5100 19.3100 5 46 -154.9300 123.9600
2.1001743195e-002 9.2591302366e-001 2.1709165337e+000
216 216 216
4 6 73 -214.1100 138.3500 7 87 -126.4700 44.1000 5 47 -161.9300 152.8100 8 84 228.3800 67.7400
5.0879444860e-002 5.2243414351e-001 2.1250584497e+000
24 24 24
3 6 62 -178.6100 -48.2000 7 72 -112.5500 -119.6800 5 63 -169.0300 -48.0000
8.1185384579e-001 4.6981256058e-001 2.4189196830e+000
130 130 130
3 6 124 188.8500 -0.3900 7 104 221.0500 -81.2400 5 94 181.0700 -24.3800
7.8848664740e-001 4.8173246713e-001 2.4445344082e+000
17 17 17
3 6 173 178.1700 7.0500 7 192 210.5600 -68.8200 5 98 172.3700 -8.7900
7.4667891096e-001 6.8645398410e-001 2.5678285686e+000
59 59 59
3 6 100 164.8600 116.5600 7 113 204.9900 30.5900 5 107 171.0600 96.0800
5.5338033874e-001 8.0168618642e-001 2.6481288984e+000
62 62 62
4 6 106 80.7700 181.7200 7 115 131.4200 95.6400 5 113 95.5200 172.7400 8 108 -40.0200 18.5100
1.3521212068e+000 -1.0860786718e-002 2.3303538711e+000
174 174 174
3 6 117 393.0100 -193.0700 7 176 386.4700 -253.6000 5 117 331.0400 -213.8800
7.7099729081e-001 6.4202760605e-001 2.5133533013e+000
75 75 75
3 6 130 174.6200 86.3400 7 140 214.2100 1.5400 5 136 179.7500 64.6700
3.7680637576e-001 6.3784208919e-001 2.4750243065e+000
109 109 109
3 6 183 -3.2000 82.3100 7 198 48.8100 5.0100 5 137 5.7100 80.6900
3.7680637576e-001 6.3784208919e-001 2.4750243065e+000
109 109 109
3 6 184 -3.2000 82.3100 7 199 48.8100 5.0100 5 138 5.7100 80.6900
7.1291818296e-001 6.6605361917e-001 2.5418742740e+000
32 32 32
3 6 187 149.1200 103.4600 7 144 191.2400 17.9200 5 139 155.3100 85.1800
1.6882760262e-001 8.4652434336e-001 2.1592602843e+000
76 76 76
3 6 132 -133.1400 96.0600 7 197 -53.6900 1.1200 5 141 -82.8300 97.4400
5.2726315898e-001 8.3316836541e-001 2.6669684936e+000
160 160 160
4 6 139 69.8000 198.4800 7 151 122.4000 111.9500 5 146 86.6200 191.1400 8 146 -35.7200 0.6700
7.5050849615e-001 -2.1969559945e+000 4.2938660219e+000
29 29 29
2 6 217 112.2800 -204.1400 7 240 87.9300 -205.1700
1.4340747502e+000 3.3010445329e-001 2.3267968772e+000
189 189 189
3 6 163 462.0400 -89.3800 7 181 459.9000 -170.7300 5 160 416.9100 -124.4200
1.4340747502e+000 3.3010445329e-001 2.3267968772e+000
189 189 189
3 6 164 462.0400 -89.3800 7 182 459.9000 -170.7300 5 161 416.9100 -124.4200
1.2796721284e+000 2.0391217629e-001 2.6192511322e+000
183 183 183
3 6 230 359.6400 -50.7500 7 249 363.1300 -119.2100 5 178 307.0500 -73.1600
7.1062529218e-001 4.7455605992e-001 2.5047087571e+000
67 67 67
3 6 177 142.9000 22.1100 7 257 177.4700 -51.8700 5 197 134.5100 8.1200
8.0247550031e-001 6.9069278156e-001 2.5848525575e+000
19 19 19
4 6 192 188.3600 120.4800 7 205 228.7400 32.7800 5 203 193.9500 98.8200 8 158 -112.8600 99.8100
4.2664393321e-001 7.0329564804e-001 2.4785940814e+000
48 48 48
3 6 189 19.1100 108.6700 7 273 72.7900 26.0900 5 204 34.5900 103.4300
5.8908718993e-003 8.6867333855e-001 2.1315835784e+000
219 219 219
4 6 251 -223.9300 100.9500 7 268 -137.1400 9.3800 5 209 -176.7200 113.5400 8 315 247.2900 97.6200
4.4134646067e-001 7.2396071861e-001 2.5024850213e+000
200 200 200
3 6 195 26.5000 122.0000 7 206 80.5200 38.7200 5 210 42.6700 116.5700
1.1470206188e+000 -1.8424357389e-001 2.6339670897e+000
173 173 173
3 6 319 283.9300 -152.7900 7 337 282.6500 -203.0300 5 229 212.8500 -166.9500
7.7306596903e-001 4.4334239711e-001 2.4438826223e+000
33 33 33
3 6 353 170.2300 -4.0100 7 367 201.8200 -80.4700 5 260 160.3000 -23.2900
8.9092756416e-001 5.0456607702e-001 2.4480242444e+000
48 48 48
3 6 237 225.4300 16.5800 7 254 253.9200 -65.5900 5 266 217.2200 -7.4400
8.3822234098e-001 4.9448290780e-001 2.4637051803e+000
123 123 123
3 6 357 200.8300 17.4900 7 370 230.9800 -62.0500 5 267 192.8600 -3.5900
6.6931793271e-001 4.9357394642e-001 2.5008496405e+000
30 30 30
3 6 243 125.8200 29.2500 7 258 161.5100 -45.3100 5 275 119.7400 15.4400
7.4688010329e-001 6.8131749651e-001 2.5542982202e+000
29 29 29
3 6 377 165.1700 111.2600 7 271 205.3300 24.4800 5 290 171.1800 92.2400
3.1222704461e-002 9.8316304670e-001 2.1847490652e+000
181 181 181
4 6 264 -210.1800 169.8700 7 416 -120.7700 71.8300 5 301 -152.5400 185.6300 8 302 214.3400 47.2100
1.6606978136e-002 9.8159839668e-001 2.1833984773e+000
188 188 188
4 6 398 -217.3300 169.2000 7 417 -128.0700 71.5400 5 302 -160.8600 185.7800 8 428 223.8300 45.5000
5.3885459036e-001 8.5112682873e-001 2.6768084743e+000
68 68 68
4 6 405 75.3100 207.1800 7 285 128.3000 120.1500 5 304 93.1300 199.8600 8 286 -43.7100 -5.1700
1.4681841865e+000 -1.6282228576e+000 3.2250316238e+000
116 116 116
3 6 289 290.3800 -310.1100 7 310 259.7700 -322.0600 5 322 150.5700 -303.2200
1.4681841865e+000 -1.6282228576e+000 3.2250316238e+000
116 116 116
3 6 290 290.3800 -310.1100 7 311 259.7700 -322.0600 5 323 150.5700 -303.2200
1.0504962057e+000 -1.9294936626e+000 4.1265282201e+000
107 107 107
3 6 313 174.6100 -195.5400 7 339 150.3700 -201.8000 5 336 28.8500 -183.1200
1.8449304436e-001 8.4420008087e-001 2.1410821843e+000
85 85 85
4 6 368 -126.6500 88.6100 7 383 -46.9400 -5.9300 5 399 -74.4900 90.5400 8 466 160.0200 132.5900
1.4429509416e-001 9.2605907568e-001 2.1711573113e+000
114 114 114
3 6 387 -149.0000 137.0000 7 403 -64.3100 38.3900 5 414 -90.2200 142.2100
1.0823074506e-001 9.5127286227e-001 2.1772777270e+000
195 195 195
3 6 390 -168.8000 151.1400 7 410 -81.5600 51.8000 5 421 -109.5800 160.7200
2.1637692315e-002 9.7319235843e-001 2.1739923111e+000
125 125 125
4 6 395 -216.7800 162.1300 7 584 -126.2000 64.9400 5 425 -159.5200 178.2300 8 434 221.6800 52.7100
1.0619001790e+000 9.5730896435e-001 2.7601399370e+000
36 36 36
3 6 271 311.1600 257.8200 7 290 348.6800 153.9600 5 437 319.6700 219.9100
1.4177796709e+000 -1.7872190553e+000 3.2370239528e+000
114 114 114
3 6 432 271.6400 -330.2400 7 461 240.9500 -339.1600 5 454 128.5700 -322.0100
1.1927227810e+000 -1.9970727666e+000 3.6957473383e+000
110 110 110
3 6 448 206.8100 -274.1100 7 478 178.5800 -279.2100 5 466 59.9200 -263.1300
1.1927227810e+000 -1.9970727666e+000 3.6957473383e+000
110 110 110
3 6 449 206.8100 -274.1100 7 479 178.5800 -279.2100 5 467 59.9200 -263.1300
1.1760706772e+000 -1.7697543651e+000 3.8538091462e+000
127 127 127
3 6 682 206.6100 -215.8500 7 491 181.9300 -225.0600 5 478 64.5700 -206.2500
1.2653483449e+000 -1.2440775459e-002 2.5240077610e+000
137 137 137
3 6 714 344.6000 -137.4700 7 734 342.6700 -195.9400 5 491 282.0400 -157.3800
1.2653483449e+000 -1.2440775459e-002 2.5240077610e+000
137 137 137
3 6 715 344.6000 -137.4700 7 735 342.6700 -195.9400 5 492 282.0400 -157.3800
1.2779800666e+000 3.6289567922e-002 2.5236972515e+000
185 185 185
4 6 484 352.9800 -124.4600 7 515 352.1900 -184.7900 5 502 292.8600 -144.6900 8 707 -156.9600 286.2400
1.4365132634e+000 3.0472004533e-001 2.3124703195e+000
213 213 213
3 6 721 461.8800 -102.0800 7 750 458.9400 -182.2200 5 506 415.2000 -136.1700
1.2956276470e+000 1.5240582762e-001 2.5662560499e+000
198 198 198
4 6 497 365.0300 -80.2700 7 529 367.9300 -143.0800 5 517 310.7800 -104.2700 8 690 -182.2100 259.5400
7.7517432826e-001 4.5520659197e-001 2.4554976602e+000
162 162 162
3 6 764 171.3200 2.6400 7 794 203.4300 -74.2200 5 544 161.7800 -15.3500
7.7517432826e-001 4.5520659197e-001 2.4554976602e+000
162 162 162
3 6 765 171.3200 2.6400 7 793 203.4300 -74.2200 5 545 161.7800 -15.3500
2.1873609328e-001 7.2936413615e-001 2.0809668858e+000
119 119 119
3 6 526 -109.9600 19.3400 7 797 -35.3000 -70.8700 5 550 -65.2900 13.5600
2.1480435803e-001 7.9362960605e-001 2.1044752942e+000
117 117 117
4 6 533 -112.6800 55.4200 7 804 -34.9800 -38.5700 5 557 -61.5900 50.8100 8 868 155.9900 165.5600
5.0808128021e-001 7.8500463314e-001 2.6224234132e+000
62 62 62
3 6 566 60.1900 170.7700 7 847 112.3200 85.8800 5 584 74.6700 163.8500
3.9206120182e-002 9.7285057212e-001 2.1782405686e+000
115 115 115
4 6 564 -206.2200 162.8700 7 582 -117.0000 65.2000 5 587 -148.6000 177.9100 8 606 212.7400 54.5200
1.4385163639e+000 -1.7734614907e+000 3.2000491765e+000
111 111 111
3 6 604 278.0000 -335.9100 7 928 246.7600 -344.5700 5 604 135.2300 -327.9200
1.3227503609e+000 -1.9770611686e+000 3.3711565873e+000
120 120 120
3 6 611 240.6100 -329.9100 7 640 209.9800 -335.8200 5 606 93.6300 -319.8700
1.3697313576e+000 -1.8119864104e+000 3.3548482512e+000
117 117 117
3 6 624 256.8400 -310.8900 7 654 227.2600 -319.4500 5 610 113.4600 -301.7300
1.2271452501e+000 -2.0391332317e+000 3.5760224681e+000
117 117 117
3 6 628 214.5900 -300.3500 7 661 185.5000 -305.2800 5 616 66.6000 -289.6400
1.3343382699e+000 -1.7923770456e+000 3.4265994382e+000
121 121 121
3 6 636 247.9100 -293.9600 7 1011 219.3500 -303.1100 5 617 105.1200 -285.7500
1.2453802933e+000 -1.8284222073e+000 3.6305333735e+000
111 111 111
3 6 651 223.2700 -262.1500 7 687 196.3700 -270.4100 5 625 80.0000 -252.6400
1.2330005331e+000 -1.8199562648e+000 3.6467107159e+000
53 53 53
3 6 970 220.5300 -257.9800 7 1062 193.9400 -266.3600 5 628 77.5300 -248.5400
1.1405313263e+000 -2.2106971576e-001 2.6292135373e+000
15 15 15
3 6 1053 279.6200 -164.3700 7 726 277.7500 -211.6800 5 658 207.3800 -175.9500
1.1471596076e+000 -2.0099165194e-001 2.6194627649e+000
177 177 177
3 6 703 283.5900 -161.2600 7 1147 282.0900 -210.6300 5 660 212.0300 -173.9300
1.2810131199e+000 4.0321699608e-003 2.4956075895e+000
138 138 138
4 6 711 353.8300 -140.8100 7 1160 351.6100 -200.6300 5 674 291.9700 -160.7800 8 976 -152.3400 299.2500
1.4269350320e+000 2.7894431625e-001 2.3235627176e+000
211 211 211
3 6 720 453.6600 -107.3800 7 747 450.5700 -185.4900 5 682 405.6700 -139.9200
1.4381317669e+000 3.3940621708e-001 2.3244969827e+000
202 202 202
3 6 729 465.2500 -86.9500 7 760 462.7900 -168.9800 5 691 420.4600 -122.5000
1.2790599267e+000 9.7849672361e-002 2.5588924506e+000
137 137 137
3 6 726 355.5700 -96.9200 7 762 356.3900 -160.8500 5 692 298.1300 -119.3700
1.4393206647e+000 3.3982242702e-001 2.3405907808e+000
119 119 119
3 6 731 463.7500 -82.1800 7 1207 462.0500 -164.3000 5 696 418.5100 -117.5800
1.3033879184e+000 1.7785866351e-001 2.5556417529e+000
134 134 134
4 6 1125 371.8800 -74.1300 7 1221 372.9600 -142.5500 5 705 318.2600 -99.2200 8 1316 -188.7400 259.3500
1.2909383480e+000 1.9506899224e-001 2.5909144610e+000
126 126 126
3 6 740 365.3900 -59.5300 7 777 368.2700 -128.4600 5 714 312.4400 -85.1000
1.0182428629e+000 9.0321490411e-001 2.5872868672e+000
112 112 112
3 6 821 299.4800 204.5800 7 850 338.0600 99.2300 5 817 315.4100 166.1800
5.2770392361e-001 8.6527694332e-001 2.6967880030e+000
162 162 162
4 6 1293 71.8800 217.3600 7 1393 123.8300 129.9500 5 827 88.8000 210.2600 8 796 -42.0200 -16.5000
7.5452943525e-001 9.8045351482e-001 2.8641128494e+000
145 145 145
3 6 826 172.7700 288.4600 7 1405 220.0800 195.8900 5 829 188.0800 270.4200
1.5143791823e+000 -1.5353726036e+000 3.1079612758e+000
109 109 109
3 6 898 308.8300 -320.1100 7 1552 278.9200 -333.7000 5 848 171.3300 -314.2400
1.2663414081e+000 -1.7080758301e+000 3.6352873751e+000
108 108 108
3 6 1527 231.3000 -243.5000 7 1774 205.3900 -254.8000 5 877 90.3800 -235.9400
1.1261064365e+000 -2.3012000564e-001 2.6225238633e+000
186 186 186
3 6 1642 273.7400 -167.6700 7 1143 273.7300 -215.2100 5 916 201.5400 -179.5000
1.4280583597e+000 2.9688015911e-001 2.3139302464e+000
117 117 117
3 6 1102 457.4200 -104.5400 7 1192 453.6300 -182.7500 5 973 411.0600 -138.0800
1.4273807716e+000 3.2124284744e-001 2.3144642783e+000
131 131 131
3 6 1107 459.3500 -95.7500 7 1197 457.6000 -176.5100 5 978 414.5300 -130.6400
1.4420595339e+000 3.7423196110e-001 2.3376057762e+000
134 134 134
3 6 1751 469.1200 -71.3500 7 2096 468.2700 -155.7700 5 1006 426.1100 -108.0400
7.3491216810e-001 4.3879793911e-001 2.4411868686e+000
33 33 33
3 6 1168 153.1400 -5.7000 7 1269 186.2000 -80.6700 5 1072 144.0400 -23.7100
3.5704271718e-001 7.0898214780e-001 2.4746978177e+000
135 135 135
3 6 1236 -12.9000 111.2800 7 1339 43.0800 30.1200 5 1115 2.7400 109.2900
5.4435872040e-001 7.8301663251e-001 2.6283968341e+000
184 184 184
3 6 807 76.7800 170.5200 7 2281 126.7200 84.9600 5 1135 90.4600 162.0400
1.4766714097e+000 -1.5479330171e+000 3.1676201737e+000
36 36 36
3 6 1406 297.5200 -308.9500 7 1586 267.4100 -323.2400 5 1180 159.6200 -303.3900
1.2186610614e+000 -1.7168763244e+000 3.7562294509e+000
108 108 108
3 6 1551 218.4500 -224.3100 7 1863 193.5700 -234.5200 5 1252 77.6800 -215.8700
1.0980147837e+000 -1.8721799535e+000 3.9701385944e+000
118 118 118
3 6 1567 186.5500 -211.4900 7 1923 162.2500 -218.5800 5 1273 42.4100 -200.3300
1.0178345119e+000 -2.0295679540e+000 4.1282083433e+000
116 116 116
3 6 1570 166.0200 -208.9000 7 1945 141.7500 -213.1000 5 1284 18.5000 -195.4300
1.4494430703e+000 2.7828725242e-001 2.2563140809e+000
105 105 105
3 6 1692 471.1900 -128.4500 7 1971 465.4400 -206.4100 5 1341 423.6000 -161.3200
2.7214342686e-001 7.3915516974e-001 2.4175754961e+000
21 21 21
2 6 18 -56.4900 110.9900 7 55 5.9800 30.1700
2.7214342686e-001 7.3915516974e-001 2.4175754961e+000
21 21 21
2 6 19 -56.4900 110.9900 7 56 5.9800 30.1700
1.1593173354e+000 5.5845847343e-001 2.9187607715e+000
152 152 152
2 6 20 315.7900 131.8000 7 26 336.1400 53.4100
3.4371650249e-001 5.7541243351e-001 2.4598840563e+000
237 237 237
2 6 36 -18.5200 55.4900 7 84 32.9800 -17.4100
5.6044136666e-001 8.5179983039e-001 2.8111432774e+000
7 7 7
2 6 48 87.5000 230.9100 7 61 135.1700 147.1300
9.2279093644e-001 5.3159794300e-001 2.4941352196e+000
144 144 144
2 6 65 239.5300 37.6000 7 82 266.8100 -46.3500
9.5199640322e-001 5.3666263543e-001 2.5760331607e+000
25 25 25
2 6 67 249.0500 58.2100 7 83 274.9800 -24.6500
1.1350046191e+000 -2.1064748071e-001 2.6052970581e+000
178 178 178
2 6 84 279.4100 -167.3000 7 101 277.5500 -215.7200
3.4793472026e-001 5.0870132043e-001 2.4738494751e+000
83 83 83
2 6 94 -15.0300 34.2800 7 137 32.7800 -35.2900
7.4214809466e-001 6.5987817965e-001 2.5192031183e+000
212 212 212
2 6 98 162.1300 94.7100 7 141 203.6300 9.3700
7.4310961664e-001 6.6123841559e-001 2.5183066076e+000
212 212 212
3 6 99 162.1300 94.7100 7 142 203.6300 9.3700 8 160 -83.6300 120.3900
2.8642209772e-001 -2.6632582623e+000 4.2683580968e+000
10 10 10
2 6 115 25.0800 -259.4400 7 98 -1.1900 -253.1800
8.6265545809e-001 5.0442282219e-001 2.4694325486e+000
143 143 143
2 6 125 212.0000 22.4200 7 135 241.6500 -58.7100
3.2475248940e-001 7.3960312003e-001 2.5028297137e+000
84 84 84
3 6 134 -26.3400 130.2100 7 146 31.7100 49.3600 8 153 73.2200 46.8400
-1.0858183764e+000 -1.0076357831e-001 5.4623902336e+000
32 32 32
2 6 145 -220.7200 264.3500 7 229 -213.4000 268.1600
4.6674463263e-001 -3.6097443007e+000 4.4610609134e+000
44 44 44
2 6 150 55.6100 -335.8000 7 173 21.3600 -320.9900
1.3846026862e+000 -1.5986411257e+000 3.3735606010e+000
66 66 66
2 6 156 267.4200 -275.7000 7 174 239.7300 -288.6000
1.3163295785e+000 -8.7765202616e-001 2.9022321056e+000
176 176 176
2 6 158 292.6900 -247.6800 7 175 274.3600 -275.1700
3.4776968382e-001 -2.5960725674e+000 4.3100341406e+000
85 85 85
2 6 159 36.1100 -247.0500 7 130 11.1600 -240.8000
2.0826930416e-001 8.1500313844e-001 2.1133815495e+000
112 112 112
3 6 182 -116.3000 67.7000 7 261 -37.0000 -27.3500 8 325 155.3700 155.3800
1.6246140944e-001 8.6573034351e-001 2.1633363794e+000
199 199 199
3 6 188 -136.2800 106.8500 7 269 -56.4400 9.8600 8 320 165.9600 113.5800
3.4972539902e-001 7.5155667619e-001 2.5390568263e+000
33 33 33
3 6 196 -13.4300 141.9500 7 209 42.5500 61.5200 8 149 56.9300 35.6800
1.3103155401e+000 -2.1285370604e+000 3.4123897582e+000
38 38 38
2 6 208 232.4400 -342.9600 7 306 200.9400 -345.4300
1.3928769711e+000 -1.7604385974e+000 3.2738085388e+000
40 40 40
2 6 212 265.9400 -318.9700 7 307 235.8700 -328.3100
1.0595831775e+000 -1.8433247337e+000 4.1024787612e+000
51 51 51
2 6 218 178.1800 -187.0300 7 340 154.7500 -194.4200
1.7086362754e-001 8.4293943691e-001 2.1325007564e+000
184 184 184
2 6 250 -134.9500 86.8800 7 264 -54.4800 -8.4900
5.0856611464e-001 7.2236368054e-001 2.5031048879e+000
103 103 103
2 6 259 57.2600 120.1900 7 402 108.8800 35.7700
6.0454779630e-002 9.8282512054e-001 2.1798558415e+000
183 183 183
3 6 263 -196.6800 167.3300 7 283 -106.5900 68.6300 8 305 198.3400 54.4400
-9.8808808325e-004 9.9002837822e-001 2.1848398283e+000
114 114 114
3 6 266 -228.1000 173.2800 7 419 -136.9500 76.2100 8 423 229.9500 38.7800
1.0612235368e+000 9.5849163681e-001 2.7566990227e+000
36 36 36
2 6 270 311.1600 257.8200 7 289 348.6800 153.9600
-6.6468595276e-001 1.7104772255e-001 5.1230571832e+000
65 65 65
2 6 279 -162.0800 292.4000 7 303 -149.9500 285.7500
5.8500328309e-001 9.6816484513e-001 2.9184010681e+000
19 19 19
2 6 280 99.8900 293.1600 7 298 150.7200 207.8600
5.8500328309e-001 9.6816484513e-001 2.9184010681e+000
19 19 19
2 6 281 99.8900 293.1600 7 299 150.7200 207.8600
1.3262276357e+000 -1.9412943315e+000 3.4205039879e+000
99 99 99
2 6 288 241.2700 -316.5400 7 312 211.7100 -322.1300
9.1977156041e-001 -2.6176656828e+000 4.0435594408e+000
7 7 7
2 6 292 138.9600 -294.5200 7 320 108.7000 -290.8000
9.1977156041e-001 -2.6176656828e+000 4.0435594408e+000
7 7 7
2 6 293 138.9600 -294.5200 7 321 108.7000 -290.8000
1.4036996801e+000 -1.6063883496e+000 3.3043014992e+000
47 47 47
2 6 295 273.6300 -290.0600 7 314 244.7400 -303.0900
1.4036996801e+000 -1.6063883496e+000 3.3043014992e+000
47 47 47
2 6 296 273.6300 -290.0600 7 315 244.7400 -303.0900
1.3088574054e+000 -1.8194407904e+000 3.4967428530e+000
59 59 59
2 6 297 240.0600 -284.9300 7 316 211.5600 -293.6300
1.3088574054e+000 -1.8194407904e+000 3.4967428530e+000
59 59 59
2 6 298 240.0600 -284.9300 7 317 211.5600 -293.6300
8.5356264915e-001 -2.3007782861e+000 4.2922824354e+000
39 39 39
2 6 306 130.4200 -218.9600 7 495 104.3500 -219.1700
1.0149303536e+000 -1.9083640158e+000 4.0872346154e+000
40 40 40
2 6 312 168.1700 -197.8500 7 336 144.1800 -204.2300
1.1432569039e+000 -1.7069426698e-001 2.6220380037e+000
173 173 173
2 6 320 283.9300 -152.7900 7 338 282.6500 -203.0300
1.4275079397e+000 2.9356378403e-001 2.2994193989e+000
206 206 206
2 6 325 458.1000 -109.7100 7 344 455.2000 -188.5800
1.8862309651e-001 6.4199813956e-001 2.0778534624e+000
196 196 196
2 6 346 -122.3100 -18.6000 7 787 -51.1500 -101.4200
1.3044627160e+000 3.2268726520e-001 2.6283790446e+000
142 142 142
2 6 349 377.9400 -10.1400 7 364 383.8200 -85.6800
2.2748773245e-001 7.1594718446e-001 2.0896662596e+000
204 204 204
2 6 356 -103.9700 15.9600 7 554 -30.7500 -73.2300
2.2781353770e-001 7.5948371689e-001 2.1058061161e+000
185 185 185
2 6 362 -103.9600 40.0300 7 803 -28.9400 -51.8700
1.2035611834e+000 3.5425079680e-001 2.8619409206e+000
113 113 113
2 6 366 324.5900 53.2200 7 380 335.5000 -18.7000
2.3116319454e-001 8.5581154661e-001 2.1799086813e+000
110 110 110
2 6 376 -99.0000 104.4000 7 388 -21.2200 8.4300
3.3829801301e-001 7.1052280898e-001 2.4848372552e+000
32 32 32
2 6 380 -20.8700 114.1900 7 399 35.1900 34.0200
1.5539091944e-001 9.0555647207e-001 2.1656720482e+000
146 146 146
2 6 383 -142.7700 125.3500 7 573 -59.1100 27.7700
8.5727661858e-002 9.0511438183e-001 2.1713915820e+000
240 240 240
2 6 385 -178.7700 127.6600 7 396 -93.6500 32.7200
1.4412769575e-001 9.2598690240e-001 2.1717120539e+000
114 114 114
2 6 388 -149.0000 137.0000 7 404 -64.3100 38.3900
9.3172879484e-002 9.6742402056e-001 2.1761250664e+000
191 191 191
3 6 393 -177.6700 158.6100 7 411 -90.2800 60.0600 8 439 185.1400 67.2400
-1.6950911146e-002 9.7274032415e-001 2.1737380029e+000
192 192 192
3 6 396 -236.7600 162.2300 7 413 -146.3700 66.4000 8 429 241.5500 45.7000
9.9280355779e-001 9.6267772686e-001 2.6572716017e+000
131 131 131
2 6 407 286.7500 243.8400 7 427 328.5500 137.6500
4.7100326343e-001 9.1346524630e-001 2.7750382938e+000
76 76 76
2 6 408 48.3400 250.3000 7 432 103.0300 165.8400
1.0024135186e+000 9.6066450329e-001 2.7170022536e+000
52 52 52
2 6 409 287.5600 253.2800 7 428 327.6500 149.0300
1.4685120860e+000 -1.6487078735e+000 3.1643628008e+000
42 42 42
2 6 436 291.1600 -325.0500 7 462 260.5300 -336.4700
9.3237402909e-001 -2.6467667120e+000 4.0232213347e+000
75 75 75
2 6 441 140.9600 -301.1200 7 472 110.2400 -297.0800
1.3941664503e+000 -1.6145300020e+000 3.3393052636e+000
99 99 99
2 6 447 270.0200 -284.6500 7 471 241.7000 -297.2900
9.2006835898e-001 -2.4896840131e+000 4.1007058496e+000
97 97 97
3 6 451 140.6200 -270.9300 7 480 111.3400 -268.5900 8 657 95.1800 191.8300
8.7741410329e-001 -2.4019368531e+000 4.2205317158e+000
50 50 50
2 6 460 133.6400 -242.1000 7 483 106.2900 -241.0700
1.2738220921e+000 -9.7726213380e-001 3.0272026804e+000
90 90 90
2 6 461 271.9600 -238.5800 7 482 253.5100 -263.4200
1.1960464271e+000 -1.6689833086e+000 3.8143523829e+000
121 121 121
2 6 467 213.7100 -207.6600 7 497 190.2300 -218.3300
9.9991221047e-001 -1.9201923483e+000 4.1667945881e+000
47 47 47
2 6 470 164.2100 -187.9600 7 509 141.0000 -193.5700
1.1402069319e+000 -2.2840273540e-001 2.6152899485e+000
175 175 175
2 6 473 279.6600 -169.5900 7 499 277.7600 -216.9100
1.2563223198e+000 -1.6018737585e-003 2.5364988762e+000
184 184 184
2 6 482 341.0600 -131.0600 7 514 340.0400 -190.1300
1.2734757048e+000 4.9129877399e-002 2.5394044811e+000
160 160 160
3 6 488 351.2900 -115.9500 7 517 350.9200 -177.8000 8 701 -157.8600 279.2800
1.4356613156e+000 3.7205047964e-001 2.3497394675e+000
205 205 205
2 6 501 464.8700 -68.3900 7 525 463.8000 -152.3700
7.5487720775e-001 4.3274827714e-001 2.4483979161e+000
150 150 150
2 6 519 161.7300 -6.7800 7 553 193.5900 -81.6700
5.7200606872e-001 5.1290941203e-001 2.5079661653e+000
35 35 35
2 6 531 83.7700 40.2700 7 377 123.9000 -34.3400
1.2274591704e+000 3.5151780196e-001 2.8404941290e+000
142 142 142
2 6 532 334.7100 47.4900 7 561 344.9000 -24.9400
4.9959356065e-001 7.5965535415e-001 2.4849962390e+000
199 199 199
2 6 555 52.9700 131.5900 7 577 106.8600 44.5600
-2.7621684774e-002 9.7867816544e-001 2.1845573041e+000
85 85 85
2 6 565 -241.0600 168.1000 7 588 -150.2800 72.4000
1.4823856124e-002 9.9213455419e-001 2.1907441474e+000
115 115 115
2 6 569 -219.0400 175.6300 7 591 -128.2300 78.0000
9.7640367384e-001 1.0042308921e+000 2.8149275933e+000
75 75 75
2 6 582 272.2800 287.6800 7 434 314.7800 185.9800
7.4448969998e-001 9.8346811061e-001 2.8883816186e+000
62 62 62
2 6 584 167.8700 293.2300 7 438 215.8700 201.7700
1.2771471177e+000 -2.0889787392e+000 3.4096399108e+000
104 104 104
2 6 603 226.4500 -337.7000 7 636 195.5200 -340.9000
1.3999343997e+000 -1.8171419498e+000 3.2427130490e+000
56 56 56
2 6 607 266.3300 -333.2200 7 635 235.3000 -341.4400
1.5529255797e+000 -1.4842693822e+000 3.0343134453e+000
46 46 46
2 6 616 323.8700 -327.6300 7 631 292.4600 -342.6400
1.4528543906e+000 -1.6127175788e+000 3.1710812583e+000
92 92 92
2 6 619 288.8000 -317.8900 7 647 258.4600 -330.3700
1.1262118961e+000 -2.2251620844e+000 3.7286157176e+000
88 88 88
2 6 631 187.4400 -298.0900 7 669 157.9400 -299.8400
8.5504472231e-001 -2.7604599480e+000 4.1297681244e+000
34 34 34
2 6 632 125.5800 -297.2800 7 672 94.2000 -292.3700
1.0338554449e+000 -2.3775271321e+000 3.8785401234e+000
47 47 47
2 6 639 165.0000 -292.0800 7 1031 135.3800 -291.6900
1.2121205727e+000 -1.9053192343e+000 3.6152052570e+000
43 43 43
2 6 644 214.1800 -275.2700 7 678 186.8100 -282.0000
7.4413016405e-001 -2.8024971515e+000 4.3660269404e+000
76 76 76
2 6 648 105.7800 -267.6000 7 692 75.7300 -261.8700
6.8559429781e-001 -2.9161471047e+000 4.4606760601e+000
73 73 73
2 6 650 95.2100 -266.8400 7 695 64.6700 -259.9100
1.1989990789e+000 -1.8343290788e+000 3.7215451310e+000
109 109 109
2 6 662 211.5800 -247.1200 7 1082 185.7400 -255.0200
1.2802505940e+000 -1.6160302097e+000 3.5594872741e+000
110 110 110
2 6 664 238.3400 -243.4400 7 697 213.1500 -255.5400
1.2475589710e+000 -1.7221727455e+000 3.6581226653e+000
55 55 55
2 6 667 226.0600 -242.0700 7 1087 200.7300 -251.9900
6.4288434149e-001 -2.7269902801e+000 4.6774687571e+000
74 74 74
2 6 680 90.2700 -217.0000 7 725 62.1900 -211.8600
1.1764133620e+000 -1.7717458581e+000 3.8555868184e+000
127 127 127
2 6 683 206.6100 -215.8500 7 490 181.9300 -225.0600
9.7816885943e-001 -2.0497658724e+000 4.2243867627e+000
90 90 90
2 6 689 157.6600 -197.1500 7 733 133.1700 -201.0600
1.1428614008e+000 -2.3180217866e-001 2.5899757138e+000
32 32 32
2 6 697 281.5300 -176.9600 7 1897 279.3100 -224.2700
1.0342688675e+000 -1.7939342047e+000 4.1327906943e+000
51 51 51
2 6 700 174.0500 -174.9000 7 749 150.7800 -183.4800
8.7467855652e-001 4.0417405015e-001 2.2912110207e+000
94 94 94
2 6 738 218.0000 -62.3700 7 532 245.6300 -140.0600
1.2867413113e+000 1.7691591417e-001 2.6126893251e+000
187 187 187
2 6 741 360.6800 -59.7100 7 778 363.5700 -127.3400
1.3105155484e-002 5.1391447399e-001 2.1215711056e+000
207 207 207
2 6 744 -196.6300 -52.0600 7 782 -129.7200 -121.5900
1.2986775928e+000 2.4005104254e-001 2.6144508611e+000
132 132 132
2 6 754 370.0600 -39.9400 7 784 374.1800 -110.9600
5.2567999927e-001 7.0768331501e-001 2.4993220712e+000
49 49 49
2 6 793 65.2300 113.4700 7 821 115.0200 28.7600
4.3843067807e-001 7.1737520244e-001 2.4779749386e+000
42 42 42
2 6 794 24.4200 113.7900 7 822 78.3300 30.5300
5.2031011918e-001 7.8968547302e-001 2.6253278616e+000
183 183 183
3 6 810 66.1600 172.8700 7 1376 117.1900 87.8700 8 810 -22.9100 23.9600
5.9402644728e-001 8.2413863729e-001 2.6594144100e+000
139 139 139
2 6 818 99.2800 191.8700 7 1385 149.9100 104.9800
-1.3391696294e+000 1.8115388584e-001 5.4031233923e+000
109 109 109
2 6 829 -278.7400 313.3700 7 885 -268.8600 318.3600
-1.3881752215e+000 2.1156136313e-001 5.3190368504e+000
111 111 111
2 6 830 -294.7800 313.4900 7 888 -283.6700 319.0000
-1.3881752215e+000 2.1156136313e-001 5.3190368504e+000
111 111 111
2 6 831 -294.7800 313.4900 7 889 -283.6700 319.0000
1.1275160798e+000 -2.4678371392e+000 3.5948191147e+000
98 98 98
2 6 850 183.7400 -350.8800 7 921 151.4600 -348.5700
1.2507553696e+000 -2.1790359784e+000 3.4348152997e+000
48 48 48
2 6 859 218.0500 -344.4100 7 926 186.3100 -346.4700
1.2400585359e+000 -2.2105585120e+000 3.4593909437e+000
99 99 99
2 6 860 214.2700 -344.2500 7 927 183.1500 -345.1900
1.3011481351e+000 -2.0271213457e+000 3.3533333859e+000
37 37 37
2 6 869 234.6000 -339.9900 7 929 203.4200 -344.3900
1.2541101902e+000 -2.1208055371e+000 3.5256762535e+000
102 102 102
2 6 897 219.0300 -320.6700 7 971 188.3000 -323.9800
1.3577992920e+000 -1.8565542499e+000 3.3587981448e+000
45 45 45
2 6 900 252.6800 -316.1200 7 970 222.4600 -323.9000
1.3057240888e+000 -1.9909689554e+000 3.4715334947e+000
33 33 33
2 6 906 234.5400 -313.6600 7 982 204.5500 -318.8800
1.4667142690e+000 -1.5262588847e+000 3.1793039342e+000
100 100 100
2 6 914 295.2900 -303.3700 7 985 266.2900 -317.3000
1.1336620461e+000 -2.2066194323e+000 3.6857992031e+000
38 38 38
2 6 917 189.9700 -302.6700 7 1007 159.9500 -305.0600
1.4735353059e+000 -1.4851193749e+000 3.1806139346e+000
40 40 40
2 6 926 298.6100 -296.8100 7 993 270.1400 -311.5300
9.9950872578e-001 -2.4723879343e+000 3.9318974732e+000
37 37 37
2 6 932 156.4200 -295.1100 7 1029 126.5700 -293.2400
1.3733777004e+000 -1.6072604727e+000 3.3479571477e+000
31 31 31
2 6 941 264.9200 -281.8200 7 1024 237.4700 -294.1400
1.4272362853e+000 -1.5027149918e+000 3.3000081235e+000
131 131 131
2 6 951 283.1400 -275.3400 7 1034 255.5600 -290.1700
1.2686874070e+000 -1.7903796000e+000 3.5263673915e+000
50 50 50
2 6 953 231.2200 -275.0600 7 1046 203.9800 -283.9000
1.3351371817e+000 -1.6404836788e+000 3.4548406639e+000
112 112 112
2 6 959 252.5000 -266.4400 7 1702 225.4900 -278.4400
1.3148362488e+000 -1.6529970728e+000 3.5126018196e+000
108 108 108
2 6 971 246.2200 -257.6500 7 1059 219.5900 -269.4600
1.1535612771e+000 -1.9344871917e+000 3.7784712591e+000
113 113 113
2 6 977 198.9600 -251.1900 7 1081 172.3700 -257.6500
1.1900528526e+000 -9.8228797779e-001 3.1817406526e+000
166 166 166
2 6 1007 244.4200 -206.3400 7 1874 228.2700 -230.5300
9.6987270374e-001 -2.0032775373e+000 4.3277886221e+000
104 104 104
2 6 1040 156.4800 -176.1100 7 1196 132.4500 -180.8900
1.2767347120e+000 -4.4060110743e-002 2.5043762917e+000
138 138 138
2 6 1062 347.8800 -151.9000 7 1961 344.9000 -209.2800
1.4532310750e+000 2.6658680641e-001 2.2572192274e+000
165 165 165
2 6 1079 471.3400 -131.7500 7 1959 465.4600 -209.7200
1.4401629855e+000 3.1624852333e-001 2.3111075235e+000
112 112 112
2 6 1105 464.9200 -98.8200 7 2057 461.9600 -179.3600
1.2774291689e+000 1.7126825884e-001 2.5990522480e+000
102 102 102
2 6 1132 357.4300 -64.7600 7 2122 360.8100 -131.8600
1.4429248941e+000 4.1632293681e-001 2.3376965086e+000
213 213 213
2 6 1138 474.3500 -56.5500 7 1220 474.3500 -143.5000
3.2007375296e-002 5.5724890916e-001 2.1242194123e+000
179 179 179
2 6 1150 -190.0600 -34.9800 7 1250 -121.3500 -107.4100
7.3106951016e-001 4.1967085573e-001 2.4606507458e+000
145 145 145
2 6 1167 150.6200 -7.9200 7 2158 183.0300 -81.1500
7.4816081226e-001 4.4384550182e-001 2.4618393365e+000
138 138 138
2 6 1174 159.0100 0.7300 7 1272 191.3200 -74.4600
7.3549669196e-001 4.5139563834e-001 2.4717950098e+000
215 215 215
2 6 1176 153.5200 6.1000 7 1274 186.6200 -68.9500
1.4017625378e+000 4.9970510277e-001 2.4904267578e+000
155 155 155
2 6 1182 447.6500 15.0500 7 1271 453.5000 -74.6400
2.1255284421e-001 7.2025594561e-001 2.0807578227e+000
207 207 207
2 6 1184 -113.0400 15.3100 7 1273 -38.3200 -73.6800
7.4549887005e-001 4.7994505631e-001 2.5194209229e+000
154 154 154
2 6 1189 158.0000 27.5900 7 1284 191.7600 -47.9000
7.4549887005e-001 4.7994505631e-001 2.5194209229e+000
154 154 154
2 6 1190 158.0000 27.5900 7 1285 191.7600 -47.9000
3.0909229622e-002 8.0936226450e-001 2.1055320939e+000
162 162 162
2 6 1202 -209.7000 66.4800 7 1299 -126.4400 -23.1700
7.0953766113e-002 9.2099590115e-001 2.1594196309e+000
178 178 178
2 6 1251 -189.0300 132.5000 7 1344 -102.2200 36.2600
6.0071332780e-002 9.3106319357e-001 2.1655645810e+000
214 214 214
2 6 1257 -194.4900 139.1600 7 2248 -107.3200 42.6900
-1.5489437314e+000 2.3067496448e-001 5.3316605534e+000
68 68 68
2 6 1326 -324.2300 318.2700 7 1455 -314.7100 325.0000
-1.4516141477e+000 2.3962420396e-001 5.3589330724e+000
97 97 97
2 6 1328 -304.6600 321.6400 7 1458 -294.1800 327.7300
-1.4240635873e+000 2.8359623900e-001 5.4565179770e+000
110 110 110
2 6 1336 -294.2600 336.2200 7 1471 -283.6600 342.4500
1.2452542260e+000 -2.1378809435e+000 3.5002223603e+000
85 85 85
2 6 1374 216.8300 -327.5000 7 1566 186.3400 -330.0000
1.5703903737e+000 -1.4404709340e+000 3.0261848689e+000
109 109 109
2 6 1386 330.4400 -322.9800 7 1539 299.9000 -338.3800
1.2192199593e+000 -2.1499548104e+000 3.5608719970e+000
39 39 39
2 6 1391 210.4500 -317.8100 7 978 179.8100 -320.8000
1.4845717545e+000 -1.5926747855e+000 3.1596238621e+000
126 126 126
2 6 1394 297.5700 -317.7400 7 957 267.2500 -330.4000
1.4845717545e+000 -1.5926747855e+000 3.1596238621e+000
126 126 126
2 6 1395 297.5700 -317.7400 7 958 267.2500 -330.4000
8.0597037822e-001 -2.9757848292e+000 4.1532492580e+000
66 66 66
2 6 1397 114.3300 -317.5000 7 1617 82.0200 -309.5300
1.4737962089e+000 -1.5376794394e+000 3.1592768529e+000
36 36 36
2 6 1407 297.5200 -308.9500 7 1587 267.4100 -323.2400
1.3651738847e+000 -1.8025790783e+000 3.3916608112e+000
52 52 52
2 6 1420 255.5500 -302.3000 7 1611 225.7900 -311.4000
1.4802310311e+000 -1.4900163944e+000 3.1705864611e+000
104 104 104
2 6 1428 300.6000 -299.4900 7 1601 271.4400 -314.5000
1.4802310311e+000 -1.4900163944e+000 3.1705864611e+000
104 104 104
2 6 1429 300.6000 -299.4900 7 1602 271.4400 -314.5000
1.0098854400e+000 -2.4156757905e+000 3.9108133596e+000
82 82 82
2 6 1443 159.5800 -291.4000 7 1674 129.7900 -290.5900
8.3278113431e-001 -2.6034189161e+000 4.3216179144e+000
36 36 36
2 6 1508 123.2800 -251.6900 7 1819 94.3500 -248.4400
1.0337008087e+000 -2.1531222614e+000 3.9737415956e+000
43 43 43
2 6 1516 168.2900 -248.5500 7 1797 141.3200 -251.3500
9.9750736661e-001 -2.1138339774e+000 3.9373035020e+000
45 45 45
2 6 1518 161.8800 -248.5400 7 1799 135.6200 -251.6000
9.1453920008e-001 -2.3304318480e+000 4.1336336520e+000
91 91 91
2 6 1523 141.6500 -246.1400 7 1095 114.5200 -246.0500
1.0307957433e+000 -2.1363806203e+000 3.9785949077e+000
91 91 91
2 6 1524 167.9200 -245.6100 7 1817 141.2800 -248.5300
1.0948135808e+000 -1.9616561536e+000 3.8898789120e+000
96 96 96
2 6 1536 184.9500 -236.4100 7 1838 159.1100 -242.2500
1.2592581370e+000 -1.6174956136e+000 3.6665144877e+000
59 59 59
2 6 1548 231.4400 -225.0700 7 1855 207.2300 -236.9200
1.0267101390e+000 -1.9782001929e+000 4.0773411576e+000
60 60 60
2 6 1569 169.1700 -209.3700 7 1940 144.7300 -214.4100
1.3578763008e+000 -1.6973510399e-003 2.3230642126e+000
123 123 123
2 6 1602 396.5700 -192.9200 7 1786 390.2300 -253.2900
1.0312628613e+000 -1.8974538915e+000 4.1488587376e+000
98 98 98
2 6 1617 171.2900 -187.4400 7 2020 147.3400 -194.1500
1.2076106381e+000 -2.5990477010e-002 2.6376024420e+000
69 69 69
2 6 1717 315.1800 -111.1400 7 2080 315.5500 -168.1300
1.2175335810e+000 2.6247319358e-002 2.6642487871e+000
136 136 136
2 6 1742 320.8200 -90.0000 7 2106 321.9800 -149.4900
1.4409072292e+000 3.9001962577e-001 2.3518180351e+000
221 221 221
2 6 1759 468.8600 -61.7100 7 2109 468.2200 -146.8200
1.4443067308e+000 4.2237907775e-001 2.3472662879e+000
136 136 136
2 6 1766 474.6700 -51.6000 7 2114 474.5100 -139.1000
7.3539573108e-001 4.3568679849e-001 2.4249522953e+000
119 119 119
2 6 1809 153.5300 -11.3800 7 2156 186.4600 -86.5200
7.3539573108e-001 4.3568679849e-001 2.4249522953e+000
119 119 119
2 6 1810 153.5300 -11.3800 7 2157 186.4600 -86.5200
2.3724328424e-001 8.5100950521e-001 2.1699901836e+000
164 164 164
2 6 1867 -96.4800 99.5000 7 1318 -18.9100 3.1500
1.6729103074e-001 9.7070467894e-001 2.2402005343e+000
146 146 146
2 6 1901 -131.2100 175.0500 7 2274 -47.5500 75.6400
5.1737508280e-002 1.0216250456e+000 2.2414341949e+000
180 180 180
3 6 1909 -194.1900 201.7700 7 1383 -105.1500 102.9200 8 806 190.7100 16.0200
-1.4570245966e+000 1.5715914185e-001 5.3656113614e+000
101 101 101
2 6 1943 -302.4900 306.2400 7 2381 -293.1100 312.6400
