# Bundle file v0.3
9 275
0 0 0
0 0 0
0 0 0
0 0 0
0 0 0
0 0 0
0 0 0
0 0 0
0 0 0
0 0 0
0 0 0
0 0 0
0 0 0
0 0 0
0 0 0
0 0 0
0 0 0
0 0 0
0 0 0
0 0 0
0 0 0
0 0 0
0 0 0
0 0 0
0 0 0
1.0255862222e+003 -1.1639711053e-001 -2.1968456143e-002
-9.8182095202e-001 -1.8712217660e-001 3.1826234504e-002
1.2948890164e-001 -7.8291736142e-001 -6.0850064054e-001
1.3878127586e-001 -5.9331753405e-001 7.9291491427e-001
3.9409107566e-001 1.7859287749e+000 5.7257413157e-001
-1.0271632788e+003 -1.1097985831e-001 -2.5843971093e-002
9.9506462263e-001 -1.5580137781e-002 9.7998245371e-002
-4.4519356112e-002 8.1252518792e-001 5.8122357653e-001
-8.8681586140e-002 -5.8271783763e-001 8.0782145180e-001
-6.1116733684e-001 -1.7561816605e+000 7.0467777774e-001
-1.0294569709e+003 -1.2566387208e-001 1.8967855352e-002
9.9483374119e-001 5.7252367896e-002 8.3833130501e-002
-9.6833743112e-002 7.8310891007e-001 6.1429932538e-001
-3.0480380480e-002 -6.1924357190e-001 7.8460712785e-001
-4.9815290136e-001 -1.9725761119e+000 9.1987280782e-001
0 0 0
0 0 0
0 0 0
0 0 0
0 0 0
1.1446669320e+000 -2.4117960118e-001 2.6225957731e+000
175 175 175
3 6 474 279.6600 -169.5900 7 500 277.7600 -216.9100 5 481 206.8300 -181.5900
1.2773276928e+000 -1.5199906661e-002 2.5084120133e+000
185 185 185
3 6 478 348.6100 -141.8800 7 507 346.7100 -200.2000 5 489 286.6900 -160.6700
2.7811278573e-002 8.7849069381e-001 2.1377338621e+000
255 255 255
3 6 252 -206.4900 106.0400 7 391 -120.7000 13.0200 5 294 -157.7700 116.0000
1.2690514961e+000 -5.7419072800e-002 2.4983692475e+000
187 187 187
3 6 318 342.9000 -156.1000 7 335 340.6400 -212.2800 5 339 279.2100 -173.8600
1.2773276928e+000 -1.5199906661e-002 2.5084120133e+000
185 185 185
3 6 477 348.6100 -141.8800 7 506 346.7100 -200.2000 5 488 286.6900 -160.6700
1.3012102398e+000 2.4201071398e-001 2.6098515150e+000
132 132 132
3 6 755 370.0600 -39.9400 7 785 374.1800 -110.9600 5 730 319.9200 -66.9800
7.3270286377e-001 4.5955522710e-001 2.4728326724e+000
193 193 193
3 6 34 151.9900 9.5500 7 79 187.6400 -66.0800 5 40 143.5500 -7.1500
3.9787858570e-001 5.9423658864e-001 2.4702058975e+000
47 47 47
3 6 38 7.9700 63.8500 7 85 57.8100 -12.7000 5 43 13.0800 61.1600
3.1378049248e-002 8.9383028626e-001 2.1394759358e+000
31 31 31
3 6 40 -205.5600 113.6300 7 52 -118.5100 19.3100 5 44 -154.9300 123.9600
3.1378049248e-002 8.9383028626e-001 2.1394759358e+000
31 31 31
3 6 41 -205.5600 113.6300 7 53 -118.5100 19.3100 5 45 -154.9300 123.9600
3.1378049248e-002 8.9383028626e-001 2.1394759358e+000
31 31 31
3 6 42 -205.5600 113.6300 7 54 -118.5100 19.3100 5 46 -154.9300 123.9600
1.2235272935e-002 9.3178470799e-001 2.1669777087e+000
216 216 216
3 6 73 -214.1100 138.3500 7 87 -126.4700 44.1000 5 47 -161.9300 152.8100
4.2072477486e-002 5.2004823611e-001 2.1250096925e+000
24 24 24
3 6 62 -178.6100 -48.2000 7 72 -112.5500 -119.6800 5 63 -169.0300 -48.0000
8.1246207236e-001 4.6798965286e-001 2.4203577015e+000
130 130 130
3 6 124 188.8500 -0.3900 7 104 221.0500 -81.2400 5 94 181.0700 -24.3800
7.8882773969e-001 4.8007205101e-001 2.4461987825e+000
17 17 17
3 6 173 178.1700 7.0500 7 192 210.5600 -68.8200 5 98 172.3700 -8.7900
7.4661179764e-001 6.8696001194e-001 2.5708831463e+000
59 59 59
3 6 100 164.8600 116.5600 7 113 204.9900 30.5900 5 107 171.0600 96.0800
5.5059126267e-001 8.0477949342e-001 2.6489246053e+000
62 62 62
3 6 106 80.7700 181.7200 7 115 131.4200 95.6400 5 113 95.5200 172.7400
1.3584728472e+000 -1.8362256753e-002 2.3313404488e+000
174 174 174
3 6 117 393.0100 -193.0700 7 176 386.4700 -253.6000 5 117 331.0400 -213.8800
7.7118791926e-001 6.4208917221e-001 2.5158332592e+000
75 75 75
3 6 130 174.6200 86.3400 7 140 214.2100 1.5400 5 136 179.7500 64.6700
3.7267526849e-001 6.3751188428e-001 2.4778295462e+000
109 109 109
3 6 183 -3.2000 82.3100 7 198 48.8100 5.0100 5 137 5.7100 80.6900
3.7267526849e-001 6.3751188428e-001 2.4778295462e+000
109 109 109
3 6 184 -3.2000 82.3100 7 199 48.8100 5.0100 5 138 5.7100 80.6900
7.1247297329e-001 6.6636359918e-001 2.5446617505e+000
32 32 32
3 6 187 149.1200 103.4600 7 144 191.2400 17.9200 5 139 155.3100 85.1800
1.6109277567e-001 8.4917205281e-001 2.1586829033e+000
76 76 76
3 6 132 -133.1400 96.0600 7 197 -53.6900 1.1200 5 141 -82.8300 97.4400
5.2436591300e-001 8.3708972032e-001 2.6669818419e+000
160 160 160
3 6 139 69.8000 198.4800 7 151 122.4000 111.9500 5 146 86.6200 191.1400
7.5099407882e-001 -2.1857378877e+000 4.2852226436e+000
29 29 29
2 6 217 112.2800 -204.1400 7 240 87.9300 -205.1700
1.4422008780e+000 3.2597160741e-001 2.3277342591e+000
189 189 189
3 6 163 462.0400 -89.3800 7 181 459.9000 -170.7300 5 160 416.9100 -124.4200
1.4422008780e+000 3.2597160741e-001 2.3277342591e+000
189 189 189
3 6 164 462.0400 -89.3800 7 182 459.9000 -170.7300 5 161 416.9100 -124.4200
1.2848992204e+000 1.9891752137e-001 2.6228937285e+000
183 183 183
3 6 230 359.6400 -50.7500 7 249 363.1300 -119.2100 5 178 307.0500 -73.1600
7.1015369159e-001 4.7275627015e-001 2.5070603027e+000
67 67 67
3 6 177 142.9000 22.1100 7 257 177.4700 -51.8700 5 197 134.5100 8.1200
8.0035089639e-001 6.9731783891e-001 2.5769496815e+000
19 19 19
3 6 192 188.3600 120.4800 7 205 228.7400 32.7800 5 203 193.9500 98.8200
4.2299766337e-001 7.0386337855e-001 2.4812631077e+000
48 48 48
3 6 189 19.1100 108.6700 7 273 72.7900 26.0900 5 204 34.5900 103.4300
-3.3508069513e-003 8.7425874916e-001 2.1263257388e+000
219 219 219
3 6 251 -223.9300 100.9500 7 268 -137.1400 9.3800 5 209 -176.7200 113.5400
4.3788334857e-001 7.2476420071e-001 2.5053755873e+000
200 200 200
3 6 195 26.5000 122.0000 7 206 80.5200 38.7200 5 210 42.6700 116.5700
1.1503114827e+000 -1.9202186618e-001 2.6373606089e+000
173 173 173
3 6 319 283.9300 -152.7900 7 337 282.6500 -203.0300 5 229 212.8500 -166.9500
7.7323988017e-001 4.4124014675e-001 2.4455744382e+000
33 33 33
3 6 353 170.2300 -4.0100 7 367 201.8200 -80.4700 5 260 160.3000 -23.2900
8.9242656880e-001 5.0308902188e-001 2.4497690182e+000
48 48 48
3 6 237 225.4300 16.5800 7 254 253.9200 -65.5900 5 266 217.2200 -7.4400
8.3911807851e-001 4.9291867859e-001 2.4655908252e+000
123 123 123
3 6 357 200.8300 17.4900 7 370 230.9800 -62.0500 5 267 192.8600 -3.5900
6.6841284895e-001 4.9195915057e-001 2.5032181998e+000
30 30 30
3 6 243 125.8200 29.2500 7 258 161.5100 -45.3100 5 275 119.7400 15.4400
7.4680513740e-001 6.8180682652e-001 2.5571781858e+000
29 29 29
3 6 377 165.1700 111.2600 7 271 205.3300 24.4800 5 290 171.1800 92.2400
2.1049803693e-002 9.8623878973e-001 2.1874918273e+000
181 181 181
3 6 264 -210.1800 169.8700 7 416 -120.7700 71.8300 5 301 -152.5400 185.6300
7.0570899279e-003 9.8474243933e-001 2.1865955778e+000
188 188 188
3 6 398 -217.3300 169.2000 7 417 -128.0700 71.5400 5 302 -160.8600 185.7800
5.3628634589e-001 8.5436658469e-001 2.6787880293e+000
68 68 68
3 6 405 75.3100 207.1800 7 285 128.3000 120.1500 5 304 93.1300 199.8600
1.4692786375e+000 -1.6345917265e+000 3.2281733978e+000
116 116 116
3 6 289 290.3800 -310.1100 7 310 259.7700 -322.0600 5 322 150.5700 -303.2200
1.4692786375e+000 -1.6345917265e+000 3.2281733978e+000
116 116 116
3 6 290 290.3800 -310.1100 7 311 259.7700 -322.0600 5 323 150.5700 -303.2200
1.0499417889e+000 -1.9258974901e+000 4.1235181894e+000
107 107 107
3 6 313 174.6100 -195.5400 7 339 150.3700 -201.8000 5 336 28.8500 -183.1200
1.7662498996e-001 8.4476355166e-001 2.1436340856e+000
85 85 85
3 6 368 -126.6500 88.6100 7 383 -46.9400 -5.9300 5 399 -74.4900 90.5400
1.3611670434e-001 9.2980088905e-001 2.1708258617e+000
114 114 114
3 6 387 -149.0000 137.0000 7 403 -64.3100 38.3900 5 414 -90.2200 142.2100
9.9523660474e-002 9.5528423857e-001 2.1771968093e+000
195 195 195
3 6 390 -168.8000 151.1400 7 410 -81.5600 51.8000 5 421 -109.5800 160.7200
1.1516816829e-002 9.7731175285e-001 2.1741611284e+000
125 125 125
3 6 395 -216.7800 162.1300 7 584 -126.2000 64.9400 5 425 -159.5200 178.2300
1.0653015556e+000 9.6080722946e-001 2.7650115754e+000
36 36 36
3 6 271 311.1600 257.8200 7 290 348.6800 153.9600 5 437 319.6700 219.9100
1.4184322384e+000 -1.7926596053e+000 3.2398536543e+000
114 114 114
3 6 432 271.6400 -330.2400 7 461 240.9500 -339.1600 5 454 128.5700 -322.0100
1.1922682697e+000 -1.9970315140e+000 3.6962104672e+000
110 110 110
3 6 448 206.8100 -274.1100 7 478 178.5800 -279.2100 5 466 59.9200 -263.1300
1.1922682697e+000 -1.9970315140e+000 3.6962104672e+000
110 110 110
3 6 449 206.8100 -274.1100 7 479 178.5800 -279.2100 5 467 59.9200 -263.1300
1.1756430665e+000 -1.7698286955e+000 3.8536441508e+000
127 127 127
3 6 682 206.6100 -215.8500 7 491 181.9300 -225.0600 5 478 64.5700 -206.2500
1.2702842013e+000 -1.9456204468e-002 2.5267781775e+000
137 137 137
3 6 714 344.6000 -137.4700 7 734 342.6700 -195.9400 5 491 282.0400 -157.3800
1.2702842013e+000 -1.9456204468e-002 2.5267781775e+000
137 137 137
3 6 715 344.6000 -137.4700 7 735 342.6700 -195.9400 5 492 282.0400 -157.3800
1.2842495427e+000 2.7805453666e-002 2.5286300324e+000
185 185 185
3 6 484 352.9800 -124.4600 7 515 352.1900 -184.7900 5 502 292.8600 -144.6900
1.4446506378e+000 3.0029612672e-001 2.3132396393e+000
213 213 213
3 6 721 461.8800 -102.0800 7 750 458.9400 -182.2200 5 506 415.2000 -136.1700
1.3058335661e+000 1.3822148398e-001 2.5798981638e+000
198 198 198
3 6 497 365.0300 -80.2700 7 529 367.9300 -143.0800 5 517 310.7800 -104.2700
7.7537100360e-001 4.5323761411e-001 2.4572970630e+000
162 162 162
3 6 764 171.3200 2.6400 7 794 203.4300 -74.2200 5 544 161.7800 -15.3500
7.7537100360e-001 4.5323761411e-001 2.4572970630e+000
162 162 162
3 6 765 171.3200 2.6400 7 793 203.4300 -74.2200 5 545 161.7800 -15.3500
2.1164950735e-001 7.3064746137e-001 2.0790548789e+000
119 119 119
3 6 526 -109.9600 19.3400 7 797 -35.3000 -70.8700 5 550 -65.2900 13.5600
2.0760803595e-001 7.9680516581e-001 2.1012500071e+000
117 117 117
3 6 533 -112.6800 55.4200 7 804 -34.9800 -38.5700 5 557 -61.5900 50.8100
5.0546815788e-001 7.8641138476e-001 2.6263999056e+000
62 62 62
3 6 566 60.1900 170.7700 7 847 112.3200 85.8800 5 584 74.6700 163.8500
2.9431270288e-002 9.7607217101e-001 2.1804582440e+000
115 115 115
3 6 564 -206.2200 162.8700 7 582 -117.0000 65.2000 5 587 -148.6000 177.9100
1.4392976906e+000 -1.7792626865e+000 3.2029474988e+000
111 111 111
3 6 604 278.0000 -335.9100 7 928 246.7600 -344.5700 5 604 135.2300 -327.9200
1.3227377316e+000 -1.9801701365e+000 3.3732888726e+000
120 120 120
3 6 611 240.6100 -329.9100 7 640 209.9800 -335.8200 5 606 93.6300 -319.8700
1.3700483094e+000 -1.8162979589e+000 3.3573464483e+000
117 117 117
3 6 624 256.8400 -310.8900 7 654 227.2600 -319.4500 5 610 113.4600 -301.7300
1.2267716701e+000 -2.0399256072e+000 3.5771315290e+000
117 117 117
3 6 628 214.5900 -300.3500 7 661 185.5000 -305.2800 5 616 66.6000 -289.6400
1.3345336774e+000 -1.7961798969e+000 3.4289018045e+000
121 121 121
3 6 636 247.9100 -293.9600 7 1011 219.3500 -303.1100 5 617 105.1200 -285.7500
1.2451638160e+000 -1.8301565940e+000 3.6317673464e+000
111 111 111
3 6 651 223.2700 -262.1500 7 687 196.3700 -270.4100 5 625 80.0000 -252.6400
1.2327802990e+000 -1.8216015970e+000 3.6478786238e+000
53 53 53
3 6 970 220.5300 -257.9800 7 1062 193.9400 -266.3600 5 628 77.5300 -248.5400
1.1437199828e+000 -2.2907695475e-001 2.6325428875e+000
15 15 15
3 6 1053 279.6200 -164.3700 7 726 277.7500 -211.6800 5 658 207.3800 -175.9500
1.1504514429e+000 -2.0891350074e-001 2.6227441700e+000
177 177 177
3 6 703 283.5900 -161.2600 7 1147 282.0900 -210.6300 5 660 212.0300 -173.9300
1.2870618557e+000 -4.5913324198e-003 2.4999492964e+000
138 138 138
3 6 711 353.8300 -140.8100 7 1160 351.6100 -200.6300 5 674 291.9700 -160.7800
1.4348671019e+000 2.7423185000e-001 2.3244794324e+000
211 211 211
3 6 720 453.6600 -107.3800 7 747 450.5700 -185.4900 5 682 405.6700 -139.9200
1.4463306319e+000 3.3538654173e-001 2.3253948241e+000
202 202 202
3 6 729 465.2500 -86.9500 7 760 462.7900 -168.9800 5 691 420.4600 -122.5000
1.2842595913e+000 9.1793349088e-002 2.5620233894e+000
137 137 137
3 6 726 355.5700 -96.9200 7 762 356.3900 -160.8500 5 692 298.1300 -119.3700
1.4474929591e+000 3.3579962548e-001 2.3416904976e+000
119 119 119
3 6 731 463.7500 -82.1800 7 1207 462.0500 -164.3000 5 696 418.5100 -117.5800
1.3086405318e+000 1.7341197431e-001 2.5577473328e+000
134 134 134
3 6 1125 371.8800 -74.1300 7 1221 372.9600 -142.5500 5 705 318.2600 -99.2200
1.2963629310e+000 1.8990573736e-001 2.5943780696e+000
126 126 126
3 6 740 365.3900 -59.5300 7 777 368.2700 -128.4600 5 714 312.4400 -85.1000
1.0213964588e+000 9.0635977256e-001 2.5906878579e+000
112 112 112
3 6 821 299.4800 204.5800 7 850 338.0600 99.2300 5 817 315.4100 166.1800
5.2593723147e-001 8.6657049037e-001 2.7039471840e+000
162 162 162
3 6 1293 71.8800 217.3600 7 1393 123.8300 129.9500 5 827 88.8000 210.2600
7.5455373571e-001 9.8388396717e-001 2.8698571222e+000
145 145 145
3 6 826 172.7700 288.4600 7 1405 220.0800 195.8900 5 829 188.0800 270.4200
1.5161005255e+000 -1.5430521132e+000 3.1113908676e+000
109 109 109
3 6 898 308.8300 -320.1100 7 1552 278.9200 -333.7000 5 848 171.3300 -314.2400
1.2662594396e+000 -1.7105036027e+000 3.6367563555e+000
108 108 108
3 6 1527 231.3000 -243.5000 7 1774 205.3900 -254.8000 5 877 90.3800 -235.9400
1.1291749894e+000 -2.3820157187e-001 2.6258137757e+000
186 186 186
3 6 1642 273.7400 -167.6700 7 1143 273.7300 -215.2100 5 916 201.5400 -179.5000
1.4360650204e+000 2.9237839079e-001 2.3147130780e+000
117 117 117
3 6 1102 457.4200 -104.5400 7 1192 453.6300 -182.7500 5 973 411.0600 -138.0800
1.4354467077e+000 3.1700065017e-001 2.3152665092e+000
131 131 131
3 6 1107 459.3500 -95.7500 7 1197 457.6000 -176.5100 5 978 414.5300 -130.6400
1.4503483383e+000 3.7061698670e-001 2.3386510845e+000
134 134 134
3 6 1751 469.1200 -71.3500 7 2096 468.2700 -155.7700 5 1006 426.1100 -108.0400
7.3467669912e-001 4.3664415935e-001 2.4428761195e+000
33 33 33
3 6 1168 153.1400 -5.7000 7 1269 186.2000 -80.6700 5 1072 144.0400 -23.7100
3.5261113564e-001 7.0947959864e-001 2.4775773969e+000
135 135 135
3 6 1236 -12.9000 111.2800 7 1339 43.0800 30.1200 5 1115 2.7400 109.2900
5.4213715889e-001 7.8443735920e-001 2.6323367757e+000
184 184 184
3 6 807 76.7800 170.5200 7 2281 126.7200 84.9600 5 1135 90.4600 162.0400
1.4781220138e+000 -1.5551058290e+000 3.1710067899e+000
36 36 36
3 6 1406 297.5200 -308.9500 7 1586 267.4100 -323.2400 5 1180 159.6200 -303.3900
1.2183880718e+000 -1.7181709578e+000 3.7569124433e+000
108 108 108
3 6 1551 218.4500 -224.3100 7 1863 193.5700 -234.5200 5 1252 77.6800 -215.8700
1.0975242228e+000 -1.8705129676e+000 3.9688110640e+000
118 118 118
3 6 1567 186.5500 -211.4900 7 1923 162.2500 -218.5800 5 1273 42.4100 -200.3300
1.0173542431e+000 -2.0251724109e+000 4.1249820004e+000
116 116 116
3 6 1570 166.0200 -208.9000 7 1945 141.7500 -213.1000 5 1284 18.5000 -195.4300
1.4578046023e+000 2.7359841642e-001 2.2563420687e+000
105 105 105
3 6 1692 471.1900 -128.4500 7 1971 465.4400 -206.4100 5 1341 423.6000 -161.3200
2.6649310113e-001 7.3956636785e-001 2.4206646424e+000
21 21 21
2 6 18 -56.4900 110.9900 7 55 5.9800 30.1700
2.6649310113e-001 7.3956636785e-001 2.4206646424e+000
21 21 21
2 6 19 -56.4900 110.9900 7 56 5.9800 30.1700
1.1631657738e+000 5.5698555355e-001 2.9248190185e+000
152 152 152
2 6 20 315.7900 131.8000 7 26 336.1400 53.4100
3.3923334414e-001 5.7402964042e-001 2.4629880309e+000
237 237 237
2 6 36 -18.5200 55.4900 7 84 32.9800 -17.4100
5.5856011680e-001 8.5305663154e-001 2.8177735425e+000
7 7 7
2 6 48 87.5000 230.9100 7 61 135.1700 147.1300
9.2460833531e-001 5.3050149611e-001 2.4962664048e+000
144 144 144
2 6 65 239.5300 37.6000 7 82 266.8100 -46.3500
9.5409430167e-001 5.3549100112e-001 2.5790475147e+000
25 25 25
2 6 67 249.0500 58.2100 7 83 274.9800 -24.6500
1.1381439785e+000 -2.1847090639e-001 2.6082592994e+000
178 178 178
2 6 84 279.4100 -167.3000 7 101 277.5500 -215.7200
3.4362075602e-001 5.0661331833e-001 2.4769928299e+000
83 83 83
2 6 94 -15.0300 34.2800 7 137 32.7800 -35.2900
7.4204711076e-001 6.5993242465e-001 2.5221352395e+000
212 212 212
2 6 98 162.1300 94.7100 7 141 203.6300 9.3700
7.4204711076e-001 6.5993242465e-001 2.5221352395e+000
212 212 212
2 6 99 162.1300 94.7100 7 142 203.6300 9.3700
2.9052392879e-001 -2.6437150622e+000 4.2569769127e+000
10 10 10
2 6 115 25.0800 -259.4400 7 98 -1.1900 -253.1800
8.6381146181e-001 5.0302050991e-001 2.4713512399e+000
143 143 143
2 6 125 212.0000 22.4200 7 135 241.6500 -58.7100
3.2144673302e-001 7.4401212808e-001 2.5010871647e+000
84 84 84
2 6 134 -26.3400 130.2100 7 146 31.7100 49.3600
-1.0700678279e+000 -9.9875481040e-002 5.4384032304e+000
32 32 32
2 6 145 -220.7200 264.3500 7 229 -213.4000 268.1600
4.7049263190e-001 -3.5703943048e+000 4.4423379551e+000
44 44 44
2 6 150 55.6100 -335.8000 7 173 21.3600 -320.9900
1.3857080200e+000 -1.6056835648e+000 3.3778075646e+000
66 66 66
2 6 156 267.4200 -275.7000 7 174 239.7300 -288.6000
1.3194538267e+000 -8.8813255171e-001 2.9070859087e+000
176 176 176
2 6 158 292.6900 -247.6800 7 175 274.3600 -275.1700
3.5137404662e-001 -2.5771923900e+000 4.2983078051e+000
85 85 85
2 6 159 36.1100 -247.0500 7 130 11.1600 -240.8000
2.0127849930e-001 8.1930243347e-001 2.1090837598e+000
112 112 112
2 6 182 -116.3000 67.7000 7 261 -37.0000 -27.3500
1.5605190824e-001 8.7131650765e-001 2.1593890546e+000
199 199 199
2 6 188 -136.2800 106.8500 7 269 -56.4400 9.8600
3.4449757153e-001 7.4774787137e-001 2.5503655941e+000
33 33 33
2 6 196 -13.4300 141.9500 7 209 42.5500 61.5200
1.3104131218e+000 -2.1324048966e+000 3.4157014907e+000
38 38 38
2 6 208 232.4400 -342.9600 7 306 200.9400 -345.4300
1.3940372163e+000 -1.7681050015e+000 3.2783909275e+000
40 40 40
2 6 212 265.9400 -318.9700 7 307 235.8700 -328.3100
1.0589238796e+000 -1.8395400809e+000 4.0988529263e+000
51 51 51
2 6 218 178.1800 -187.0300 7 340 154.7500 -194.4200
1.6293997653e-001 8.4523195558e-001 2.1320802039e+000
184 184 184
2 6 250 -134.9500 86.8800 7 264 -54.4800 -8.4900
5.0582507905e-001 7.2282932536e-001 2.5064856107e+000
103 103 103
2 6 259 57.2600 120.1900 7 402 108.8800 35.7700
4.9044069626e-002 9.8522675361e-001 2.1818630729e+000
183 183 183
2 6 263 -196.6800 167.3300 7 283 -106.5900 68.6300
-1.2034284022e-002 9.9303758876e-001 2.1873456586e+000
114 114 114
2 6 266 -228.1000 173.2800 7 419 -136.9500 76.2100
1.0647476077e+000 9.6179696706e-001 2.7621804936e+000
36 36 36
2 6 270 311.1600 257.8200 7 289 348.6800 153.9600
-6.5701742613e-001 1.6877905597e-001 5.1106964345e+000
65 65 65
2 6 279 -162.0800 292.4000 7 303 -149.9500 285.7500
5.8341956078e-001 9.7045356498e-001 2.9261924088e+000
19 19 19
2 6 280 99.8900 293.1600 7 298 150.7200 207.8600
5.8341956078e-001 9.7045356498e-001 2.9261924088e+000
19 19 19
2 6 281 99.8900 293.1600 7 299 150.7200 207.8600
1.3265900818e+000 -1.9461995036e+000 3.4240140702e+000
99 99 99
2 6 288 241.2700 -316.5400 7 312 211.7100 -322.1300
9.1932147767e-001 -2.6056748978e+000 4.0378794934e+000
7 7 7
2 6 292 138.9600 -294.5200 7 320 108.7000 -290.8000
9.1932147767e-001 -2.6056748978e+000 4.0378794934e+000
7 7 7
2 6 293 138.9600 -294.5200 7 321 108.7000 -290.8000
1.4050442255e+000 -1.6142019158e+000 3.3088803866e+000
47 47 47
2 6 295 273.6300 -290.0600 7 314 244.7400 -303.0900
1.4050442255e+000 -1.6142019158e+000 3.3088803866e+000
47 47 47
2 6 296 273.6300 -290.0600 7 315 244.7400 -303.0900
1.3091693678e+000 -1.8239285681e+000 3.4998361564e+000
59 59 59
2 6 297 240.0600 -284.9300 7 316 211.5600 -293.6300
1.3091693678e+000 -1.8239285681e+000 3.4998361564e+000
59 59 59
2 6 298 240.0600 -284.9300 7 317 211.5600 -293.6300
8.5344266635e-001 -2.2888012907e+000 4.2835871980e+000
39 39 39
2 6 306 130.4200 -218.9600 7 495 104.3500 -219.1700
1.0143827725e+000 -1.9039594609e+000 4.0834369469e+000
40 40 40
2 6 312 168.1700 -197.8500 7 336 144.1800 -204.2300
1.1464879944e+000 -1.7820318197e-001 2.6251162046e+000
173 173 173
2 6 320 283.9300 -152.7900 7 338 282.6500 -203.0300
1.4351917003e+000 2.8967748072e-001 2.2993439366e+000
206 206 206
2 6 325 458.1000 -109.7100 7 344 455.2000 -188.5800
1.8121706273e-001 6.4182187332e-001 2.0763764580e+000
196 196 196
2 6 346 -122.3100 -18.6000 7 787 -51.1500 -101.4200
1.3099611214e+000 3.1920467534e-001 2.6316983453e+000
142 142 142
2 6 349 377.9400 -10.1400 7 364 383.8200 -85.6800
2.2047373786e-001 7.1679081390e-001 2.0882626820e+000
204 204 204
2 6 356 -103.9700 15.9600 7 554 -30.7500 -73.2300
2.2076116387e-001 7.6086069021e-001 2.1046815664e+000
185 185 185
2 6 362 -103.9600 40.0300 7 803 -28.9400 -51.8700
1.2076196210e+000 3.5102694744e-001 2.8671481697e+000
113 113 113
2 6 366 324.5900 53.2200 7 380 335.5000 -18.7000
2.2416355779e-001 8.5828665640e-001 2.1800098787e+000
110 110 110
2 6 376 -99.0000 104.4000 7 388 -21.2200 8.4300
3.3361629541e-001 7.1058170143e-001 2.4884667399e+000
32 32 32
2 6 380 -20.8700 114.1900 7 399 35.1900 34.0200
1.4721115754e-001 9.0858649873e-001 2.1658965710e+000
146 146 146
2 6 383 -142.7700 125.3500 7 573 -59.1100 27.7700
7.6606444669e-002 9.0794787227e-001 2.1719669972e+000
240 240 240
2 6 385 -178.7700 127.6600 7 396 -93.6500 32.7200
1.3576295563e-001 9.2926189718e-001 2.1720975388e+000
114 114 114
2 6 388 -149.0000 137.0000 7 404 -64.3100 38.3900
8.1064291165e-002 9.6466862346e-001 2.1877930562e+000
191 191 191
2 6 393 -177.6700 158.6100 7 411 -90.2800 60.0600
-2.9452406621e-002 9.7360617831e-001 2.1790540911e+000
192 192 192
2 6 396 -236.7600 162.2300 7 413 -146.3700 66.4000
9.9566911598e-001 9.6630511769e-001 2.6618392438e+000
131 131 131
2 6 407 286.7500 243.8400 7 427 328.5500 137.6500
4.6808923728e-001 9.1536992426e-001 2.7817708169e+000
76 76 76
2 6 408 48.3400 250.3000 7 432 103.0300 165.8400
1.0053222302e+000 9.6408208669e-001 2.7221598776e+000
52 52 52
2 6 409 287.5600 253.2800 7 428 327.6500 149.0300
1.4704359735e+000 -1.6582276844e+000 3.1695690832e+000
42 42 42
2 6 436 291.1600 -325.0500 7 462 260.5300 -336.4700
9.3186198079e-001 -2.6348028508e+000 4.0178021747e+000
75 75 75
2 6 441 140.9600 -301.1200 7 472 110.2400 -297.0800
1.3953711972e+000 -1.6219269071e+000 3.3437169104e+000
99 99 99
2 6 447 270.0200 -284.6500 7 471 241.7000 -297.2900
9.2212903115e-001 -2.5147687598e+000 4.1232585158e+000
97 97 97
2 6 451 140.6200 -270.9300 7 480 111.3400 -268.5900
8.7716342195e-001 -2.3898106221e+000 4.2126939243e+000
50 50 50
2 6 460 133.6400 -242.1000 7 483 106.2900 -241.0700
1.2762604428e+000 -9.8700734409e-001 3.0321417676e+000
90 90 90
2 6 461 271.9600 -238.5800 7 482 253.5100 -263.4200
1.1957866679e+000 -1.6702335535e+000 3.8148407275e+000
121 121 121
2 6 467 213.7100 -207.6600 7 497 190.2300 -218.3300
9.9932698113e-001 -1.9147103078e+000 4.1618740103e+000
47 47 47
2 6 470 164.2100 -187.9600 7 509 141.0000 -193.5700
1.1433632395e+000 -2.3635343294e-001 2.6183498462e+000
175 175 175
2 6 473 279.6600 -169.5900 7 499 277.7600 -216.9100
1.2610105602e+000 -8.1100523671e-003 2.5389501894e+000
184 184 184
2 6 482 341.0600 -131.0600 7 514 340.0400 -190.1300
1.2780178728e+000 4.4994027461e-002 2.5400903984e+000
160 160 160
2 6 488 351.2900 -115.9500 7 517 350.9200 -177.8000
1.4434488271e+000 3.6909261938e-001 2.3501853426e+000
205 205 205
2 6 501 464.8700 -68.3900 7 525 463.8000 -152.3700
7.5485388454e-001 4.3053038371e-001 2.4501886913e+000
150 150 150
2 6 519 161.7300 -6.7800 7 553 193.5900 -81.6700
5.7009362992e-001 5.1119312581e-001 2.5108953018e+000
35 35 35
2 6 531 83.7700 40.2700 7 377 123.9000 -34.3400
1.2317815549e+000 3.4826643639e-001 2.8455576246e+000
142 142 142
2 6 532 334.7100 47.4900 7 561 344.9000 -24.9400
4.9669524457e-001 7.6059187714e-001 2.4882497292e+000
199 199 199
2 6 555 52.9700 131.5900 7 577 106.8600 44.5600
-3.8489502526e-002 9.8224573491e-001 2.1858720942e+000
85 85 85
2 6 565 -241.0600 168.1000 7 588 -150.2800 72.4000
4.5379878689e-003 9.9598686347e-001 2.1920101088e+000
115 115 115
2 6 569 -219.0400 175.6300 7 591 -128.2300 78.0000
9.7896683670e-001 1.0078120620e+000 2.8212078556e+000
75 75 75
2 6 582 272.2800 287.6800 7 434 314.7800 185.9800
7.4452983125e-001 9.8626299883e-001 2.8956532287e+000
62 62 62
2 6 584 167.8700 293.2300 7 438 215.8700 201.7700
1.2772794232e+000 -2.0928973648e+000 3.4128954661e+000
104 104 104
2 6 603 226.4500 -337.7000 7 636 195.5200 -340.9000
1.4011084374e+000 -1.8250007267e+000 3.2474015919e+000
56 56 56
2 6 607 266.3300 -333.2200 7 635 235.3000 -341.4400
1.5559637478e+000 -1.4956476923e+000 3.0399468230e+000
46 46 46
2 6 616 323.8700 -327.6300 7 631 292.4600 -342.6400
1.4547591505e+000 -1.6221347960e+000 3.1762255783e+000
92 92 92
2 6 619 288.8000 -317.8900 7 647 258.4600 -330.3700
1.1256465922e+000 -2.2230703425e+000 3.7285255991e+000
88 88 88
2 6 631 187.4400 -298.0900 7 669 157.9400 -299.8400
8.5488347382e-001 -2.7448353143e+000 4.1221092772e+000
34 34 34
2 6 632 125.5800 -297.2800 7 672 94.2000 -292.3700
1.0331952909e+000 -2.3714024869e+000 3.8761216867e+000
47 47 47
2 6 639 165.0000 -292.0800 7 1031 135.3800 -291.6900
1.2120043927e+000 -1.9074441671e+000 3.6169984132e+000
43 43 43
2 6 644 214.1800 -275.2700 7 678 186.8100 -282.0000
7.4473637381e-001 -2.7817578048e+000 4.3537091514e+000
76 76 76
2 6 648 105.7800 -267.6000 7 692 75.7300 -261.8700
6.8674508778e-001 -2.8916495943e+000 4.4458515090e+000
73 73 73
2 6 650 95.2100 -266.8400 7 695 64.6700 -259.9100
1.1987476998e+000 -1.8355958475e+000 3.7225254201e+000
109 109 109
2 6 662 211.5800 -247.1200 7 1082 185.7400 -255.0200
1.2806408931e+000 -1.6205758828e+000 3.5623520145e+000
110 110 110
2 6 664 238.3400 -243.4400 7 697 213.1500 -255.5400
1.2475664006e+000 -1.7250370692e+000 3.6600074336e+000
55 55 55
2 6 667 226.0600 -242.0700 7 1087 200.7300 -251.9900
6.4449943560e-001 -2.7019678613e+000 4.6588658470e+000
74 74 74
2 6 680 90.2700 -217.0000 7 725 62.1900 -211.8600
1.1759794284e+000 -1.7717986101e+000 3.8553548562e+000
127 127 127
2 6 683 206.6100 -215.8500 7 490 181.9300 -225.0600
9.7754396094e-001 -2.0421841930e+000 4.2181074070e+000
90 90 90
2 6 689 157.6600 -197.1500 7 733 133.1700 -201.0600
1.1460745686e+000 -2.3984091980e-001 2.5928509984e+000
32 32 32
2 6 697 281.5300 -176.9600 7 1897 279.3100 -224.2700
1.0336768578e+000 -1.7901028931e+000 4.1288352206e+000
51 51 51
2 6 700 174.0500 -174.9000 7 749 150.7800 -183.4800
8.7593735194e-001 4.0195669548e-001 2.2908956056e+000
94 94 94
2 6 738 218.0000 -62.3700 7 532 245.6300 -140.0600
1.2918570385e+000 1.7203551522e-001 2.6158277613e+000
187 187 187
2 6 741 360.6800 -59.7100 7 778 363.5700 -127.3400
3.9363599517e-003 5.1167840571e-001 2.1213358931e+000
207 207 207
2 6 744 -196.6300 -52.0600 7 782 -129.7200 -121.5900
1.3040158380e+000 2.3575412884e-001 2.6176273317e+000
132 132 132
2 6 754 370.0600 -39.9400 7 784 374.1800 -110.9600
5.2313676505e-001 7.0802672979e-001 2.5025732663e+000
49 49 49
2 6 793 65.2300 113.4700 7 821 115.0200 28.7600
4.3486151816e-001 7.1771974914e-001 2.4812424218e+000
42 42 42
2 6 794 24.4200 113.7900 7 822 78.3300 30.5300
5.1817153034e-001 7.9097938063e-001 2.6299940010e+000
183 183 183
2 6 810 66.1600 172.8700 7 1376 117.1900 87.8700
5.9236013264e-001 8.2551751626e-001 2.6645227202e+000
139 139 139
2 6 818 99.2800 191.8700 7 1385 149.9100 104.9800
-1.3225896090e+000 1.7968874481e-001 5.3813457264e+000
109 109 109
2 6 829 -278.7400 313.3700 7 885 -268.8600 318.3600
-1.3722452175e+000 2.0968480981e-001 5.2995013171e+000
111 111 111
2 6 830 -294.7800 313.4900 7 888 -283.6700 319.0000
-1.3722452175e+000 2.0968480981e-001 5.2995013171e+000
111 111 111
2 6 831 -294.7800 313.4900 7 889 -283.6700 319.0000
1.1269383740e+000 -2.4654595982e+000 3.5956230861e+000
98 98 98
2 6 850 183.7400 -350.8800 7 921 151.4600 -348.5700
1.2507016223e+000 -2.1819096442e+000 3.4377226427e+000
48 48 48
2 6 859 218.0500 -344.4100 7 926 186.3100 -346.4700
1.2399118558e+000 -2.2128337840e+000 3.4620537909e+000
99 99 99
2 6 860 214.2700 -344.2500 7 927 183.1500 -345.1900
1.3015184034e+000 -2.0322152318e+000 3.3570556165e+000
37 37 37
2 6 869 234.6000 -339.9900 7 929 203.4200 -344.3900
1.2539336198e+000 -2.1229324839e+000 3.5280085923e+000
102 102 102
2 6 897 219.0300 -320.6700 7 971 188.3000 -323.9800
1.3584940063e+000 -1.8627281820e+000 3.3628183365e+000
45 45 45
2 6 900 252.6800 -316.1200 7 970 222.4600 -323.9000
1.3058659255e+000 -1.9948753182e+000 3.4745923115e+000
33 33 33
2 6 906 234.5400 -313.6600 7 982 204.5500 -318.8800
1.4688072179e+000 -1.5358216279e+000 3.1845145623e+000
100 100 100
2 6 914 295.2900 -303.3700 7 985 266.2900 -317.3000
1.1331710287e+000 -2.2052901788e+000 3.6861929457e+000
38 38 38
2 6 917 189.9700 -302.6700 7 1007 159.9500 -305.0600
1.4757278947e+000 -1.4947603579e+000 3.1858615416e+000
40 40 40
2 6 926 298.6100 -296.8100 7 993 270.1400 -311.5300
9.9885571976e-001 -2.4642786938e+000 3.9284483927e+000
37 37 37
2 6 932 156.4200 -295.1100 7 1029 126.5700 -293.2400
1.3745159968e+000 -1.6144884271e+000 3.3522820577e+000
31 31 31
2 6 941 264.9200 -281.8200 7 1024 237.4700 -294.1400
1.4288420121e+000 -1.5109309268e+000 3.3047591510e+000
131 131 131
2 6 951 283.1400 -275.3400 7 1034 255.5600 -290.1700
1.2689249857e+000 -1.7944490861e+000 3.5291708415e+000
50 50 50
2 6 953 231.2200 -275.0600 7 1046 203.9800 -283.9000
1.3358437374e+000 -1.6462949855e+000 3.4584767725e+000
112 112 112
2 6 959 252.5000 -266.4400 7 1702 225.4900 -278.4400
1.3153394139e+000 -1.6580513173e+000 3.5158176147e+000
108 108 108
2 6 971 246.2200 -257.6500 7 1059 219.5900 -269.4600
1.1531364796e+000 -1.9341749433e+000 3.7785550996e+000
113 113 113
2 6 977 198.9600 -251.1900 7 1081 172.3700 -257.6500
1.1917544431e+000 -9.9070026700e-001 3.1864840243e+000
166 166 166
2 6 1007 244.4200 -206.3400 7 1874 228.2700 -230.5300
9.6921300128e-001 -1.9948953381e+000 4.3200911504e+000
104 104 104
2 6 1040 156.4800 -176.1100 7 1196 132.4500 -180.8900
1.2816366744e+000 -5.1027177293e-002 2.5065856875e+000
138 138 138
2 6 1062 347.8800 -151.9000 7 1961 344.9000 -209.2800
1.4612825651e+000 2.6236215324e-001 2.2566620038e+000
165 165 165
2 6 1079 471.3400 -131.7500 7 1959 465.4600 -209.7200
1.4480098153e+000 3.1262054239e-001 2.3111539528e+000
112 112 112
2 6 1105 464.9200 -98.8200 7 2057 461.9600 -179.3600
1.2824745429e+000 1.6632834589e-001 2.6020757090e+000
102 102 102
2 6 1132 357.4300 -64.7600 7 2122 360.8100 -131.8600
1.4509280246e+000 4.1388818272e-001 2.3379828698e+000
213 213 213
2 6 1138 474.3500 -56.5500 7 1220 474.3500 -143.5000
2.2960616017e-002 5.5555854752e-001 2.1239741708e+000
179 179 179
2 6 1150 -190.0600 -34.9800 7 1250 -121.3500 -107.4100
7.3080067207e-001 4.1727552039e-001 2.4626180507e+000
145 145 145
2 6 1167 150.6200 -7.9200 7 2158 183.0300 -81.1500
7.4807297619e-001 4.4171581967e-001 2.4638046433e+000
138 138 138
2 6 1174 159.0100 0.7300 7 1272 191.3200 -74.4600
7.3528090220e-001 4.4931287953e-001 2.4739067461e+000
215 215 215
2 6 1176 153.5200 6.1000 7 1274 186.6200 -68.9500
1.4090095204e+000 4.9817482428e-001 2.4924330928e+000
155 155 155
2 6 1182 447.6500 15.0500 7 1271 453.5000 -74.6400
2.0530759097e-001 7.2114112920e-001 2.0792726323e+000
207 207 207
2 6 1184 -113.0400 15.3100 7 1273 -38.3200 -73.6800
7.4541166049e-001 4.7808083284e-001 2.5220911185e+000
154 154 154
2 6 1189 158.0000 27.5900 7 1284 191.7600 -47.9000
7.4541166049e-001 4.7808083284e-001 2.5220911185e+000
154 154 154
2 6 1190 158.0000 27.5900 7 1285 191.7600 -47.9000
2.1064492190e-002 8.1091096810e-001 2.1051967633e+000
162 162 162
2 6 1202 -209.7000 66.4800 7 1299 -126.4400 -23.1700
6.1543393015e-002 9.2405597666e-001 2.1598879386e+000
178 178 178
2 6 1251 -189.0300 132.5000 7 1344 -102.2200 36.2600
5.0503384547e-002 9.3422152042e-001 2.1661821987e+000
214 214 214
2 6 1257 -194.4900 139.1600 7 2248 -107.3200 42.6900
-1.5311497427e+000 2.2873284918e-001 5.3111957770e+000
68 68 68
2 6 1326 -324.2300 318.2700 7 1455 -314.7100 325.0000
-1.4346264311e+000 2.3764262403e-001 5.3382271751e+000
97 97 97
2 6 1328 -304.6600 321.6400 7 1458 -294.1800 327.7300
-1.4063863753e+000 2.8145210123e-001 5.4335416654e+000
110 110 110
2 6 1336 -294.2600 336.2200 7 1471 -283.6600 342.4500
1.2451119157e+000 -2.1401614760e+000 3.5026952805e+000
85 85 85
2 6 1374 216.8300 -327.5000 7 1566 186.3400 -330.0000
1.5736493112e+000 -1.4520506477e+000 3.0318916376e+000
109 109 109
2 6 1386 330.4400 -322.9800 7 1539 299.9000 -338.3800
1.2189395618e+000 -2.1512122445e+000 3.5627653887e+000
39 39 39
2 6 1391 210.4500 -317.8100 7 978 179.8100 -320.8000
1.4866766457e+000 -1.6024278028e+000 3.1649061253e+000
126 126 126
2 6 1394 297.5700 -317.7400 7 957 267.2500 -330.4000
1.4866766457e+000 -1.6024278028e+000 3.1649061253e+000
126 126 126
2 6 1395 297.5700 -317.7400 7 958 267.2500 -330.4000
8.0609980989e-001 -2.9562648844e+000 4.1443123729e+000
66 66 66
2 6 1397 114.3300 -317.5000 7 1617 82.0200 -309.5300
1.4759528374e+000 -1.5474298971e+000 3.1645253661e+000
36 36 36
2 6 1407 297.5200 -308.9500 7 1587 267.4100 -323.2400
1.3658734096e+000 -1.8086409304e+000 3.3955771627e+000
52 52 52
2 6 1420 255.5500 -302.3000 7 1611 225.7900 -311.4000
1.4824696659e+000 -1.4997638365e+000 3.1758586440e+000
104 104 104
2 6 1428 300.6000 -299.4900 7 1601 271.4400 -314.5000
1.4824696659e+000 -1.4997638365e+000 3.1758586440e+000
104 104 104
2 6 1429 300.6000 -299.4900 7 1602 271.4400 -314.5000
1.0092480999e+000 -2.4085511201e+000 3.9078167979e+000
82 82 82
2 6 1443 159.5800 -291.4000 7 1674 129.7900 -290.5900
8.3273897042e-001 -2.5868782473e+000 4.3112000071e+000
36 36 36
2 6 1508 123.2800 -251.6900 7 1819 94.3500 -248.4400
1.0330727520e+000 -2.1479273116e+000 3.9707158054e+000
43 43 43
2 6 1516 168.2900 -248.5500 7 1797 141.3200 -251.3500
9.9705504704e-001 -2.1092730067e+000 3.9347075473e+000
45 45 45
2 6 1518 161.8800 -248.5400 7 1799 135.6200 -251.6000
9.1415947928e-001 -2.3205790919e+000 4.1274934819e+000
91 91 91
2 6 1523 141.6500 -246.1400 7 1095 114.5200 -246.0500
1.0301820783e+000 -2.1312682384e+000 3.9755457525e+000
91 91 91
2 6 1524 167.9200 -245.6100 7 1817 141.2800 -248.5300
1.0942768709e+000 -1.9595053484e+000 3.8885445079e+000
96 96 96
2 6 1536 184.9500 -236.4100 7 1838 159.1100 -242.2500
1.2593777342e+000 -1.6208490749e+000 3.6685625637e+000
59 59 59
2 6 1548 231.4400 -225.0700 7 1855 207.2300 -236.9200
1.0260946622e+000 -1.9733412403e+000 4.0734975379e+000
60 60 60
2 6 1569 169.1700 -209.3700 7 1940 144.7300 -214.4100
1.3641464041e+000 -8.7147356556e-003 2.3235508446e+000
123 123 123
2 6 1602 396.5700 -192.9200 7 1786 390.2300 -253.2900
1.0305965548e+000 -1.8925155737e+000 4.1443413116e+000
98 98 98
2 6 1617 171.2900 -187.4400 7 2020 147.3400 -194.1500
1.2115901504e+000 -3.2481452514e-002 2.6408492651e+000
69 69 69
2 6 1717 315.1800 -111.1400 7 2080 315.5500 -168.1300
1.2216260042e+000 2.0205004522e-002 2.6677082962e+000
136 136 136
2 6 1742 320.8200 -90.0000 7 2106 321.9800 -149.4900
1.4487912957e+000 3.8726504971e-001 2.3522859516e+000
221 221 221
2 6 1759 468.8600 -61.7100 7 2109 468.2200 -146.8200
1.4523037079e+000 4.2002371364e-001 2.3476501200e+000
136 136 136
2 6 1766 474.6700 -51.6000 7 2114 474.5100 -139.1000
7.3515625648e-001 4.3351529467e-001 2.4265049989e+000
119 119 119
2 6 1809 153.5300 -11.3800 7 2156 186.4600 -86.5200
7.3515625648e-001 4.3351529467e-001 2.4265049989e+000
119 119 119
2 6 1810 153.5300 -11.3800 7 2157 186.4600 -86.5200
2.3030858564e-001 8.5346404131e-001 2.1699107985e+000
164 164 164
2 6 1867 -96.4800 99.5000 7 1318 -18.9100 3.1500
1.5935350905e-001 9.7445210615e-001 2.2416016562e+000
146 146 146
2 6 1901 -131.2100 175.0500 7 2274 -47.5500 75.6400
4.2361738147e-002 1.0260901647e+000 2.2431107637e+000
180 180 180
2 6 1909 -194.1900 201.7700 7 1383 -105.1500 102.9200
-1.4394393648e+000 1.5584892591e-001 5.3441670445e+000
101 101 101
2 6 1943 -302.4900 306.2400 7 2381 -293.1100 312.6400
