# Bundle file v0.3
4 275
1013.180226 0.0 0.0
-0.982029 -0.186302 0.030177
0.129904 -0.783233 -0.608006
0.136909 -0.593160 0.793359
0.402043 1.784685 0.522657
-1013.036121 0.0 0.0
0.994842 -0.016710 0.100051
-0.044746 0.812894 0.580690
-0.091035 -0.582172 0.807953
-0.619201 -1.755479 0.652112
-1013.531828 0.0 0.0
0.994711 0.055714 0.086287
-0.097087 0.784194 0.612873
-0.033520 -0.618009 0.785456
-0.508383 -1.967875 0.856595
1027.841205 0.0 0.0
0.920430 0.361411 0.148962
-0.351168 0.597072 0.721239
0.171722 -0.716161 0.676480
-1.101310 -2.237844 1.088741
1.141466 -0.233058 2.619330
175 175 175
3 1 474 279.66 -169.59 2 500 277.76 -216.91 0 481 206.83 -181.59
1.272787 -0.009447 2.507103
185 185 185
4 1 478 348.61 -141.88 2 507 346.71 -200.20 0 489 286.69 -160.67 3 713 -147.92 296.57
0.038009 0.877612 2.134861
255 255 255
4 1 252 -206.49 106.04 2 391 -120.70 13.02 0 294 -157.77 116.00 3 316 230.04 100.19
1.263667 -0.048999 2.494779
187 187 187
4 1 318 342.90 -156.10 2 335 340.64 -212.28 0 339 279.21 -173.86 3 722 -138.92 304.59
1.272787 -0.009447 2.507103
185 185 185
4 1 477 348.61 -141.88 2 506 346.71 -200.20 0 488 286.69 -160.67 3 714 -147.92 296.57
1.295680 0.246682 2.606226
132 132 132
3 1 755 370.06 -39.94 2 785 374.18 -110.96 0 730 319.92 -66.98
0.732950 0.461477 2.470835
193 193 193
3 1 34 151.99 9.55 2 79 187.64 -66.08 0 40 143.55 -7.15
0.401068 0.596621 2.464675
47 47 47
4 1 38 7.97 63.85 2 85 57.81 -12.70 0 43 13.08 61.16 3 91 64.76 104.89
0.041050 0.890901 2.139663
31 31 31
3 1 40 -205.56 113.63 2 52 -118.51 19.31 0 44 -154.93 123.96
0.042071 0.891915 2.138472
31 31 31
4 1 41 -205.56 113.63 2 53 -118.51 19.31 0 45 -154.93 123.96 3 66 224.44 95.26
0.041050 0.890901 2.139663
31 31 31
3 1 42 -205.56 113.63 2 54 -118.51 19.31 0 46 -154.93 123.96
0.021002 0.925913 2.170917
216 216 216
4 1 73 -214.11 138.35 2 87 -126.47 44.10 0 47 -161.93 152.81 3 84 228.38 67.74
0.050879 0.522434 2.125058
24 24 24
3 1 62 -178.61 -48.20 2 72 -112.55 -119.68 0 63 -169.03 -48.00
0.811854 0.469813 2.418920
130 130 130
3 1 124 188.85 -0.39 2 104 221.05 -81.24 0 94 181.07 -24.38
0.788487 0.481732 2.444534
17 17 17
3 1 173 178.17 7.05 2 192 210.56 -68.82 0 98 172.37 -8.79
0.746679 0.686454 2.567829
59 59 59
3 1 100 164.86 116.56 2 113 204.99 30.59 0 107 171.06 96.08
0.553380 0.801686 2.648129
62 62 62
4 1 106 80.77 181.72 2 115 131.42 95.64 0 113 95.52 172.74 3 108 -40.02 18.51
1.352121 -0.010861 2.330354
174 174 174
3 1 117 393.01 -193.07 2 176 386.47 -253.60 0 117 331.04 -213.88
0.770997 0.642028 2.513353
75 75 75
3 1 130 174.62 86.34 2 140 214.21 1.54 0 136 179.75 64.67
0.376806 0.637842 2.475024
109 109 109
3 1 183 -3.20 82.31 2 198 48.81 5.01 0 137 5.71 80.69
0.376806 0.637842 2.475024
109 109 109
3 1 184 -3.20 82.31 2 199 48.81 5.01 0 138 5.71 80.69
0.712918 0.666054 2.541874
32 32 32
3 1 187 149.12 103.46 2 144 191.24 17.92 0 139 155.31 85.18
0.168828 0.846524 2.159260
76 76 76
3 1 132 -133.14 96.06 2 197 -53.69 1.12 0 141 -82.83 97.44
0.527263 0.833168 2.666968
160 160 160
4 1 139 69.80 198.48 2 151 122.40 111.95 0 146 86.62 191.14 3 146 -35.72 0.67
0.750508 -2.196956 4.293866
29 29 29
2 1 217 112.28 -204.14 2 240 87.93 -205.17
1.434075 0.330104 2.326797
189 189 189
3 1 163 462.04 -89.38 2 181 459.90 -170.73 0 160 416.91 -124.42
1.434075 0.330104 2.326797
189 189 189
3 1 164 462.04 -89.38 2 182 459.90 -170.73 0 161 416.91 -124.42
1.279672 0.203912 2.619251
183 183 183
3 1 230 359.64 -50.75 2 249 363.13 -119.21 0 178 307.05 -73.16
0.710625 0.474556 2.504709
67 67 67
3 1 177 142.90 22.11 2 257 177.47 -51.87 0 197 134.51 8.12
0.802476 0.690693 2.584853
19 19 19
4 1 192 188.36 120.48 2 205 228.74 32.78 0 203 193.95 98.82 3 158 -112.86 99.81
0.426644 0.703296 2.478594
48 48 48
3 1 189 19.11 108.67 2 273 72.79 26.09 0 204 34.59 103.43
0.005891 0.868673 2.131584
219 219 219
4 1 251 -223.93 100.95 2 268 -137.14 9.38 0 209 -176.72 113.54 3 315 247.29 97.62
0.441346 0.723961 2.502485
200 200 200
3 1 195 26.50 122.00 2 206 80.52 38.72 0 210 42.67 116.57
1.147021 -0.184244 2.633967
173 173 173
3 1 319 283.93 -152.79 2 337 282.65 -203.03 0 229 212.85 -166.95
0.773066 0.443342 2.443883
33 33 33
3 1 353 170.23 -4.01 2 367 201.82 -80.47 0 260 160.30 -23.29
0.890928 0.504566 2.448024
48 48 48
3 1 237 225.43 16.58 2 254 253.92 -65.59 0 266 217.22 -7.44
0.838222 0.494483 2.463705
123 123 123
3 1 357 200.83 17.49 2 370 230.98 -62.05 0 267 192.86 -3.59
0.669318 0.493574 2.500850
30 30 30
3 1 243 125.82 29.25 2 258 161.51 -45.31 0 275 119.74 15.44
0.746880 0.681317 2.554298
29 29 29
3 1 377 165.17 111.26 2 271 205.33 24.48 0 290 171.18 92.24
0.031223 0.983163 2.184749
181 181 181
4 1 264 -210.18 169.87 2 416 -120.77 71.83 0 301 -152.54 185.63 3 302 214.34 47.21
0.016607 0.981598 2.183398
188 188 188
4 1 398 -217.33 169.20 2 417 -128.07 71.54 0 302 -160.86 185.78 3 428 223.83 45.50
0.538855 0.851127 2.676808
68 68 68
4 1 405 75.31 207.18 2 285 128.30 120.15 0 304 93.13 199.86 3 286 -43.71 -5.17
1.468184 -1.628223 3.225032
116 116 116
3 1 289 290.38 -310.11 2 310 259.77 -322.06 0 322 150.57 -303.22
1.468184 -1.628223 3.225032
116 116 116
3 1 290 290.38 -310.11 2 311 259.77 -322.06 0 323 150.57 -303.22
1.050496 -1.929494 4.126528
107 107 107
3 1 313 174.61 -195.54 2 339 150.37 -201.80 0 336 28.85 -183.12
0.184493 0.844200 2.141082
85 85 85
4 1 368 -126.65 88.61 2 383 -46.94 -5.93 0 399 -74.49 90.54 3 466 160.02 132.59
0.144295 0.926059 2.171157
114 114 114
3 1 387 -149.00 137.00 2 403 -64.31 38.39 0 414 -90.22 142.21
0.108231 0.951273 2.177278
195 195 195
3 1 390 -168.80 151.14 2 410 -81.56 51.80 0 421 -109.58 160.72
0.021638 0.973192 2.173992
125 125 125
4 1 395 -216.78 162.13 2 584 -126.20 64.94 0 425 -159.52 178.23 3 434 221.68 52.71
1.061900 0.957309 2.760140
36 36 36
3 1 271 311.16 257.82 2 290 348.68 153.96 0 437 319.67 219.91
1.417780 -1.787219 3.237024
114 114 114
3 1 432 271.64 -330.24 2 461 240.95 -339.16 0 454 128.57 -322.01
1.192723 -1.997073 3.695747
110 110 110
3 1 448 206.81 -274.11 2 478 178.58 -279.21 0 466 59.92 -263.13
1.192723 -1.997073 3.695747
110 110 110
3 1 449 206.81 -274.11 2 479 178.58 -279.21 0 467 59.92 -263.13
1.176071 -1.769754 3.853809
127 127 127
3 1 682 206.61 -215.85 2 491 181.93 -225.06 0 478 64.57 -206.25
1.265348 -0.012441 2.524008
137 137 137
3 1 714 344.60 -137.47 2 734 342.67 -195.94 0 491 282.04 -157.38
1.265348 -0.012441 2.524008
137 137 137
3 1 715 344.60 -137.47 2 735 342.67 -195.94 0 492 282.04 -157.38
1.277980 0.036290 2.523697
185 185 185
4 1 484 352.98 -124.46 2 515 352.19 -184.79 0 502 292.86 -144.69 3 707 -156.96 286.24
1.436513 0.304720 2.312470
213 213 213
3 1 721 461.88 -102.08 2 750 458.94 -182.22 0 506 415.20 -136.17
1.295628 0.152406 2.566256
198 198 198
4 1 497 365.03 -80.27 2 529 367.93 -143.08 0 517 310.78 -104.27 3 690 -182.21 259.54
0.775174 0.455207 2.455498
162 162 162
3 1 764 171.32 2.64 2 794 203.43 -74.22 0 544 161.78 -15.35
0.775174 0.455207 2.455498
162 162 162
3 1 765 171.32 2.64 2 793 203.43 -74.22 0 545 161.78 -15.35
0.218736 0.729364 2.080967
119 119 119
3 1 526 -109.96 19.34 2 797 -35.30 -70.87 0 550 -65.29 13.56
0.214804 0.793630 2.104475
117 117 117
4 1 533 -112.68 55.42 2 804 -34.98 -38.57 0 557 -61.59 50.81 3 868 155.99 165.56
0.508081 0.785005 2.622423
62 62 62
3 1 566 60.19 170.77 2 847 112.32 85.88 0 584 74.67 163.85
0.039206 0.972851 2.178241
115 115 115
4 1 564 -206.22 162.87 2 582 -117.00 65.20 0 587 -148.60 177.91 3 606 212.74 54.52
1.438516 -1.773461 3.200049
111 111 111
3 1 604 278.00 -335.91 2 928 246.76 -344.57 0 604 135.23 -327.92
1.322750 -1.977061 3.371157
120 120 120
3 1 611 240.61 -329.91 2 640 209.98 -335.82 0 606 93.63 -319.87
1.369731 -1.811986 3.354848
117 117 117
3 1 624 256.84 -310.89 2 654 227.26 -319.45 0 610 113.46 -301.73
1.227145 -2.039133 3.576022
117 117 117
3 1 628 214.59 -300.35 2 661 185.50 -305.28 0 616 66.60 -289.64
1.334338 -1.792377 3.426599
121 121 121
3 1 636 247.91 -293.96 2 1011 219.35 -303.11 0 617 105.12 -285.75
1.245380 -1.828422 3.630533
111 111 111
3 1 651 223.27 -262.15 2 687 196.37 -270.41 0 625 80.00 -252.64
1.233001 -1.819956 3.646711
53 53 53
3 1 970 220.53 -257.98 2 1062 193.94 -266.36 0 628 77.53 -248.54
1.140531 -0.221070 2.629214
15 15 15
3 1 1053 279.62 -164.37 2 726 277.75 -211.68 0 658 207.38 -175.95
1.147160 -0.200992 2.619463
177 177 177
3 1 703 283.59 -161.26 2 1147 282.09 -210.63 0 660 212.03 -173.93
1.281013 0.004032 2.495608
138 138 138
4 1 711 353.83 -140.81 2 1160 351.61 -200.63 0 674 291.97 -160.78 3 976 -152.34 299.25
1.426935 0.278944 2.323563
211 211 211
3 1 720 453.66 -107.38 2 747 450.57 -185.49 0 682 405.67 -139.92
1.438132 0.339406 2.324497
202 202 202
3 1 729 465.25 -86.95 2 760 462.79 -168.98 0 691 420.46 -122.50
1.279060 0.097850 2.558892
137 137 137
3 1 726 355.57 -96.92 2 762 356.39 -160.85 0 692 298.13 -119.37
1.439321 0.339822 2.340591
119 119 119
3 1 731 463.75 -82.18 2 1207 462.05 -164.30 0 696 418.51 -117.58
1.303388 0.177859 2.555642
134 134 134
4 1 1125 371.88 -74.13 2 1221 372.96 -142.55 0 705 318.26 -99.22 3 1316 -188.74 259.35
1.290938 0.195069 2.590914
126 126 126
3 1 740 365.39 -59.53 2 777 368.27 -128.46 0 714 312.44 -85.10
1.018243 0.903215 2.587287
112 112 112
3 1 821 299.48 204.58 2 850 338.06 99.23 0 817 315.41 166.18
0.527704 0.865277 2.696788
162 162 162
4 1 1293 71.88 217.36 2 1393 123.83 129.95 0 827 88.80 210.26 3 796 -42.02 -16.50
0.754529 0.980454 2.864113
145 145 145
3 1 826 172.77 288.46 2 1405 220.08 195.89 0 829 188.08 270.42
1.514379 -1.535373 3.107961
109 109 109
3 1 898 308.83 -320.11 2 1552 278.92 -333.70 0 848 171.33 -314.24
1.266341 -1.708076 3.635287
108 108 108
3 1 1527 231.30 -243.50 2 1774 205.39 -254.80 0 877 90.38 -235.94
1.126106 -0.230120 2.622524
186 186 186
3 1 1642 273.74 -167.67 2 1143 273.73 -215.21 0 916 201.54 -179.50
1.428058 0.296880 2.313930
117 117 117
3 1 1102 457.42 -104.54 2 1192 453.63 -182.75 0 973 411.06 -138.08
1.427381 0.321243 2.314464
131 131 131
3 1 1107 459.35 -95.75 2 1197 457.60 -176.51 0 978 414.53 -130.64
1.442060 0.374232 2.337606
134 134 134
3 1 1751 469.12 -71.35 2 2096 468.27 -155.77 0 1006 426.11 -108.04
0.734912 0.438798 2.441187
33 33 33
3 1 1168 153.14 -5.70 2 1269 186.20 -80.67 0 1072 144.04 -23.71
0.357043 0.708982 2.474698
135 135 135
3 1 1236 -12.90 111.28 2 1339 43.08 30.12 0 1115 2.74 109.29
0.544359 0.783017 2.628397
184 184 184
3 1 807 76.78 170.52 2 2281 126.72 84.96 0 1135 90.46 162.04
1.476671 -1.547933 3.167620
36 36 36
3 1 1406 297.52 -308.95 2 1586 267.41 -323.24 0 1180 159.62 -303.39
1.218661 -1.716876 3.756229
108 108 108
3 1 1551 218.45 -224.31 2 1863 193.57 -234.52 0 1252 77.68 -215.87
1.098015 -1.872180 3.970139
118 118 118
3 1 1567 186.55 -211.49 2 1923 162.25 -218.58 0 1273 42.41 -200.33
1.017835 -2.029568 4.128208
116 116 116
3 1 1570 166.02 -208.90 2 1945 141.75 -213.10 0 1284 18.50 -195.43
1.449443 0.278287 2.256314
105 105 105
3 1 1692 471.19 -128.45 2 1971 465.44 -206.41 0 1341 423.60 -161.32
0.272143 0.739155 2.417575
21 21 21
2 1 18 -56.49 110.99 2 55 5.98 30.17
0.272143 0.739155 2.417575
21 21 21
2 1 19 -56.49 110.99 2 56 5.98 30.17
1.159317 0.558458 2.918761
152 152 152
2 1 20 315.79 131.80 2 26 336.14 53.41
0.343717 0.575412 2.459884
237 237 237
2 1 36 -18.52 55.49 2 84 32.98 -17.41
0.560441 0.851800 2.811143
7 7 7
2 1 48 87.50 230.91 2 61 135.17 147.13
0.922791 0.531598 2.494135
144 144 144
2 1 65 239.53 37.60 2 82 266.81 -46.35
0.951996 0.536663 2.576033
25 25 25
2 1 67 249.05 58.21 2 83 274.98 -24.65
1.135005 -0.210647 2.605297
178 178 178
2 1 84 279.41 -167.30 2 101 277.55 -215.72
0.347935 0.508701 2.473849
83 83 83
2 1 94 -15.03 34.28 2 137 32.78 -35.29
0.742148 0.659878 2.519203
212 212 212
2 1 98 162.13 94.71 2 141 203.63 9.37
0.743110 0.661238 2.518307
212 212 212
3 1 99 162.13 94.71 2 142 203.63 9.37 3 160 -83.63 120.39
0.286422 -2.663258 4.268358
10 10 10
2 1 115 25.08 -259.44 2 98 -1.19 -253.18
0.862655 0.504423 2.469433
143 143 143
2 1 125 212.00 22.42 2 135 241.65 -58.71
0.324752 0.739603 2.502830
84 84 84
3 1 134 -26.34 130.21 2 146 31.71 49.36 3 153 73.22 46.84
-1.085818 -0.100764 5.462390
32 32 32
2 1 145 -220.72 264.35 2 229 -213.40 268.16
0.466745 -3.609744 4.461061
44 44 44
2 1 150 55.61 -335.80 2 173 21.36 -320.99
1.384603 -1.598641 3.373561
66 66 66
2 1 156 267.42 -275.70 2 174 239.73 -288.60
1.316330 -0.877652 2.902232
176 176 176
2 1 158 292.69 -247.68 2 175 274.36 -275.17
0.347770 -2.596073 4.310034
85 85 85
2 1 159 36.11 -247.05 2 130 11.16 -240.80
0.208269 0.815003 2.113382
112 112 112
3 1 182 -116.30 67.70 2 261 -37.00 -27.35 3 325 155.37 155.38
0.162461 0.865730 2.163336
199 199 199
3 1 188 -136.28 106.85 2 269 -56.44 9.86 3 320 165.96 113.58
0.349725 0.751557 2.539057
33 33 33
3 1 196 -13.43 141.95 2 209 42.55 61.52 3 149 56.93 35.68
1.310316 -2.128537 3.412390
38 38 38
2 1 208 232.44 -342.96 2 306 200.94 -345.43
1.392877 -1.760439 3.273809
40 40 40
2 1 212 265.94 -318.97 2 307 235.87 -328.31
1.059583 -1.843325 4.102479
51 51 51
2 1 218 178.18 -187.03 2 340 154.75 -194.42
0.170864 0.842939 2.132501
184 184 184
2 1 250 -134.95 86.88 2 264 -54.48 -8.49
0.508566 0.722364 2.503105
103 103 103
2 1 259 57.26 120.19 2 402 108.88 35.77
0.060455 0.982825 2.179856
183 183 183
3 1 263 -196.68 167.33 2 283 -106.59 68.63 3 305 198.34 54.44
-0.000988 0.990028 2.184840
114 114 114
3 1 266 -228.10 173.28 2 419 -136.95 76.21 3 423 229.95 38.78
1.061224 0.958492 2.756699
36 36 36
2 1 270 311.16 257.82 2 289 348.68 153.96
-0.664686 0.171048 5.123057
65 65 65
2 1 279 -162.08 292.40 2 303 -149.95 285.75
0.585003 0.968165 2.918401
19 19 19
2 1 280 99.89 293.16 2 298 150.72 207.86
0.585003 0.968165 2.918401
19 19 19
2 1 281 99.89 293.16 2 299 150.72 207.86
1.326228 -1.941294 3.420504
99 99 99
2 1 288 241.27 -316.54 2 312 211.71 -322.13
0.919772 -2.617666 4.043559
7 7 7
2 1 292 138.96 -294.52 2 320 108.70 -290.80
0.919772 -2.617666 4.043559
7 7 7
2 1 293 138.96 -294.52 2 321 108.70 -290.80
1.403700 -1.606388 3.304301
47 47 47
2 1 295 273.63 -290.06 2 314 244.74 -303.09
1.403700 -1.606388 3.304301
47 47 47
2 1 296 273.63 -290.06 2 315 244.74 -303.09
1.308857 -1.819441 3.496743
59 59 59
2 1 297 240.06 -284.93 2 316 211.56 -293.63
1.308857 -1.819441 3.496743
59 59 59
2 1 298 240.06 -284.93 2 317 211.56 -293.63
0.853563 -2.300778 4.292282
39 39 39
2 1 306 130.42 -218.96 2 495 104.35 -219.17
1.014930 -1.908364 4.087235
40 40 40
2 1 312 168.17 -197.85 2 336 144.18 -204.23
1.143257 -0.170694 2.622038
173 173 173
2 1 320 283.93 -152.79 2 338 282.65 -203.03
1.427508 0.293564 2.299419
206 206 206
2 1 325 458.10 -109.71 2 344 455.20 -188.58
0.188623 0.641998 2.077853
196 196 196
2 1 346 -122.31 -18.60 2 787 -51.15 -101.42
1.304463 0.322687 2.628379
142 142 142
2 1 349 377.94 -10.14 2 364 383.82 -85.68
0.227488 0.715947 2.089666
204 204 204
2 1 356 -103.97 15.96 2 554 -30.75 -73.23
0.227814 0.759484 2.105806
185 185 185
2 1 362 -103.96 40.03 2 803 -28.94 -51.87
1.203561 0.354251 2.861941
113 113 113
2 1 366 324.59 53.22 2 380 335.50 -18.70
0.231163 0.855812 2.179909
110 110 110
2 1 376 -99.00 104.40 2 388 -21.22 8.43
0.338298 0.710523 2.484837
32 32 32
2 1 380 -20.87 114.19 2 399 35.19 34.02
0.155391 0.905556 2.165672
146 146 146
2 1 383 -142.77 125.35 2 573 -59.11 27.77
0.085728 0.905114 2.171392
240 240 240
2 1 385 -178.77 127.66 2 396 -93.65 32.72
0.144128 0.925987 2.171712
114 114 114
2 1 388 -149.00 137.00 2 404 -64.31 38.39
0.093173 0.967424 2.176125
191 191 191
3 1 393 -177.67 158.61 2 411 -90.28 60.06 3 439 185.14 67.24
-0.016951 0.972740 2.173738
192 192 192
3 1 396 -236.76 162.23 2 413 -146.37 66.40 3 429 241.55 45.70
0.992804 0.962678 2.657272
131 131 131
2 1 407 286.75 243.84 2 427 328.55 137.65
0.471003 0.913465 2.775038
76 76 76
2 1 408 48.34 250.30 2 432 103.03 165.84
1.002414 0.960665 2.717002
52 52 52
2 1 409 287.56 253.28 2 428 327.65 149.03
1.468512 -1.648708 3.164363
42 42 42
2 1 436 291.16 -325.05 2 462 260.53 -336.47
0.932374 -2.646767 4.023221
75 75 75
2 1 441 140.96 -301.12 2 472 110.24 -297.08
1.394166 -1.614530 3.339305
99 99 99
2 1 447 270.02 -284.65 2 471 241.70 -297.29
0.920068 -2.489684 4.100706
97 97 97
3 1 451 140.62 -270.93 2 480 111.34 -268.59 3 657 95.18 191.83
0.877414 -2.401937 4.220532
50 50 50
2 1 460 133.64 -242.10 2 483 106.29 -241.07
1.273822 -0.977262 3.027203
90 90 90
2 1 461 271.96 -238.58 2 482 253.51 -263.42
1.196046 -1.668983 3.814352
121 121 121
2 1 467 213.71 -207.66 2 497 190.23 -218.33
0.999912 -1.920192 4.166795
47 47 47
2 1 470 164.21 -187.96 2 509 141.00 -193.57
1.140207 -0.228403 2.615290
175 175 175
2 1 473 279.66 -169.59 2 499 277.76 -216.91
1.256322 -0.001602 2.536499
184 184 184
2 1 482 341.06 -131.06 2 514 340.04 -190.13
1.273476 0.049130 2.539404
160 160 160
3 1 488 351.29 -115.95 2 517 350.92 -177.80 3 701 -157.86 279.28
1.435661 0.372050 2.349739
205 205 205
2 1 501 464.87 -68.39 2 525 463.80 -152.37
0.754877 0.432748 2.448398
150 150 150
2 1 519 161.73 -6.78 2 553 193.59 -81.67
0.572006 0.512909 2.507966
35 35 35
2 1 531 83.77 40.27 2 377 123.90 -34.34
1.227459 0.351518 2.840494
142 142 142
2 1 532 334.71 47.49 2 561 344.90 -24.94
0.499594 0.759655 2.484996
199 199 199
2 1 555 52.97 131.59 2 577 106.86 44.56
-0.027622 0.978678 2.184557
85 85 85
2 1 565 -241.06 168.10 2 588 -150.28 72.40
0.014824 0.992135 2.190744
115 115 115
2 1 569 -219.04 175.63 2 591 -128.23 78.00
0.976404 1.004231 2.814928
75 75 75
2 1 582 272.28 287.68 2 434 314.78 185.98
0.744490 0.983468 2.888382
62 62 62
2 1 584 167.87 293.23 2 438 215.87 201.77
1.277147 -2.088979 3.409640
104 104 104
2 1 603 226.45 -337.70 2 636 195.52 -340.90
1.399934 -1.817142 3.242713
56 56 56
2 1 607 266.33 -333.22 2 635 235.30 -341.44
1.552926 -1.484269 3.034313
46 46 46
2 1 616 323.87 -327.63 2 631 292.46 -342.64
1.452854 -1.612718 3.171081
92 92 92
2 1 619 288.80 -317.89 2 647 258.46 -330.37
1.126212 -2.225162 3.728616
88 88 88
2 1 631 187.44 -298.09 2 669 157.94 -299.84
0.855045 -2.760460 4.129768
34 34 34
2 1 632 125.58 -297.28 2 672 94.20 -292.37
1.033855 -2.377527 3.878540
47 47 47
2 1 639 165.00 -292.08 2 1031 135.38 -291.69
1.212121 -1.905319 3.615205
43 43 43
2 1 644 214.18 -275.27 2 678 186.81 -282.00
0.744130 -2.802497 4.366027
76 76 76
2 1 648 105.78 -267.60 2 692 75.73 -261.87
0.685594 -2.916147 4.460676
73 73 73
2 1 650 95.21 -266.84 2 695 64.67 -259.91
1.198999 -1.834329 3.721545
109 109 109
2 1 662 211.58 -247.12 2 1082 185.74 -255.02
1.280251 -1.616030 3.559487
110 110 110
2 1 664 238.34 -243.44 2 697 213.15 -255.54
1.247559 -1.722173 3.658123
55 55 55
2 1 667 226.06 -242.07 2 1087 200.73 -251.99
0.642884 -2.726990 4.677469
74 74 74
2 1 680 90.27 -217.00 2 725 62.19 -211.86
1.176413 -1.771746 3.855587
127 127 127
2 1 683 206.61 -215.85 2 490 181.93 -225.06
0.978169 -2.049766 4.224387
90 90 90
2 1 689 157.66 -197.15 2 733 133.17 -201.06
1.142861 -0.231802 2.589976
32 32 32
2 1 697 281.53 -176.96 2 1897 279.31 -224.27
1.034269 -1.793934 4.132791
51 51 51
2 1 700 174.05 -174.90 2 749 150.78 -183.48
0.874679 0.404174 2.291211
94 94 94
2 1 738 218.00 -62.37 2 532 245.63 -140.06
1.286741 0.176916 2.612689
187 187 187
2 1 741 360.68 -59.71 2 778 363.57 -127.34
0.013105 0.513914 2.121571
207 207 207
2 1 744 -196.63 -52.06 2 782 -129.72 -121.59
1.298678 0.240051 2.614451
132 132 132
2 1 754 370.06 -39.94 2 784 374.18 -110.96
0.525680 0.707683 2.499322
49 49 49
2 1 793 65.23 113.47 2 821 115.02 28.76
0.438431 0.717375 2.477975
42 42 42
2 1 794 24.42 113.79 2 822 78.33 30.53
0.520310 0.789685 2.625328
183 183 183
3 1 810 66.16 172.87 2 1376 117.19 87.87 3 810 -22.91 23.96
0.594026 0.824139 2.659414
139 139 139
2 1 818 99.28 191.87 2 1385 149.91 104.98
-1.339170 0.181154 5.403123
109 109 109
2 1 829 -278.74 313.37 2 885 -268.86 318.36
-1.388175 0.211561 5.319037
111 111 111
2 1 830 -294.78 313.49 2 888 -283.67 319.00
-1.388175 0.211561 5.319037
111 111 111
2 1 831 -294.78 313.49 2 889 -283.67 319.00
1.127516 -2.467837 3.594819
98 98 98
2 1 850 183.74 -350.88 2 921 151.46 -348.57
1.250755 -2.179036 3.434815
48 48 48
2 1 859 218.05 -344.41 2 926 186.31 -346.47
1.240059 -2.210559 3.459391
99 99 99
2 1 860 214.27 -344.25 2 927 183.15 -345.19
1.301148 -2.027121 3.353333
37 37 37
2 1 869 234.60 -339.99 2 929 203.42 -344.39
1.254110 -2.120806 3.525676
102 102 102
2 1 897 219.03 -320.67 2 971 188.30 -323.98
1.357799 -1.856554 3.358798
45 45 45
2 1 900 252.68 -316.12 2 970 222.46 -323.90
1.305724 -1.990969 3.471533
33 33 33
2 1 906 234.54 -313.66 2 982 204.55 -318.88
1.466714 -1.526259 3.179304
100 100 100
2 1 914 295.29 -303.37 2 985 266.29 -317.30
1.133662 -2.206619 3.685799
38 38 38
2 1 917 189.97 -302.67 2 1007 159.95 -305.06
1.473535 -1.485119 3.180614
40 40 40
2 1 926 298.61 -296.81 2 993 270.14 -311.53
0.999509 -2.472388 3.931897
37 37 37
2 1 932 156.42 -295.11 2 1029 126.57 -293.24
1.373378 -1.607260 3.347957
31 31 31
2 1 941 264.92 -281.82 2 1024 237.47 -294.14
1.427236 -1.502715 3.300008
131 131 131
2 1 951 283.14 -275.34 2 1034 255.56 -290.17
1.268687 -1.790380 3.526367
50 50 50
2 1 953 231.22 -275.06 2 1046 203.98 -283.90
1.335137 -1.640484 3.454841
112 112 112
2 1 959 252.50 -266.44 2 1702 225.49 -278.44
1.314836 -1.652997 3.512602
108 108 108
2 1 971 246.22 -257.65 2 1059 219.59 -269.46
1.153561 -1.934487 3.778471
113 113 113
2 1 977 198.96 -251.19 2 1081 172.37 -257.65
1.190053 -0.982288 3.181741
166 166 166
2 1 1007 244.42 -206.34 2 1874 228.27 -230.53
0.969873 -2.003278 4.327789
104 104 104
2 1 1040 156.48 -176.11 2 1196 132.45 -180.89
1.276735 -0.044060 2.504376
138 138 138
2 1 1062 347.88 -151.90 2 1961 344.90 -209.28
1.453231 0.266587 2.257219
165 165 165
2 1 1079 471.34 -131.75 2 1959 465.46 -209.72
1.440163 0.316249 2.311108
112 112 112
2 1 1105 464.92 -98.82 2 2057 461.96 -179.36
1.277429 0.171268 2.599052
102 102 102
2 1 1132 357.43 -64.76 2 2122 360.81 -131.86
1.442925 0.416323 2.337697
213 213 213
2 1 1138 474.35 -56.55 2 1220 474.35 -143.50
0.032007 0.557249 2.124219
179 179 179
2 1 1150 -190.06 -34.98 2 1250 -121.35 -107.41
0.731070 0.419671 2.460651
145 145 145
2 1 1167 150.62 -7.92 2 2158 183.03 -81.15
0.748161 0.443846 2.461839
138 138 138
2 1 1174 159.01 0.73 2 1272 191.32 -74.46
0.735497 0.451396 2.471795
215 215 215
2 1 1176 153.52 6.10 2 1274 186.62 -68.95
1.401763 0.499705 2.490427
155 155 155
2 1 1182 447.65 15.05 2 1271 453.50 -74.64
0.212553 0.720256 2.080758
207 207 207
2 1 1184 -113.04 15.31 2 1273 -38.32 -73.68
0.745499 0.479945 2.519421
154 154 154
2 1 1189 158.00 27.59 2 1284 191.76 -47.90
0.745499 0.479945 2.519421
154 154 154
2 1 1190 158.00 27.59 2 1285 191.76 -47.90
0.030909 0.809362 2.105532
162 162 162
2 1 1202 -209.70 66.48 2 1299 -126.44 -23.17
0.070954 0.920996 2.159420
178 178 178
2 1 1251 -189.03 132.50 2 1344 -102.22 36.26
0.060071 0.931063 2.165565
214 214 214
2 1 1257 -194.49 139.16 2 2248 -107.32 42.69
-1.548944 0.230675 5.331661
68 68 68
2 1 1326 -324.23 318.27 2 1455 -314.71 325.00
-1.451614 0.239624 5.358933
97 97 97
2 1 1328 -304.66 321.64 2 1458 -294.18 327.73
-1.424064 0.283596 5.456518
110 110 110
2 1 1336 -294.26 336.22 2 1471 -283.66 342.45
1.245254 -2.137881 3.500222
85 85 85
2 1 1374 216.83 -327.50 2 1566 186.34 -330.00
1.570390 -1.440471 3.026185
109 109 109
2 1 1386 330.44 -322.98 2 1539 299.90 -338.38
1.219220 -2.149955 3.560872
39 39 39
2 1 1391 210.45 -317.81 2 978 179.81 -320.80
1.484572 -1.592675 3.159624
126 126 126
2 1 1394 297.57 -317.74 2 957 267.25 -330.40
1.484572 -1.592675 3.159624
126 126 126
2 1 1395 297.57 -317.74 2 958 267.25 -330.40
0.805970 -2.975785 4.153249
66 66 66
2 1 1397 114.33 -317.50 2 1617 82.02 -309.53
1.473796 -1.537679 3.159277
36 36 36
2 1 1407 297.52 -308.95 2 1587 267.41 -323.24
1.365174 -1.802579 3.391661
52 52 52
2 1 1420 255.55 -302.30 2 1611 225.79 -311.40
1.480231 -1.490016 3.170586
104 104 104
2 1 1428 300.60 -299.49 2 1601 271.44 -314.50
1.480231 -1.490016 3.170586
104 104 104
2 1 1429 300.60 -299.49 2 1602 271.44 -314.50
1.009885 -2.415676 3.910813
82 82 82
2 1 1443 159.58 -291.40 2 1674 129.79 -290.59
0.832781 -2.603419 4.321618
36 36 36
2 1 1508 123.28 -251.69 2 1819 94.35 -248.44
1.033701 -2.153122 3.973742
43 43 43
2 1 1516 168.29 -248.55 2 1797 141.32 -251.35
0.997507 -2.113834 3.937304
45 45 45
2 1 1518 161.88 -248.54 2 1799 135.62 -251.60
0.914539 -2.330432 4.133634
91 91 91
2 1 1523 141.65 -246.14 2 1095 114.52 -246.05
1.030796 -2.136381 3.978595
91 91 91
2 1 1524 167.92 -245.61 2 1817 141.28 -248.53
1.094814 -1.961656 3.889879
96 96 96
2 1 1536 184.95 -236.41 2 1838 159.11 -242.25
1.259258 -1.617496 3.666514
59 59 59
2 1 1548 231.44 -225.07 2 1855 207.23 -236.92
1.026710 -1.978200 4.077341
60 60 60
2 1 1569 169.17 -209.37 2 1940 144.73 -214.41
1.357876 -0.001697 2.323064
123 123 123
2 1 1602 396.57 -192.92 2 1786 390.23 -253.29
1.031263 -1.897454 4.148859
98 98 98
2 1 1617 171.29 -187.44 2 2020 147.34 -194.15
1.207611 -0.025990 2.637602
69 69 69
2 1 1717 315.18 -111.14 2 2080 315.55 -168.13
1.217534 0.026247 2.664249
136 136 136
2 1 1742 320.82 -90.00 2 2106 321.98 -149.49
1.440907 0.390020 2.351818
221 221 221
2 1 1759 468.86 -61.71 2 2109 468.22 -146.82
1.444307 0.422379 2.347266
136 136 136
2 1 1766 474.67 -51.60 2 2114 474.51 -139.10
0.735396 0.435687 2.424952
119 119 119
2 1 1809 153.53 -11.38 2 2156 186.46 -86.52
0.735396 0.435687 2.424952
119 119 119
2 1 1810 153.53 -11.38 2 2157 186.46 -86.52
0.237243 0.851010 2.169990
164 164 164
2 1 1867 -96.48 99.50 2 1318 -18.91 3.15
0.167291 0.970705 2.240201
146 146 146
2 1 1901 -131.21 175.05 2 2274 -47.55 75.64
0.051738 1.021625 2.241434
180 180 180
3 1 1909 -194.19 201.77 2 1383 -105.15 102.92 3 806 190.71 16.02
-1.457025 0.157159 5.365611
101 101 101
2 1 1943 -302.49 306.24 2 2381 -293.11 312.64
